-------------------------------------------------------------------------------
Test set: com.rickhanberryfinal.webservices.BakeryCategoryWebService_ESTest
-------------------------------------------------------------------------------
Tests run: 7, Failures: 0, Errors: 1, Skipped: 0, Time elapsed: 0.005 sec <<< FAILURE! - in com.rickhanberryfinal.webservices.BakeryCategoryWebService_ESTest
test2(com.rickhanberryfinal.webservices.BakeryCategoryWebService_ESTest)  Time elapsed: 0 sec  <<< ERROR!
java.lang.NoClassDefFoundError: org/springframework/http/HttpStatus
	at java.lang.ClassLoader.defineClass1(Native Method)
	at java.lang.ClassLoader.defineClass(ClassLoader.java:760)
	at java.lang.ClassLoader.defineClass(ClassLoader.java:642)
	at org.evosuite.runtime.instrumentation.EvoClassLoader.instrumentClass(EvoClassLoader.java:116)
	at org.evosuite.runtime.instrumentation.EvoClassLoader.loadClass(EvoClassLoader.java:92)
	at org.springframework.http.ResponseEntity.badRequest(ResponseEntity.java:239)
	at com.rickhanberryfinal.webservices.BakeryCategoryWebService.createBakeryCategory(BakeryCategoryWebService.java:39)
	at com.rickhanberryfinal.webservices.BakeryCategoryWebService_ESTest.test2(BakeryCategoryWebService_ESTest.java:64)

