<?xml version="1.0" encoding="UTF-8"?>
<testsuite name="com.rickhanberryfinal.webservices.BakedGoodWebServiceIntegrationTest" time="0.001" tests="8" errors="8" skipped="0" failures="0">
  <properties>
[...]
</properties>
  <testcase name="getNonExistingBakedGood" classname="com.rickhanberryfinal.webservices.BakedGoodWebServiceIntegrationTest" time="0">
    <error message="Failed to load ApplicationContext" type="java.lang.IllegalStateException"><![CDATA[java.lang.IllegalStateException: Failed to load ApplicationContext
	at org.springframework.test.context.cache.DefaultCacheAwareContextLoaderDelegate.loadContext(DefaultCacheAwareContextLoaderDelegate.java:124)
	at org.springframework.test.context.support.DefaultTestContext.getApplicationContext(DefaultTestContext.java:83)
	at org.springframework.test.context.support.DependencyInjectionTestExecutionListener.injectDependencies(DependencyInjectionTestExecutionListener.java:117)
	at org.springframework.test.context.support.DependencyInjectionTestExecutionListener.prepareTestInstance(DependencyInjectionTestExecutionListener.java:83)
	at org.springframework.test.context.TestContextManager.prepareTestInstance(TestContextManager.java:228)
	at org.springframework.test.context.junit4.SpringJUnit4ClassRunner.createTest(SpringJUnit4ClassRunner.java:230)
	at org.springframework.test.context.junit4.SpringJUnit4ClassRunner$1.runReflectiveCall(SpringJUnit4ClassRunner.java:289)
	at org.junit.internal.runners.model.ReflectiveCallable.run(ReflectiveCallable.java:12)
	at org.springframework.test.context.junit4.SpringJUnit4ClassRunner.methodBlock(SpringJUnit4ClassRunner.java:291)
	at org.springframework.test.context.junit4.SpringJUnit4ClassRunner.runChild(SpringJUnit4ClassRunner.java:249)
	at org.springframework.test.context.junit4.SpringJUnit4ClassRunner.runChild(SpringJUnit4ClassRunner.java:89)
	at org.junit.runners.ParentRunner$3.run(ParentRunner.java:290)
	at org.junit.runners.ParentRunner$1.schedule(ParentRunner.java:71)
	at org.junit.runners.ParentRunner.runChildren(ParentRunner.java:288)
	at org.junit.runners.ParentRunner.access$000(ParentRunner.java:58)
	at org.junit.runners.ParentRunner$2.evaluate(ParentRunner.java:268)
	at org.springframework.test.context.junit4.statements.RunBeforeTestClassCallbacks.evaluate(RunBeforeTestClassCallbacks.java:61)
	at org.springframework.test.context.junit4.statements.RunAfterTestClassCallbacks.evaluate(RunAfterTestClassCallbacks.java:70)
	at org.junit.runners.ParentRunner.run(ParentRunner.java:363)
	at org.springframework.test.context.junit4.SpringJUnit4ClassRunner.run(SpringJUnit4ClassRunner.java:193)
	at org.apache.maven.surefire.junit4.JUnit4Provider.execute(JUnit4Provider.java:264)
	at org.apache.maven.surefire.junit4.JUnit4Provider.executeTestSet(JUnit4Provider.java:153)
	at org.apache.maven.surefire.junit4.JUnit4Provider.invoke(JUnit4Provider.java:124)
	at org.apache.maven.surefire.booter.ForkedBooter.invokeProviderInSameClassLoader(ForkedBooter.java:200)
	at org.apache.maven.surefire.booter.ForkedBooter.runSuitesInProcess(ForkedBooter.java:153)
	at org.apache.maven.surefire.booter.ForkedBooter.main(ForkedBooter.java:103)
Caused by: java.lang.IllegalArgumentException: Cannot instantiate interface org.springframework.context.ApplicationContextInitializer : org.springframework.boot.context.ConfigurationWarningsApplicationContextInitializer
	at org.springframework.boot.SpringApplication.createSpringFactoriesInstances(SpringApplication.java:414)
	at org.springframework.boot.SpringApplication.getSpringFactoriesInstances(SpringApplication.java:394)
	at org.springframework.boot.SpringApplication.getSpringFactoriesInstances(SpringApplication.java:385)
	at org.springframework.boot.SpringApplication.initialize(SpringApplication.java:261)
	at org.springframework.boot.SpringApplication.<init>(SpringApplication.java:237)
	at org.springframework.boot.test.SpringApplicationContextLoader.getSpringApplication(SpringApplicationContextLoader.java:119)
	at org.springframework.boot.test.SpringApplicationContextLoader.loadContext(SpringApplicationContextLoader.java:79)
	at org.springframework.test.context.cache.DefaultCacheAwareContextLoaderDelegate.loadContextInternal(DefaultCacheAwareContextLoaderDelegate.java:98)
	at org.springframework.test.context.cache.DefaultCacheAwareContextLoaderDelegate.loadContext(DefaultCacheAwareContextLoaderDelegate.java:116)
	at org.springframework.test.context.support.DefaultTestContext.getApplicationContext(DefaultTestContext.java:83)
	at org.springframework.test.context.support.DependencyInjectionTestExecutionListener.injectDependencies(DependencyInjectionTestExecutionListener.java:117)
	at org.springframework.test.context.support.DependencyInjectionTestExecutionListener.prepareTestInstance(DependencyInjectionTestExecutionListener.java:83)
	at org.springframework.test.context.TestContextManager.prepareTestInstance(TestContextManager.java:228)
	at org.springframework.test.context.junit4.SpringJUnit4ClassRunner.createTest(SpringJUnit4ClassRunner.java:230)
	at org.springframework.test.context.junit4.SpringJUnit4ClassRunner$1.runReflectiveCall(SpringJUnit4ClassRunner.java:289)
	at org.junit.internal.runners.model.ReflectiveCallable.run(ReflectiveCallable.java:12)
	at org.springframework.test.context.junit4.SpringJUnit4ClassRunner.methodBlock(SpringJUnit4ClassRunner.java:291)
	at org.springframework.test.context.junit4.SpringJUnit4ClassRunner.runChild(SpringJUnit4ClassRunner.java:249)
	at org.springframework.test.context.junit4.SpringJUnit4ClassRunner.runChild(SpringJUnit4ClassRunner.java:89)
	at org.junit.runners.ParentRunner$3.run(ParentRunner.java:290)
	at org.junit.runners.ParentRunner$1.schedule(ParentRunner.java:71)
	at org.junit.runners.ParentRunner.runChildren(ParentRunner.java:288)
	at org.junit.runners.ParentRunner.access$000(ParentRunner.java:58)
	at org.junit.runners.ParentRunner$2.evaluate(ParentRunner.java:268)
	at org.springframework.test.context.junit4.statements.RunBeforeTestClassCallbacks.evaluate(RunBeforeTestClassCallbacks.java:61)
	at org.springframework.test.context.junit4.statements.RunAfterTestClassCallbacks.evaluate(RunAfterTestClassCallbacks.java:70)
	at org.junit.runners.ParentRunner.run(ParentRunner.java:363)
	at org.springframework.test.context.junit4.SpringJUnit4ClassRunner.run(SpringJUnit4ClassRunner.java:193)
	at org.apache.maven.surefire.junit4.JUnit4Provider.execute(JUnit4Provider.java:264)
	at org.apache.maven.surefire.junit4.JUnit4Provider.executeTestSet(JUnit4Provider.java:153)
	at org.apache.maven.surefire.junit4.JUnit4Provider.invoke(JUnit4Provider.java:124)
	at org.apache.maven.surefire.booter.ForkedBooter.invokeProviderInSameClassLoader(ForkedBooter.java:200)
	at org.apache.maven.surefire.booter.ForkedBooter.runSuitesInProcess(ForkedBooter.java:153)
	at org.apache.maven.surefire.booter.ForkedBooter.main(ForkedBooter.java:103)
Caused by: java.lang.IllegalArgumentException: class org.springframework.boot.context.ConfigurationWarningsApplicationContextInitializer is not assignable to interface org.springframework.context.ApplicationContextInitializer
	at org.springframework.util.Assert.isAssignable(Assert.java:376)
	at org.springframework.util.Assert.isAssignable(Assert.java:359)
	at org.springframework.boot.SpringApplication.createSpringFactoriesInstances(SpringApplication.java:408)
	at org.springframework.boot.SpringApplication.getSpringFactoriesInstances(SpringApplication.java:394)
	at org.springframework.boot.SpringApplication.getSpringFactoriesInstances(SpringApplication.java:385)
	at org.springframework.boot.SpringApplication.initialize(SpringApplication.java:261)
	at org.springframework.boot.SpringApplication.<init>(SpringApplication.java:237)
	at org.springframework.boot.test.SpringApplicationContextLoader.getSpringApplication(SpringApplicationContextLoader.java:119)
	at org.springframework.boot.test.SpringApplicationContextLoader.loadContext(SpringApplicationContextLoader.java:79)
	at org.springframework.test.context.cache.DefaultCacheAwareContextLoaderDelegate.loadContextInternal(DefaultCacheAwareContextLoaderDelegate.java:98)
	at org.springframework.test.context.cache.DefaultCacheAwareContextLoaderDelegate.loadContext(DefaultCacheAwareContextLoaderDelegate.java:116)
	at org.springframework.test.context.support.DefaultTestContext.getApplicationContext(DefaultTestContext.java:83)
	at org.springframework.test.context.support.DependencyInjectionTestExecutionListener.injectDependencies(DependencyInjectionTestExecutionListener.java:117)
	at org.springframework.test.context.support.DependencyInjectionTestExecutionListener.prepareTestInstance(DependencyInjectionTestExecutionListener.java:83)
	at org.springframework.test.context.TestContextManager.prepareTestInstance(TestContextManager.java:228)
	at org.springframework.test.context.junit4.SpringJUnit4ClassRunner.createTest(SpringJUnit4ClassRunner.java:230)
	at org.springframework.test.context.junit4.SpringJUnit4ClassRunner$1.runReflectiveCall(SpringJUnit4ClassRunner.java:289)
	at org.junit.internal.runners.model.ReflectiveCallable.run(ReflectiveCallable.java:12)
	at org.springframework.test.context.junit4.SpringJUnit4ClassRunner.methodBlock(SpringJUnit4ClassRunner.java:291)
	at org.springframework.test.context.junit4.SpringJUnit4ClassRunner.runChild(SpringJUnit4ClassRunner.java:249)
	at org.springframework.test.context.junit4.SpringJUnit4ClassRunner.runChild(SpringJUnit4ClassRunner.java:89)
	at org.junit.runners.ParentRunner$3.run(ParentRunner.java:290)
	at org.junit.runners.ParentRunner$1.schedule(ParentRunner.java:71)
	at org.junit.runners.ParentRunner.runChildren(ParentRunner.java:288)
	at org.junit.runners.ParentRunner.access$000(ParentRunner.java:58)
	at org.junit.runners.ParentRunner$2.evaluate(ParentRunner.java:268)
	at org.springframework.test.context.junit4.statements.RunBeforeTestClassCallbacks.evaluate(RunBeforeTestClassCallbacks.java:61)
	at org.springframework.test.context.junit4.statements.RunAfterTestClassCallbacks.evaluate(RunAfterTestClassCallbacks.java:70)
	at org.junit.runners.ParentRunner.run(ParentRunner.java:363)
	at org.springframework.test.context.junit4.SpringJUnit4ClassRunner.run(SpringJUnit4ClassRunner.java:193)
	at org.apache.maven.surefire.junit4.JUnit4Provider.execute(JUnit4Provider.java:264)
	at org.apache.maven.surefire.junit4.JUnit4Provider.executeTestSet(JUnit4Provider.java:153)
	at org.apache.maven.surefire.junit4.JUnit4Provider.invoke(JUnit4Provider.java:124)
	at org.apache.maven.surefire.booter.ForkedBooter.invokeProviderInSameClassLoader(ForkedBooter.java:200)
	at org.apache.maven.surefire.booter.ForkedBooter.runSuitesInProcess(ForkedBooter.java:153)
	at org.apache.maven.surefire.booter.ForkedBooter.main(ForkedBooter.java:103)
]]></error>
    <system-out><![CDATA[23:36:16.597 [main] DEBUG o.s.t.c.j.SpringJUnit4ClassRunner - SpringJUnit4ClassRunner constructor called with [class com.rickhanberryfinal.webservices.BakedGoodWebServiceIntegrationTest]
23:36:16.597 [main] DEBUG o.s.test.context.BootstrapUtils - Instantiating CacheAwareContextLoaderDelegate from class [org.springframework.test.context.cache.DefaultCacheAwareContextLoaderDelegate]
23:36:16.597 [main] DEBUG o.s.test.context.BootstrapUtils - Instantiating BootstrapContext using constructor [public org.springframework.test.context.support.DefaultBootstrapContext(java.lang.Class,org.springframework.test.context.CacheAwareContextLoaderDelegate)]
23:36:16.598 [main] DEBUG o.s.test.context.BootstrapUtils - Instantiating TestContextBootstrapper for test class [com.rickhanberryfinal.webservices.BakedGoodWebServiceIntegrationTest] from class [org.springframework.test.context.web.WebTestContextBootstrapper]
23:36:16.600 [main] DEBUG o.s.t.c.w.WebTestContextBootstrapper - Found explicit ContextLoader class [org.springframework.boot.test.SpringApplicationContextLoader] for context configuration attributes [ContextConfigurationAttributes@7451338e declaringClass = 'com.rickhanberryfinal.webservices.BakedGoodWebServiceIntegrationTest', classes = '{class com.rickhanberryfinal.HanberryFinalProjectApplication}', locations = '{}', inheritLocations = true, initializers = '{}', inheritInitializers = true, name = [null], contextLoaderClass = 'org.springframework.boot.test.SpringApplicationContextLoader']
23:36:16.600 [main] DEBUG o.s.t.c.s.AbstractContextLoader - Did not detect default resource location for test class [com.rickhanberryfinal.webservices.BakedGoodWebServiceIntegrationTest]: class path resource [com/rickhanberryfinal/webservices/BakedGoodWebServiceIntegrationTest-context.xml] does not exist
23:36:16.600 [main] DEBUG o.s.t.c.s.AbstractContextLoader - Did not detect default resource location for test class [com.rickhanberryfinal.webservices.BakedGoodWebServiceIntegrationTest]: class path resource [com/rickhanberryfinal/webservices/BakedGoodWebServiceIntegrationTestContext.groovy] does not exist
23:36:16.600 [main] INFO  o.s.t.c.s.AbstractContextLoader - Could not detect default resource locations for test class [com.rickhanberryfinal.webservices.BakedGoodWebServiceIntegrationTest]: no resource found for suffixes {-context.xml, Context.groovy}.
23:36:16.601 [main] DEBUG o.s.t.c.support.ActiveProfilesUtils - Could not find an 'annotation declaring class' for annotation type [org.springframework.test.context.ActiveProfiles] and class [com.rickhanberryfinal.webservices.BakedGoodWebServiceIntegrationTest]
23:36:16.601 [main] INFO  o.s.t.c.w.WebTestContextBootstrapper - Using TestExecutionListeners: [org.springframework.boot.test.IntegrationTestPropertiesListener@654e793f, org.springframework.test.context.support.DirtiesContextBeforeModesTestExecutionListener@29e9d47b, org.springframework.test.context.support.DependencyInjectionTestExecutionListener@39ee039d, org.springframework.test.context.support.DirtiesContextTestExecutionListener@705606ac, org.springframework.test.context.transaction.TransactionalTestExecutionListener@66c70e18, org.springframework.test.context.jdbc.SqlScriptsTestExecutionListener@1ea44b7]
23:36:16.602 [main] DEBUG o.s.t.annotation.ProfileValueUtils - Retrieved @ProfileValueSourceConfiguration [null] for test class [com.rickhanberryfinal.webservices.BakedGoodWebServiceIntegrationTest]
23:36:16.602 [main] DEBUG o.s.t.annotation.ProfileValueUtils - Retrieved ProfileValueSource type [class org.springframework.test.annotation.SystemProfileValueSource] for class [com.rickhanberryfinal.webservices.BakedGoodWebServiceIntegrationTest]
23:36:16.602 [main] DEBUG o.s.t.annotation.ProfileValueUtils - Retrieved @ProfileValueSourceConfiguration [null] for test class [com.rickhanberryfinal.webservices.BakedGoodWebServiceIntegrationTest]
23:36:16.602 [main] DEBUG o.s.t.annotation.ProfileValueUtils - Retrieved ProfileValueSource type [class org.springframework.test.annotation.SystemProfileValueSource] for class [com.rickhanberryfinal.webservices.BakedGoodWebServiceIntegrationTest]
23:36:16.602 [main] DEBUG o.s.t.c.s.AbstractDirtiesContextTestExecutionListener - Before test class: context [DefaultTestContext@75f5293c testClass = BakedGoodWebServiceIntegrationTest, testInstance = [null], testMethod = [null], testException = [null], mergedContextConfiguration = [WebMergedContextConfiguration@47fb038d testClass = BakedGoodWebServiceIntegrationTest, locations = '{}', classes = '{class com.rickhanberryfinal.HanberryFinalProjectApplication}', contextInitializerClasses = '[]', activeProfiles = '{}', propertySourceLocations = '{}', propertySourceProperties = '{}', resourceBasePath = 'src/main/webapp', contextLoader = 'org.springframework.boot.test.SpringApplicationContextLoader', parent = [null]]], class annotated with @DirtiesContext [false] with mode [null].
23:36:16.603 [main] DEBUG o.s.t.annotation.ProfileValueUtils - Retrieved @ProfileValueSourceConfiguration [null] for test class [com.rickhanberryfinal.webservices.BakedGoodWebServiceIntegrationTest]
23:36:16.603 [main] DEBUG o.s.t.annotation.ProfileValueUtils - Retrieved ProfileValueSource type [class org.springframework.test.annotation.SystemProfileValueSource] for class [com.rickhanberryfinal.webservices.BakedGoodWebServiceIntegrationTest]
23:36:16.603 [main] DEBUG o.s.test.util.ReflectionTestUtils - Getting field 'mergedContextConfiguration' from target object [[DefaultTestContext@75f5293c testClass = BakedGoodWebServiceIntegrationTest, testInstance = com.rickhanberryfinal.webservices.BakedGoodWebServiceIntegrationTest@7b9e4a2a, testMethod = [null], testException = [null], mergedContextConfiguration = [WebMergedContextConfiguration@47fb038d testClass = BakedGoodWebServiceIntegrationTest, locations = '{}', classes = '{class com.rickhanberryfinal.HanberryFinalProjectApplication}', contextInitializerClasses = '[]', activeProfiles = '{}', propertySourceLocations = '{}', propertySourceProperties = '{}', resourceBasePath = 'src/main/webapp', contextLoader = 'org.springframework.boot.test.SpringApplicationContextLoader', parent = [null]]]] or target class [class org.springframework.test.context.support.DefaultTestContext]
23:36:16.603 [main] DEBUG o.s.test.util.ReflectionTestUtils - Setting field 'propertySourceProperties' of type [null] on target object [[WebMergedContextConfiguration@47fb038d testClass = BakedGoodWebServiceIntegrationTest, locations = '{}', classes = '{class com.rickhanberryfinal.HanberryFinalProjectApplication}', contextInitializerClasses = '[]', activeProfiles = '{}', propertySourceLocations = '{}', propertySourceProperties = '{}', resourceBasePath = 'src/main/webapp', contextLoader = 'org.springframework.boot.test.SpringApplicationContextLoader', parent = [null]]] or target class [class org.springframework.test.context.web.WebMergedContextConfiguration] to value [[Ljava.lang.String;@25b8a2f7]
23:36:16.603 [main] DEBUG o.s.t.c.s.DependencyInjectionTestExecutionListener - Performing dependency injection for test context [[DefaultTestContext@75f5293c testClass = BakedGoodWebServiceIntegrationTest, testInstance = com.rickhanberryfinal.webservices.BakedGoodWebServiceIntegrationTest@7b9e4a2a, testMethod = [null], testException = [null], mergedContextConfiguration = [WebMergedContextConfiguration@47fb038d testClass = BakedGoodWebServiceIntegrationTest, locations = '{}', classes = '{class com.rickhanberryfinal.HanberryFinalProjectApplication}', contextInitializerClasses = '[]', activeProfiles = '{}', propertySourceLocations = '{}', propertySourceProperties = '{org.springframework.boot.test.IntegrationTest=true}', resourceBasePath = 'src/main/webapp', contextLoader = 'org.springframework.boot.test.SpringApplicationContextLoader', parent = [null]]]].
23:36:16.603 [main] INFO  o.e.r.instrumentation.EvoClassLoader - Seeing class for first time: org.springframework.web.context.ConfigurableWebApplicationContext
23:36:16.603 [main] INFO  o.e.r.instrumentation.EvoClassLoader - Instrumenting class 'org.springframework.web.context.ConfigurableWebApplicationContext'.
23:36:16.604 [main] INFO  o.e.r.instrumentation.EvoClassLoader - Seeing class for first time: org.springframework.web.context.WebApplicationContext
23:36:16.604 [main] INFO  o.e.r.instrumentation.EvoClassLoader - Instrumenting class 'org.springframework.web.context.WebApplicationContext'.
23:36:16.604 [main] INFO  o.e.r.instrumentation.EvoClassLoader - Seeing class for first time: org.springframework.context.ApplicationContext
23:36:16.604 [main] INFO  o.e.r.instrumentation.EvoClassLoader - Instrumenting class 'org.springframework.context.ApplicationContext'.
23:36:16.604 [main] INFO  o.e.r.instrumentation.EvoClassLoader - Seeing class for first time: org.springframework.core.env.EnvironmentCapable
23:36:16.604 [main] INFO  o.e.r.instrumentation.EvoClassLoader - Instrumenting class 'org.springframework.core.env.EnvironmentCapable'.
23:36:16.605 [main] INFO  o.e.r.instrumentation.EvoClassLoader - Keeping class: org.springframework.core.env.EnvironmentCapable
23:36:16.605 [main] INFO  o.e.r.instrumentation.EvoClassLoader - Seeing class for first time: org.springframework.beans.factory.ListableBeanFactory
23:36:16.605 [main] INFO  o.e.r.instrumentation.EvoClassLoader - Instrumenting class 'org.springframework.beans.factory.ListableBeanFactory'.
23:36:16.605 [main] INFO  o.e.r.instrumentation.EvoClassLoader - Seeing class for first time: org.springframework.beans.factory.BeanFactory
23:36:16.605 [main] INFO  o.e.r.instrumentation.EvoClassLoader - Instrumenting class 'org.springframework.beans.factory.BeanFactory'.
23:36:16.607 [main] INFO  o.e.r.instrumentation.EvoClassLoader - Keeping class: org.springframework.beans.factory.BeanFactory
23:36:16.607 [main] INFO  o.e.r.instrumentation.EvoClassLoader - Keeping class: org.springframework.beans.factory.ListableBeanFactory
23:36:16.607 [main] INFO  o.e.r.instrumentation.EvoClassLoader - Seeing class for first time: org.springframework.beans.factory.HierarchicalBeanFactory
23:36:16.607 [main] INFO  o.e.r.instrumentation.EvoClassLoader - Instrumenting class 'org.springframework.beans.factory.HierarchicalBeanFactory'.
23:36:16.607 [main] INFO  o.e.r.instrumentation.EvoClassLoader - Keeping class: org.springframework.beans.factory.HierarchicalBeanFactory
23:36:16.607 [main] INFO  o.e.r.instrumentation.EvoClassLoader - Seeing class for first time: org.springframework.context.MessageSource
23:36:16.607 [main] INFO  o.e.r.instrumentation.EvoClassLoader - Instrumenting class 'org.springframework.context.MessageSource'.
23:36:16.608 [main] INFO  o.e.r.instrumentation.EvoClassLoader - Keeping class: org.springframework.context.MessageSource
23:36:16.608 [main] INFO  o.e.r.instrumentation.EvoClassLoader - Seeing class for first time: org.springframework.context.ApplicationEventPublisher
23:36:16.608 [main] INFO  o.e.r.instrumentation.EvoClassLoader - Instrumenting class 'org.springframework.context.ApplicationEventPublisher'.
23:36:16.608 [main] INFO  o.e.r.instrumentation.EvoClassLoader - Keeping class: org.springframework.context.ApplicationEventPublisher
23:36:16.608 [main] INFO  o.e.r.instrumentation.EvoClassLoader - Seeing class for first time: org.springframework.core.io.support.ResourcePatternResolver
23:36:16.608 [main] INFO  o.e.r.instrumentation.EvoClassLoader - Instrumenting class 'org.springframework.core.io.support.ResourcePatternResolver'.
23:36:16.608 [main] INFO  o.e.r.instrumentation.EvoClassLoader - Seeing class for first time: org.springframework.core.io.ResourceLoader
23:36:16.608 [main] INFO  o.e.r.instrumentation.EvoClassLoader - Instrumenting class 'org.springframework.core.io.ResourceLoader'.
23:36:16.609 [main] INFO  o.e.r.instrumentation.EvoClassLoader - Keeping class: org.springframework.core.io.ResourceLoader
23:36:16.609 [main] INFO  o.e.r.instrumentation.EvoClassLoader - Keeping class: org.springframework.core.io.support.ResourcePatternResolver
23:36:16.609 [main] INFO  o.e.r.instrumentation.EvoClassLoader - Keeping class: org.springframework.context.ApplicationContext
23:36:16.609 [main] INFO  o.e.r.instrumentation.EvoClassLoader - Keeping class: org.springframework.web.context.WebApplicationContext
23:36:16.609 [main] INFO  o.e.r.instrumentation.EvoClassLoader - Seeing class for first time: org.springframework.context.ConfigurableApplicationContext
23:36:16.609 [main] INFO  o.e.r.instrumentation.EvoClassLoader - Instrumenting class 'org.springframework.context.ConfigurableApplicationContext'.
23:36:16.611 [main] INFO  o.e.r.instrumentation.EvoClassLoader - Seeing class for first time: org.springframework.context.Lifecycle
23:36:16.611 [main] INFO  o.e.r.instrumentation.EvoClassLoader - Instrumenting class 'org.springframework.context.Lifecycle'.
23:36:16.612 [main] INFO  o.e.r.instrumentation.EvoClassLoader - Keeping class: org.springframework.context.Lifecycle
23:36:16.612 [main] INFO  o.e.r.instrumentation.EvoClassLoader - Keeping class: org.springframework.context.ConfigurableApplicationContext
23:36:16.612 [main] INFO  o.e.r.instrumentation.EvoClassLoader - Keeping class: org.springframework.web.context.ConfigurableWebApplicationContext
23:36:16.614 [main] INFO  o.e.r.instrumentation.EvoClassLoader - Seeing class for first time: org.springframework.boot.context.ConfigurationWarningsApplicationContextInitializer
23:36:16.614 [main] INFO  o.e.r.instrumentation.EvoClassLoader - Instrumenting class 'org.springframework.boot.context.ConfigurationWarningsApplicationContextInitializer'.
23:36:16.614 [main] INFO  o.e.r.i.MethodCallReplacementClassAdapter - Adding mock interface to class org/springframework/boot/context/ConfigurationWarningsApplicationContextInitializer
23:36:16.614 [main] INFO  o.e.r.i.CreateClassResetClassAdapter - Found static initializer in class org/springframework/boot/context/ConfigurationWarningsApplicationContextInitializer
23:36:16.614 [main] INFO  o.e.r.i.MethodCallReplacementClassAdapter - No hashCode defined for: org/springframework/boot/context/ConfigurationWarningsApplicationContextInitializer, superclass = java.lang.Object
23:36:16.614 [main] INFO  o.e.r.instrumentation.EvoClassLoader - Seeing class for first time: org.springframework.context.ApplicationContextInitializer
23:36:16.614 [main] INFO  o.e.r.instrumentation.EvoClassLoader - Instrumenting class 'org.springframework.context.ApplicationContextInitializer'.
23:36:16.614 [main] INFO  o.e.r.instrumentation.EvoClassLoader - Keeping class: org.springframework.context.ApplicationContextInitializer
23:36:16.614 [main] INFO  o.e.r.instrumentation.EvoClassLoader - Keeping class: org.springframework.boot.context.ConfigurationWarningsApplicationContextInitializer
23:36:16.615 [main] ERROR o.s.test.context.TestContextManager - Caught exception while allowing TestExecutionListener [org.springframework.test.context.support.DependencyInjectionTestExecutionListener@39ee039d] to prepare test instance [com.rickhanberryfinal.webservices.BakedGoodWebServiceIntegrationTest@7b9e4a2a]
java.lang.IllegalStateException: Failed to load ApplicationContext
	at org.springframework.test.context.cache.DefaultCacheAwareContextLoaderDelegate.loadContext(DefaultCacheAwareContextLoaderDelegate.java:124) ~[spring-test-4.2.4.RELEASE.jar:4.2.4.RELEASE]
	at org.springframework.test.context.support.DefaultTestContext.getApplicationContext(DefaultTestContext.java:83) ~[spring-test-4.2.4.RELEASE.jar:4.2.4.RELEASE]
	at org.springframework.test.context.support.DependencyInjectionTestExecutionListener.injectDependencies(DependencyInjectionTestExecutionListener.java:117) ~[spring-test-4.2.4.RELEASE.jar:4.2.4.RELEASE]
	at org.springframework.test.context.support.DependencyInjectionTestExecutionListener.prepareTestInstance(DependencyInjectionTestExecutionListener.java:83) ~[spring-test-4.2.4.RELEASE.jar:4.2.4.RELEASE]
	at org.springframework.test.context.TestContextManager.prepareTestInstance(TestContextManager.java:228) ~[spring-test-4.2.4.RELEASE.jar:4.2.4.RELEASE]
	at org.springframework.test.context.junit4.SpringJUnit4ClassRunner.createTest(SpringJUnit4ClassRunner.java:230) [spring-test-4.2.4.RELEASE.jar:4.2.4.RELEASE]
	at org.springframework.test.context.junit4.SpringJUnit4ClassRunner$1.runReflectiveCall(SpringJUnit4ClassRunner.java:289) [spring-test-4.2.4.RELEASE.jar:4.2.4.RELEASE]
	at org.junit.internal.runners.model.ReflectiveCallable.run(ReflectiveCallable.java:12) [junit-4.12.jar:4.12]
	at org.springframework.test.context.junit4.SpringJUnit4ClassRunner.methodBlock(SpringJUnit4ClassRunner.java:291) [spring-test-4.2.4.RELEASE.jar:4.2.4.RELEASE]
	at org.springframework.test.context.junit4.SpringJUnit4ClassRunner.runChild(SpringJUnit4ClassRunner.java:249) [spring-test-4.2.4.RELEASE.jar:4.2.4.RELEASE]
	at org.springframework.test.context.junit4.SpringJUnit4ClassRunner.runChild(SpringJUnit4ClassRunner.java:89) [spring-test-4.2.4.RELEASE.jar:4.2.4.RELEASE]
	at org.junit.runners.ParentRunner$3.run(ParentRunner.java:290) [junit-4.12.jar:4.12]
	at org.junit.runners.ParentRunner$1.schedule(ParentRunner.java:71) [junit-4.12.jar:4.12]
	at org.junit.runners.ParentRunner.runChildren(ParentRunner.java:288) [junit-4.12.jar:4.12]
	at org.junit.runners.ParentRunner.access$000(ParentRunner.java:58) [junit-4.12.jar:4.12]
	at org.junit.runners.ParentRunner$2.evaluate(ParentRunner.java:268) [junit-4.12.jar:4.12]
	at org.springframework.test.context.junit4.statements.RunBeforeTestClassCallbacks.evaluate(RunBeforeTestClassCallbacks.java:61) [spring-test-4.2.4.RELEASE.jar:4.2.4.RELEASE]
	at org.springframework.test.context.junit4.statements.RunAfterTestClassCallbacks.evaluate(RunAfterTestClassCallbacks.java:70) [spring-test-4.2.4.RELEASE.jar:4.2.4.RELEASE]
	at org.junit.runners.ParentRunner.run(ParentRunner.java:363) [junit-4.12.jar:4.12]
	at org.springframework.test.context.junit4.SpringJUnit4ClassRunner.run(SpringJUnit4ClassRunner.java:193) [spring-test-4.2.4.RELEASE.jar:4.2.4.RELEASE]
	at org.apache.maven.surefire.junit4.JUnit4Provider.execute(JUnit4Provider.java:264) [surefire-junit4-2.17.jar:2.17]
	at org.apache.maven.surefire.junit4.JUnit4Provider.executeTestSet(JUnit4Provider.java:153) [surefire-junit4-2.17.jar:2.17]
	at org.apache.maven.surefire.junit4.JUnit4Provider.invoke(JUnit4Provider.java:124) [surefire-junit4-2.17.jar:2.17]
	at org.apache.maven.surefire.booter.ForkedBooter.invokeProviderInSameClassLoader(ForkedBooter.java:200) [surefire-booter-2.17.jar:2.17]
	at org.apache.maven.surefire.booter.ForkedBooter.runSuitesInProcess(ForkedBooter.java:153) [surefire-booter-2.17.jar:2.17]
	at org.apache.maven.surefire.booter.ForkedBooter.main(ForkedBooter.java:103) [surefire-booter-2.17.jar:2.17]
Caused by: java.lang.IllegalArgumentException: Cannot instantiate interface org.springframework.context.ApplicationContextInitializer : org.springframework.boot.context.ConfigurationWarningsApplicationContextInitializer
	at org.springframework.boot.SpringApplication.createSpringFactoriesInstances(SpringApplication.java:414) ~[spring-boot-1.3.2.RELEASE.jar:1.3.2.RELEASE]
	at org.springframework.boot.SpringApplication.getSpringFactoriesInstances(SpringApplication.java:394) ~[spring-boot-1.3.2.RELEASE.jar:1.3.2.RELEASE]
	at org.springframework.boot.SpringApplication.getSpringFactoriesInstances(SpringApplication.java:385) ~[spring-boot-1.3.2.RELEASE.jar:1.3.2.RELEASE]
	at org.springframework.boot.SpringApplication.initialize(SpringApplication.java:261) ~[spring-boot-1.3.2.RELEASE.jar:1.3.2.RELEASE]
	at org.springframework.boot.SpringApplication.<init>(SpringApplication.java:237) ~[spring-boot-1.3.2.RELEASE.jar:1.3.2.RELEASE]
	at org.springframework.boot.test.SpringApplicationContextLoader.getSpringApplication(SpringApplicationContextLoader.java:119) ~[spring-boot-1.3.2.RELEASE.jar:1.3.2.RELEASE]
	at org.springframework.boot.test.SpringApplicationContextLoader.loadContext(SpringApplicationContextLoader.java:79) ~[spring-boot-1.3.2.RELEASE.jar:1.3.2.RELEASE]
	at org.springframework.test.context.cache.DefaultCacheAwareContextLoaderDelegate.loadContextInternal(DefaultCacheAwareContextLoaderDelegate.java:98) ~[spring-test-4.2.4.RELEASE.jar:4.2.4.RELEASE]
	at org.springframework.test.context.cache.DefaultCacheAwareContextLoaderDelegate.loadContext(DefaultCacheAwareContextLoaderDelegate.java:116) ~[spring-test-4.2.4.RELEASE.jar:4.2.4.RELEASE]
	... 25 common frames omitted
Caused by: java.lang.IllegalArgumentException: class org.springframework.boot.context.ConfigurationWarningsApplicationContextInitializer is not assignable to interface org.springframework.context.ApplicationContextInitializer
	at org.springframework.util.Assert.isAssignable(Assert.java:376) ~[spring-core-4.2.4.RELEASE.jar:4.2.4.RELEASE]
	at org.springframework.util.Assert.isAssignable(Assert.java:359) ~[spring-core-4.2.4.RELEASE.jar:4.2.4.RELEASE]
	at org.springframework.boot.SpringApplication.createSpringFactoriesInstances(SpringApplication.java:408) ~[spring-boot-1.3.2.RELEASE.jar:1.3.2.RELEASE]
	... 33 common frames omitted
23:36:16.616 [main] INFO  o.e.r.instrumentation.EvoClassLoader - Seeing class for first time: com.rickhanberryfinal.webservices.BakedGoodWebServiceIntegrationTest
23:36:16.616 [main] INFO  o.e.r.instrumentation.EvoClassLoader - Instrumenting class 'com.rickhanberryfinal.webservices.BakedGoodWebServiceIntegrationTest'.
23:36:16.616 [main] INFO  o.e.r.i.MethodCallReplacementClassAdapter - Adding mock interface to class com/rickhanberryfinal/webservices/BakedGoodWebServiceIntegrationTest
23:36:16.616 [main] INFO  o.e.r.i.CreateClassResetClassAdapter - Found static initializer in class com/rickhanberryfinal/webservices/BakedGoodWebServiceIntegrationTest
23:36:16.616 [main] INFO  o.e.r.i.MethodCallReplacementClassAdapter - No hashCode defined for: com/rickhanberryfinal/webservices/BakedGoodWebServiceIntegrationTest, superclass = java.lang.Object
23:36:16.617 [main] INFO  o.e.r.instrumentation.EvoClassLoader - Keeping class: com.rickhanberryfinal.webservices.BakedGoodWebServiceIntegrationTest
]]></system-out>
  </testcase>
  <testcase name="createBakedGood" classname="com.rickhanberryfinal.webservices.BakedGoodWebServiceIntegrationTest" time="0">
    <error message="Failed to load ApplicationContext" type="java.lang.IllegalStateException"><![CDATA[java.lang.IllegalStateException: Failed to load ApplicationContext
	at org.springframework.test.context.cache.DefaultCacheAwareContextLoaderDelegate.loadContext(DefaultCacheAwareContextLoaderDelegate.java:124)
	at org.springframework.test.context.support.DefaultTestContext.getApplicationContext(DefaultTestContext.java:83)
	at org.springframework.test.context.support.DependencyInjectionTestExecutionListener.injectDependencies(DependencyInjectionTestExecutionListener.java:117)
	at org.springframework.test.context.support.DependencyInjectionTestExecutionListener.prepareTestInstance(DependencyInjectionTestExecutionListener.java:83)
	at org.springframework.test.context.TestContextManager.prepareTestInstance(TestContextManager.java:228)
	at org.springframework.test.context.junit4.SpringJUnit4ClassRunner.createTest(SpringJUnit4ClassRunner.java:230)
	at org.springframework.test.context.junit4.SpringJUnit4ClassRunner$1.runReflectiveCall(SpringJUnit4ClassRunner.java:289)
	at org.junit.internal.runners.model.ReflectiveCallable.run(ReflectiveCallable.java:12)
	at org.springframework.test.context.junit4.SpringJUnit4ClassRunner.methodBlock(SpringJUnit4ClassRunner.java:291)
	at org.springframework.test.context.junit4.SpringJUnit4ClassRunner.runChild(SpringJUnit4ClassRunner.java:249)
	at org.springframework.test.context.junit4.SpringJUnit4ClassRunner.runChild(SpringJUnit4ClassRunner.java:89)
	at org.junit.runners.ParentRunner$3.run(ParentRunner.java:290)
	at org.junit.runners.ParentRunner$1.schedule(ParentRunner.java:71)
	at org.junit.runners.ParentRunner.runChildren(ParentRunner.java:288)
	at org.junit.runners.ParentRunner.access$000(ParentRunner.java:58)
	at org.junit.runners.ParentRunner$2.evaluate(ParentRunner.java:268)
	at org.springframework.test.context.junit4.statements.RunBeforeTestClassCallbacks.evaluate(RunBeforeTestClassCallbacks.java:61)
	at org.springframework.test.context.junit4.statements.RunAfterTestClassCallbacks.evaluate(RunAfterTestClassCallbacks.java:70)
	at org.junit.runners.ParentRunner.run(ParentRunner.java:363)
	at org.springframework.test.context.junit4.SpringJUnit4ClassRunner.run(SpringJUnit4ClassRunner.java:193)
	at org.apache.maven.surefire.junit4.JUnit4Provider.execute(JUnit4Provider.java:264)
	at org.apache.maven.surefire.junit4.JUnit4Provider.executeTestSet(JUnit4Provider.java:153)
	at org.apache.maven.surefire.junit4.JUnit4Provider.invoke(JUnit4Provider.java:124)
	at org.apache.maven.surefire.booter.ForkedBooter.invokeProviderInSameClassLoader(ForkedBooter.java:200)
	at org.apache.maven.surefire.booter.ForkedBooter.runSuitesInProcess(ForkedBooter.java:153)
	at org.apache.maven.surefire.booter.ForkedBooter.main(ForkedBooter.java:103)
Caused by: java.lang.IllegalArgumentException: Cannot instantiate interface org.springframework.context.ApplicationContextInitializer : org.springframework.boot.context.ConfigurationWarningsApplicationContextInitializer
	at org.springframework.boot.SpringApplication.createSpringFactoriesInstances(SpringApplication.java:414)
	at org.springframework.boot.SpringApplication.getSpringFactoriesInstances(SpringApplication.java:394)
	at org.springframework.boot.SpringApplication.getSpringFactoriesInstances(SpringApplication.java:385)
	at org.springframework.boot.SpringApplication.initialize(SpringApplication.java:261)
	at org.springframework.boot.SpringApplication.<init>(SpringApplication.java:237)
	at org.springframework.boot.test.SpringApplicationContextLoader.getSpringApplication(SpringApplicationContextLoader.java:119)
	at org.springframework.boot.test.SpringApplicationContextLoader.loadContext(SpringApplicationContextLoader.java:79)
	at org.springframework.test.context.cache.DefaultCacheAwareContextLoaderDelegate.loadContextInternal(DefaultCacheAwareContextLoaderDelegate.java:98)
	at org.springframework.test.context.cache.DefaultCacheAwareContextLoaderDelegate.loadContext(DefaultCacheAwareContextLoaderDelegate.java:116)
	at org.springframework.test.context.support.DefaultTestContext.getApplicationContext(DefaultTestContext.java:83)
	at org.springframework.test.context.support.DependencyInjectionTestExecutionListener.injectDependencies(DependencyInjectionTestExecutionListener.java:117)
	at org.springframework.test.context.support.DependencyInjectionTestExecutionListener.prepareTestInstance(DependencyInjectionTestExecutionListener.java:83)
	at org.springframework.test.context.TestContextManager.prepareTestInstance(TestContextManager.java:228)
	at org.springframework.test.context.junit4.SpringJUnit4ClassRunner.createTest(SpringJUnit4ClassRunner.java:230)
	at org.springframework.test.context.junit4.SpringJUnit4ClassRunner$1.runReflectiveCall(SpringJUnit4ClassRunner.java:289)
	at org.junit.internal.runners.model.ReflectiveCallable.run(ReflectiveCallable.java:12)
	at org.springframework.test.context.junit4.SpringJUnit4ClassRunner.methodBlock(SpringJUnit4ClassRunner.java:291)
	at org.springframework.test.context.junit4.SpringJUnit4ClassRunner.runChild(SpringJUnit4ClassRunner.java:249)
	at org.springframework.test.context.junit4.SpringJUnit4ClassRunner.runChild(SpringJUnit4ClassRunner.java:89)
	at org.junit.runners.ParentRunner$3.run(ParentRunner.java:290)
	at org.junit.runners.ParentRunner$1.schedule(ParentRunner.java:71)
	at org.junit.runners.ParentRunner.runChildren(ParentRunner.java:288)
	at org.junit.runners.ParentRunner.access$000(ParentRunner.java:58)
	at org.junit.runners.ParentRunner$2.evaluate(ParentRunner.java:268)
	at org.springframework.test.context.junit4.statements.RunBeforeTestClassCallbacks.evaluate(RunBeforeTestClassCallbacks.java:61)
	at org.springframework.test.context.junit4.statements.RunAfterTestClassCallbacks.evaluate(RunAfterTestClassCallbacks.java:70)
	at org.junit.runners.ParentRunner.run(ParentRunner.java:363)
	at org.springframework.test.context.junit4.SpringJUnit4ClassRunner.run(SpringJUnit4ClassRunner.java:193)
	at org.apache.maven.surefire.junit4.JUnit4Provider.execute(JUnit4Provider.java:264)
	at org.apache.maven.surefire.junit4.JUnit4Provider.executeTestSet(JUnit4Provider.java:153)
	at org.apache.maven.surefire.junit4.JUnit4Provider.invoke(JUnit4Provider.java:124)
	at org.apache.maven.surefire.booter.ForkedBooter.invokeProviderInSameClassLoader(ForkedBooter.java:200)
	at org.apache.maven.surefire.booter.ForkedBooter.runSuitesInProcess(ForkedBooter.java:153)
	at org.apache.maven.surefire.booter.ForkedBooter.main(ForkedBooter.java:103)
Caused by: java.lang.IllegalArgumentException: class org.springframework.boot.context.ConfigurationWarningsApplicationContextInitializer is not assignable to interface org.springframework.context.ApplicationContextInitializer
	at org.springframework.util.Assert.isAssignable(Assert.java:376)
	at org.springframework.util.Assert.isAssignable(Assert.java:359)
	at org.springframework.boot.SpringApplication.createSpringFactoriesInstances(SpringApplication.java:408)
	at org.springframework.boot.SpringApplication.getSpringFactoriesInstances(SpringApplication.java:394)
	at org.springframework.boot.SpringApplication.getSpringFactoriesInstances(SpringApplication.java:385)
	at org.springframework.boot.SpringApplication.initialize(SpringApplication.java:261)
	at org.springframework.boot.SpringApplication.<init>(SpringApplication.java:237)
	at org.springframework.boot.test.SpringApplicationContextLoader.getSpringApplication(SpringApplicationContextLoader.java:119)
	at org.springframework.boot.test.SpringApplicationContextLoader.loadContext(SpringApplicationContextLoader.java:79)
	at org.springframework.test.context.cache.DefaultCacheAwareContextLoaderDelegate.loadContextInternal(DefaultCacheAwareContextLoaderDelegate.java:98)
	at org.springframework.test.context.cache.DefaultCacheAwareContextLoaderDelegate.loadContext(DefaultCacheAwareContextLoaderDelegate.java:116)
	at org.springframework.test.context.support.DefaultTestContext.getApplicationContext(DefaultTestContext.java:83)
	at org.springframework.test.context.support.DependencyInjectionTestExecutionListener.injectDependencies(DependencyInjectionTestExecutionListener.java:117)
	at org.springframework.test.context.support.DependencyInjectionTestExecutionListener.prepareTestInstance(DependencyInjectionTestExecutionListener.java:83)
	at org.springframework.test.context.TestContextManager.prepareTestInstance(TestContextManager.java:228)
	at org.springframework.test.context.junit4.SpringJUnit4ClassRunner.createTest(SpringJUnit4ClassRunner.java:230)
	at org.springframework.test.context.junit4.SpringJUnit4ClassRunner$1.runReflectiveCall(SpringJUnit4ClassRunner.java:289)
	at org.junit.internal.runners.model.ReflectiveCallable.run(ReflectiveCallable.java:12)
	at org.springframework.test.context.junit4.SpringJUnit4ClassRunner.methodBlock(SpringJUnit4ClassRunner.java:291)
	at org.springframework.test.context.junit4.SpringJUnit4ClassRunner.runChild(SpringJUnit4ClassRunner.java:249)
	at org.springframework.test.context.junit4.SpringJUnit4ClassRunner.runChild(SpringJUnit4ClassRunner.java:89)
	at org.junit.runners.ParentRunner$3.run(ParentRunner.java:290)
	at org.junit.runners.ParentRunner$1.schedule(ParentRunner.java:71)
	at org.junit.runners.ParentRunner.runChildren(ParentRunner.java:288)
	at org.junit.runners.ParentRunner.access$000(ParentRunner.java:58)
	at org.junit.runners.ParentRunner$2.evaluate(ParentRunner.java:268)
	at org.springframework.test.context.junit4.statements.RunBeforeTestClassCallbacks.evaluate(RunBeforeTestClassCallbacks.java:61)
	at org.springframework.test.context.junit4.statements.RunAfterTestClassCallbacks.evaluate(RunAfterTestClassCallbacks.java:70)
	at org.junit.runners.ParentRunner.run(ParentRunner.java:363)
	at org.springframework.test.context.junit4.SpringJUnit4ClassRunner.run(SpringJUnit4ClassRunner.java:193)
	at org.apache.maven.surefire.junit4.JUnit4Provider.execute(JUnit4Provider.java:264)
	at org.apache.maven.surefire.junit4.JUnit4Provider.executeTestSet(JUnit4Provider.java:153)
	at org.apache.maven.surefire.junit4.JUnit4Provider.invoke(JUnit4Provider.java:124)
	at org.apache.maven.surefire.booter.ForkedBooter.invokeProviderInSameClassLoader(ForkedBooter.java:200)
	at org.apache.maven.surefire.booter.ForkedBooter.runSuitesInProcess(ForkedBooter.java:153)
	at org.apache.maven.surefire.booter.ForkedBooter.main(ForkedBooter.java:103)
]]></error>
    <system-out><![CDATA[23:36:16.618 [main] DEBUG o.s.t.annotation.ProfileValueUtils - Retrieved @ProfileValueSourceConfiguration [null] for test class [com.rickhanberryfinal.webservices.BakedGoodWebServiceIntegrationTest]
23:36:16.618 [main] DEBUG o.s.t.annotation.ProfileValueUtils - Retrieved ProfileValueSource type [class org.springframework.test.annotation.SystemProfileValueSource] for class [com.rickhanberryfinal.webservices.BakedGoodWebServiceIntegrationTest]
23:36:16.618 [main] DEBUG o.s.test.util.ReflectionTestUtils - Getting field 'mergedContextConfiguration' from target object [[DefaultTestContext@75f5293c testClass = BakedGoodWebServiceIntegrationTest, testInstance = com.rickhanberryfinal.webservices.BakedGoodWebServiceIntegrationTest@27af14bd, testMethod = [null], testException = [null], mergedContextConfiguration = [WebMergedContextConfiguration@47fb038d testClass = BakedGoodWebServiceIntegrationTest, locations = '{}', classes = '{class com.rickhanberryfinal.HanberryFinalProjectApplication}', contextInitializerClasses = '[]', activeProfiles = '{}', propertySourceLocations = '{}', propertySourceProperties = '{org.springframework.boot.test.IntegrationTest=true}', resourceBasePath = 'src/main/webapp', contextLoader = 'org.springframework.boot.test.SpringApplicationContextLoader', parent = [null]]]] or target class [class org.springframework.test.context.support.DefaultTestContext]
23:36:16.618 [main] DEBUG o.s.test.util.ReflectionTestUtils - Setting field 'propertySourceProperties' of type [null] on target object [[WebMergedContextConfiguration@47fb038d testClass = BakedGoodWebServiceIntegrationTest, locations = '{}', classes = '{class com.rickhanberryfinal.HanberryFinalProjectApplication}', contextInitializerClasses = '[]', activeProfiles = '{}', propertySourceLocations = '{}', propertySourceProperties = '{org.springframework.boot.test.IntegrationTest=true}', resourceBasePath = 'src/main/webapp', contextLoader = 'org.springframework.boot.test.SpringApplicationContextLoader', parent = [null]]] or target class [class org.springframework.test.context.web.WebMergedContextConfiguration] to value [[Ljava.lang.String;@38f0de07]
23:36:16.618 [main] DEBUG o.s.t.c.s.DependencyInjectionTestExecutionListener - Performing dependency injection for test context [[DefaultTestContext@75f5293c testClass = BakedGoodWebServiceIntegrationTest, testInstance = com.rickhanberryfinal.webservices.BakedGoodWebServiceIntegrationTest@27af14bd, testMethod = [null], testException = [null], mergedContextConfiguration = [WebMergedContextConfiguration@47fb038d testClass = BakedGoodWebServiceIntegrationTest, locations = '{}', classes = '{class com.rickhanberryfinal.HanberryFinalProjectApplication}', contextInitializerClasses = '[]', activeProfiles = '{}', propertySourceLocations = '{}', propertySourceProperties = '{org.springframework.boot.test.IntegrationTest=true}', resourceBasePath = 'src/main/webapp', contextLoader = 'org.springframework.boot.test.SpringApplicationContextLoader', parent = [null]]]].
23:36:16.623 [main] ERROR o.s.test.context.TestContextManager - Caught exception while allowing TestExecutionListener [org.springframework.test.context.support.DependencyInjectionTestExecutionListener@39ee039d] to prepare test instance [com.rickhanberryfinal.webservices.BakedGoodWebServiceIntegrationTest@27af14bd]
java.lang.IllegalStateException: Failed to load ApplicationContext
	at org.springframework.test.context.cache.DefaultCacheAwareContextLoaderDelegate.loadContext(DefaultCacheAwareContextLoaderDelegate.java:124) ~[spring-test-4.2.4.RELEASE.jar:4.2.4.RELEASE]
	at org.springframework.test.context.support.DefaultTestContext.getApplicationContext(DefaultTestContext.java:83) ~[spring-test-4.2.4.RELEASE.jar:4.2.4.RELEASE]
	at org.springframework.test.context.support.DependencyInjectionTestExecutionListener.injectDependencies(DependencyInjectionTestExecutionListener.java:117) ~[spring-test-4.2.4.RELEASE.jar:4.2.4.RELEASE]
	at org.springframework.test.context.support.DependencyInjectionTestExecutionListener.prepareTestInstance(DependencyInjectionTestExecutionListener.java:83) ~[spring-test-4.2.4.RELEASE.jar:4.2.4.RELEASE]
	at org.springframework.test.context.TestContextManager.prepareTestInstance(TestContextManager.java:228) ~[spring-test-4.2.4.RELEASE.jar:4.2.4.RELEASE]
	at org.springframework.test.context.junit4.SpringJUnit4ClassRunner.createTest(SpringJUnit4ClassRunner.java:230) [spring-test-4.2.4.RELEASE.jar:4.2.4.RELEASE]
	at org.springframework.test.context.junit4.SpringJUnit4ClassRunner$1.runReflectiveCall(SpringJUnit4ClassRunner.java:289) [spring-test-4.2.4.RELEASE.jar:4.2.4.RELEASE]
	at org.junit.internal.runners.model.ReflectiveCallable.run(ReflectiveCallable.java:12) [junit-4.12.jar:4.12]
	at org.springframework.test.context.junit4.SpringJUnit4ClassRunner.methodBlock(SpringJUnit4ClassRunner.java:291) [spring-test-4.2.4.RELEASE.jar:4.2.4.RELEASE]
	at org.springframework.test.context.junit4.SpringJUnit4ClassRunner.runChild(SpringJUnit4ClassRunner.java:249) [spring-test-4.2.4.RELEASE.jar:4.2.4.RELEASE]
	at org.springframework.test.context.junit4.SpringJUnit4ClassRunner.runChild(SpringJUnit4ClassRunner.java:89) [spring-test-4.2.4.RELEASE.jar:4.2.4.RELEASE]
	at org.junit.runners.ParentRunner$3.run(ParentRunner.java:290) [junit-4.12.jar:4.12]
	at org.junit.runners.ParentRunner$1.schedule(ParentRunner.java:71) [junit-4.12.jar:4.12]
	at org.junit.runners.ParentRunner.runChildren(ParentRunner.java:288) [junit-4.12.jar:4.12]
	at org.junit.runners.ParentRunner.access$000(ParentRunner.java:58) [junit-4.12.jar:4.12]
	at org.junit.runners.ParentRunner$2.evaluate(ParentRunner.java:268) [junit-4.12.jar:4.12]
	at org.springframework.test.context.junit4.statements.RunBeforeTestClassCallbacks.evaluate(RunBeforeTestClassCallbacks.java:61) [spring-test-4.2.4.RELEASE.jar:4.2.4.RELEASE]
	at org.springframework.test.context.junit4.statements.RunAfterTestClassCallbacks.evaluate(RunAfterTestClassCallbacks.java:70) [spring-test-4.2.4.RELEASE.jar:4.2.4.RELEASE]
	at org.junit.runners.ParentRunner.run(ParentRunner.java:363) [junit-4.12.jar:4.12]
	at org.springframework.test.context.junit4.SpringJUnit4ClassRunner.run(SpringJUnit4ClassRunner.java:193) [spring-test-4.2.4.RELEASE.jar:4.2.4.RELEASE]
	at org.apache.maven.surefire.junit4.JUnit4Provider.execute(JUnit4Provider.java:264) [surefire-junit4-2.17.jar:2.17]
	at org.apache.maven.surefire.junit4.JUnit4Provider.executeTestSet(JUnit4Provider.java:153) [surefire-junit4-2.17.jar:2.17]
	at org.apache.maven.surefire.junit4.JUnit4Provider.invoke(JUnit4Provider.java:124) [surefire-junit4-2.17.jar:2.17]
	at org.apache.maven.surefire.booter.ForkedBooter.invokeProviderInSameClassLoader(ForkedBooter.java:200) [surefire-booter-2.17.jar:2.17]
	at org.apache.maven.surefire.booter.ForkedBooter.runSuitesInProcess(ForkedBooter.java:153) [surefire-booter-2.17.jar:2.17]
	at org.apache.maven.surefire.booter.ForkedBooter.main(ForkedBooter.java:103) [surefire-booter-2.17.jar:2.17]
Caused by: java.lang.IllegalArgumentException: Cannot instantiate interface org.springframework.context.ApplicationContextInitializer : org.springframework.boot.context.ConfigurationWarningsApplicationContextInitializer
	at org.springframework.boot.SpringApplication.createSpringFactoriesInstances(SpringApplication.java:414) ~[spring-boot-1.3.2.RELEASE.jar:1.3.2.RELEASE]
	at org.springframework.boot.SpringApplication.getSpringFactoriesInstances(SpringApplication.java:394) ~[spring-boot-1.3.2.RELEASE.jar:1.3.2.RELEASE]
	at org.springframework.boot.SpringApplication.getSpringFactoriesInstances(SpringApplication.java:385) ~[spring-boot-1.3.2.RELEASE.jar:1.3.2.RELEASE]
	at org.springframework.boot.SpringApplication.initialize(SpringApplication.java:261) ~[spring-boot-1.3.2.RELEASE.jar:1.3.2.RELEASE]
	at org.springframework.boot.SpringApplication.<init>(SpringApplication.java:237) ~[spring-boot-1.3.2.RELEASE.jar:1.3.2.RELEASE]
	at org.springframework.boot.test.SpringApplicationContextLoader.getSpringApplication(SpringApplicationContextLoader.java:119) ~[spring-boot-1.3.2.RELEASE.jar:1.3.2.RELEASE]
	at org.springframework.boot.test.SpringApplicationContextLoader.loadContext(SpringApplicationContextLoader.java:79) ~[spring-boot-1.3.2.RELEASE.jar:1.3.2.RELEASE]
	at org.springframework.test.context.cache.DefaultCacheAwareContextLoaderDelegate.loadContextInternal(DefaultCacheAwareContextLoaderDelegate.java:98) ~[spring-test-4.2.4.RELEASE.jar:4.2.4.RELEASE]
	at org.springframework.test.context.cache.DefaultCacheAwareContextLoaderDelegate.loadContext(DefaultCacheAwareContextLoaderDelegate.java:116) ~[spring-test-4.2.4.RELEASE.jar:4.2.4.RELEASE]
	... 25 common frames omitted
Caused by: java.lang.IllegalArgumentException: class org.springframework.boot.context.ConfigurationWarningsApplicationContextInitializer is not assignable to interface org.springframework.context.ApplicationContextInitializer
	at org.springframework.util.Assert.isAssignable(Assert.java:376) ~[spring-core-4.2.4.RELEASE.jar:4.2.4.RELEASE]
	at org.springframework.util.Assert.isAssignable(Assert.java:359) ~[spring-core-4.2.4.RELEASE.jar:4.2.4.RELEASE]
	at org.springframework.boot.SpringApplication.createSpringFactoriesInstances(SpringApplication.java:408) ~[spring-boot-1.3.2.RELEASE.jar:1.3.2.RELEASE]
	... 33 common frames omitted
]]></system-out>
  </testcase>
  <testcase name="checkBakedGoodCostIsRequired" classname="com.rickhanberryfinal.webservices.BakedGoodWebServiceIntegrationTest" time="0">
    <error message="Failed to load ApplicationContext" type="java.lang.IllegalStateException"><![CDATA[java.lang.IllegalStateException: Failed to load ApplicationContext
	at org.springframework.test.context.cache.DefaultCacheAwareContextLoaderDelegate.loadContext(DefaultCacheAwareContextLoaderDelegate.java:124)
	at org.springframework.test.context.support.DefaultTestContext.getApplicationContext(DefaultTestContext.java:83)
	at org.springframework.test.context.support.DependencyInjectionTestExecutionListener.injectDependencies(DependencyInjectionTestExecutionListener.java:117)
	at org.springframework.test.context.support.DependencyInjectionTestExecutionListener.prepareTestInstance(DependencyInjectionTestExecutionListener.java:83)
	at org.springframework.test.context.TestContextManager.prepareTestInstance(TestContextManager.java:228)
	at org.springframework.test.context.junit4.SpringJUnit4ClassRunner.createTest(SpringJUnit4ClassRunner.java:230)
	at org.springframework.test.context.junit4.SpringJUnit4ClassRunner$1.runReflectiveCall(SpringJUnit4ClassRunner.java:289)
	at org.junit.internal.runners.model.ReflectiveCallable.run(ReflectiveCallable.java:12)
	at org.springframework.test.context.junit4.SpringJUnit4ClassRunner.methodBlock(SpringJUnit4ClassRunner.java:291)
	at org.springframework.test.context.junit4.SpringJUnit4ClassRunner.runChild(SpringJUnit4ClassRunner.java:249)
	at org.springframework.test.context.junit4.SpringJUnit4ClassRunner.runChild(SpringJUnit4ClassRunner.java:89)
	at org.junit.runners.ParentRunner$3.run(ParentRunner.java:290)
	at org.junit.runners.ParentRunner$1.schedule(ParentRunner.java:71)
	at org.junit.runners.ParentRunner.runChildren(ParentRunner.java:288)
	at org.junit.runners.ParentRunner.access$000(ParentRunner.java:58)
	at org.junit.runners.ParentRunner$2.evaluate(ParentRunner.java:268)
	at org.springframework.test.context.junit4.statements.RunBeforeTestClassCallbacks.evaluate(RunBeforeTestClassCallbacks.java:61)
	at org.springframework.test.context.junit4.statements.RunAfterTestClassCallbacks.evaluate(RunAfterTestClassCallbacks.java:70)
	at org.junit.runners.ParentRunner.run(ParentRunner.java:363)
	at org.springframework.test.context.junit4.SpringJUnit4ClassRunner.run(SpringJUnit4ClassRunner.java:193)
	at org.apache.maven.surefire.junit4.JUnit4Provider.execute(JUnit4Provider.java:264)
	at org.apache.maven.surefire.junit4.JUnit4Provider.executeTestSet(JUnit4Provider.java:153)
	at org.apache.maven.surefire.junit4.JUnit4Provider.invoke(JUnit4Provider.java:124)
	at org.apache.maven.surefire.booter.ForkedBooter.invokeProviderInSameClassLoader(ForkedBooter.java:200)
	at org.apache.maven.surefire.booter.ForkedBooter.runSuitesInProcess(ForkedBooter.java:153)
	at org.apache.maven.surefire.booter.ForkedBooter.main(ForkedBooter.java:103)
Caused by: java.lang.IllegalArgumentException: Cannot instantiate interface org.springframework.context.ApplicationContextInitializer : org.springframework.boot.context.ConfigurationWarningsApplicationContextInitializer
	at org.springframework.boot.SpringApplication.createSpringFactoriesInstances(SpringApplication.java:414)
	at org.springframework.boot.SpringApplication.getSpringFactoriesInstances(SpringApplication.java:394)
	at org.springframework.boot.SpringApplication.getSpringFactoriesInstances(SpringApplication.java:385)
	at org.springframework.boot.SpringApplication.initialize(SpringApplication.java:261)
	at org.springframework.boot.SpringApplication.<init>(SpringApplication.java:237)
	at org.springframework.boot.test.SpringApplicationContextLoader.getSpringApplication(SpringApplicationContextLoader.java:119)
	at org.springframework.boot.test.SpringApplicationContextLoader.loadContext(SpringApplicationContextLoader.java:79)
	at org.springframework.test.context.cache.DefaultCacheAwareContextLoaderDelegate.loadContextInternal(DefaultCacheAwareContextLoaderDelegate.java:98)
	at org.springframework.test.context.cache.DefaultCacheAwareContextLoaderDelegate.loadContext(DefaultCacheAwareContextLoaderDelegate.java:116)
	at org.springframework.test.context.support.DefaultTestContext.getApplicationContext(DefaultTestContext.java:83)
	at org.springframework.test.context.support.DependencyInjectionTestExecutionListener.injectDependencies(DependencyInjectionTestExecutionListener.java:117)
	at org.springframework.test.context.support.DependencyInjectionTestExecutionListener.prepareTestInstance(DependencyInjectionTestExecutionListener.java:83)
	at org.springframework.test.context.TestContextManager.prepareTestInstance(TestContextManager.java:228)
	at org.springframework.test.context.junit4.SpringJUnit4ClassRunner.createTest(SpringJUnit4ClassRunner.java:230)
	at org.springframework.test.context.junit4.SpringJUnit4ClassRunner$1.runReflectiveCall(SpringJUnit4ClassRunner.java:289)
	at org.junit.internal.runners.model.ReflectiveCallable.run(ReflectiveCallable.java:12)
	at org.springframework.test.context.junit4.SpringJUnit4ClassRunner.methodBlock(SpringJUnit4ClassRunner.java:291)
	at org.springframework.test.context.junit4.SpringJUnit4ClassRunner.runChild(SpringJUnit4ClassRunner.java:249)
	at org.springframework.test.context.junit4.SpringJUnit4ClassRunner.runChild(SpringJUnit4ClassRunner.java:89)
	at org.junit.runners.ParentRunner$3.run(ParentRunner.java:290)
	at org.junit.runners.ParentRunner$1.schedule(ParentRunner.java:71)
	at org.junit.runners.ParentRunner.runChildren(ParentRunner.java:288)
	at org.junit.runners.ParentRunner.access$000(ParentRunner.java:58)
	at org.junit.runners.ParentRunner$2.evaluate(ParentRunner.java:268)
	at org.springframework.test.context.junit4.statements.RunBeforeTestClassCallbacks.evaluate(RunBeforeTestClassCallbacks.java:61)
	at org.springframework.test.context.junit4.statements.RunAfterTestClassCallbacks.evaluate(RunAfterTestClassCallbacks.java:70)
	at org.junit.runners.ParentRunner.run(ParentRunner.java:363)
	at org.springframework.test.context.junit4.SpringJUnit4ClassRunner.run(SpringJUnit4ClassRunner.java:193)
	at org.apache.maven.surefire.junit4.JUnit4Provider.execute(JUnit4Provider.java:264)
	at org.apache.maven.surefire.junit4.JUnit4Provider.executeTestSet(JUnit4Provider.java:153)
	at org.apache.maven.surefire.junit4.JUnit4Provider.invoke(JUnit4Provider.java:124)
	at org.apache.maven.surefire.booter.ForkedBooter.invokeProviderInSameClassLoader(ForkedBooter.java:200)
	at org.apache.maven.surefire.booter.ForkedBooter.runSuitesInProcess(ForkedBooter.java:153)
	at org.apache.maven.surefire.booter.ForkedBooter.main(ForkedBooter.java:103)
Caused by: java.lang.IllegalArgumentException: class org.springframework.boot.context.ConfigurationWarningsApplicationContextInitializer is not assignable to interface org.springframework.context.ApplicationContextInitializer
	at org.springframework.util.Assert.isAssignable(Assert.java:376)
	at org.springframework.util.Assert.isAssignable(Assert.java:359)
	at org.springframework.boot.SpringApplication.createSpringFactoriesInstances(SpringApplication.java:408)
	at org.springframework.boot.SpringApplication.getSpringFactoriesInstances(SpringApplication.java:394)
	at org.springframework.boot.SpringApplication.getSpringFactoriesInstances(SpringApplication.java:385)
	at org.springframework.boot.SpringApplication.initialize(SpringApplication.java:261)
	at org.springframework.boot.SpringApplication.<init>(SpringApplication.java:237)
	at org.springframework.boot.test.SpringApplicationContextLoader.getSpringApplication(SpringApplicationContextLoader.java:119)
	at org.springframework.boot.test.SpringApplicationContextLoader.loadContext(SpringApplicationContextLoader.java:79)
	at org.springframework.test.context.cache.DefaultCacheAwareContextLoaderDelegate.loadContextInternal(DefaultCacheAwareContextLoaderDelegate.java:98)
	at org.springframework.test.context.cache.DefaultCacheAwareContextLoaderDelegate.loadContext(DefaultCacheAwareContextLoaderDelegate.java:116)
	at org.springframework.test.context.support.DefaultTestContext.getApplicationContext(DefaultTestContext.java:83)
	at org.springframework.test.context.support.DependencyInjectionTestExecutionListener.injectDependencies(DependencyInjectionTestExecutionListener.java:117)
	at org.springframework.test.context.support.DependencyInjectionTestExecutionListener.prepareTestInstance(DependencyInjectionTestExecutionListener.java:83)
	at org.springframework.test.context.TestContextManager.prepareTestInstance(TestContextManager.java:228)
	at org.springframework.test.context.junit4.SpringJUnit4ClassRunner.createTest(SpringJUnit4ClassRunner.java:230)
	at org.springframework.test.context.junit4.SpringJUnit4ClassRunner$1.runReflectiveCall(SpringJUnit4ClassRunner.java:289)
	at org.junit.internal.runners.model.ReflectiveCallable.run(ReflectiveCallable.java:12)
	at org.springframework.test.context.junit4.SpringJUnit4ClassRunner.methodBlock(SpringJUnit4ClassRunner.java:291)
	at org.springframework.test.context.junit4.SpringJUnit4ClassRunner.runChild(SpringJUnit4ClassRunner.java:249)
	at org.springframework.test.context.junit4.SpringJUnit4ClassRunner.runChild(SpringJUnit4ClassRunner.java:89)
	at org.junit.runners.ParentRunner$3.run(ParentRunner.java:290)
	at org.junit.runners.ParentRunner$1.schedule(ParentRunner.java:71)
	at org.junit.runners.ParentRunner.runChildren(ParentRunner.java:288)
	at org.junit.runners.ParentRunner.access$000(ParentRunner.java:58)
	at org.junit.runners.ParentRunner$2.evaluate(ParentRunner.java:268)
	at org.springframework.test.context.junit4.statements.RunBeforeTestClassCallbacks.evaluate(RunBeforeTestClassCallbacks.java:61)
	at org.springframework.test.context.junit4.statements.RunAfterTestClassCallbacks.evaluate(RunAfterTestClassCallbacks.java:70)
	at org.junit.runners.ParentRunner.run(ParentRunner.java:363)
	at org.springframework.test.context.junit4.SpringJUnit4ClassRunner.run(SpringJUnit4ClassRunner.java:193)
	at org.apache.maven.surefire.junit4.JUnit4Provider.execute(JUnit4Provider.java:264)
	at org.apache.maven.surefire.junit4.JUnit4Provider.executeTestSet(JUnit4Provider.java:153)
	at org.apache.maven.surefire.junit4.JUnit4Provider.invoke(JUnit4Provider.java:124)
	at org.apache.maven.surefire.booter.ForkedBooter.invokeProviderInSameClassLoader(ForkedBooter.java:200)
	at org.apache.maven.surefire.booter.ForkedBooter.runSuitesInProcess(ForkedBooter.java:153)
	at org.apache.maven.surefire.booter.ForkedBooter.main(ForkedBooter.java:103)
]]></error>
    <system-out><![CDATA[23:36:16.626 [main] DEBUG o.s.t.annotation.ProfileValueUtils - Retrieved @ProfileValueSourceConfiguration [null] for test class [com.rickhanberryfinal.webservices.BakedGoodWebServiceIntegrationTest]
23:36:16.626 [main] DEBUG o.s.t.annotation.ProfileValueUtils - Retrieved ProfileValueSource type [class org.springframework.test.annotation.SystemProfileValueSource] for class [com.rickhanberryfinal.webservices.BakedGoodWebServiceIntegrationTest]
23:36:16.627 [main] DEBUG o.s.test.util.ReflectionTestUtils - Getting field 'mergedContextConfiguration' from target object [[DefaultTestContext@75f5293c testClass = BakedGoodWebServiceIntegrationTest, testInstance = com.rickhanberryfinal.webservices.BakedGoodWebServiceIntegrationTest@6fd6d887, testMethod = [null], testException = [null], mergedContextConfiguration = [WebMergedContextConfiguration@47fb038d testClass = BakedGoodWebServiceIntegrationTest, locations = '{}', classes = '{class com.rickhanberryfinal.HanberryFinalProjectApplication}', contextInitializerClasses = '[]', activeProfiles = '{}', propertySourceLocations = '{}', propertySourceProperties = '{org.springframework.boot.test.IntegrationTest=true}', resourceBasePath = 'src/main/webapp', contextLoader = 'org.springframework.boot.test.SpringApplicationContextLoader', parent = [null]]]] or target class [class org.springframework.test.context.support.DefaultTestContext]
23:36:16.627 [main] DEBUG o.s.test.util.ReflectionTestUtils - Setting field 'propertySourceProperties' of type [null] on target object [[WebMergedContextConfiguration@47fb038d testClass = BakedGoodWebServiceIntegrationTest, locations = '{}', classes = '{class com.rickhanberryfinal.HanberryFinalProjectApplication}', contextInitializerClasses = '[]', activeProfiles = '{}', propertySourceLocations = '{}', propertySourceProperties = '{org.springframework.boot.test.IntegrationTest=true}', resourceBasePath = 'src/main/webapp', contextLoader = 'org.springframework.boot.test.SpringApplicationContextLoader', parent = [null]]] or target class [class org.springframework.test.context.web.WebMergedContextConfiguration] to value [[Ljava.lang.String;@22e733f5]
23:36:16.627 [main] DEBUG o.s.t.c.s.DependencyInjectionTestExecutionListener - Performing dependency injection for test context [[DefaultTestContext@75f5293c testClass = BakedGoodWebServiceIntegrationTest, testInstance = com.rickhanberryfinal.webservices.BakedGoodWebServiceIntegrationTest@6fd6d887, testMethod = [null], testException = [null], mergedContextConfiguration = [WebMergedContextConfiguration@47fb038d testClass = BakedGoodWebServiceIntegrationTest, locations = '{}', classes = '{class com.rickhanberryfinal.HanberryFinalProjectApplication}', contextInitializerClasses = '[]', activeProfiles = '{}', propertySourceLocations = '{}', propertySourceProperties = '{org.springframework.boot.test.IntegrationTest=true}', resourceBasePath = 'src/main/webapp', contextLoader = 'org.springframework.boot.test.SpringApplicationContextLoader', parent = [null]]]].
23:36:16.633 [main] ERROR o.s.test.context.TestContextManager - Caught exception while allowing TestExecutionListener [org.springframework.test.context.support.DependencyInjectionTestExecutionListener@39ee039d] to prepare test instance [com.rickhanberryfinal.webservices.BakedGoodWebServiceIntegrationTest@6fd6d887]
java.lang.IllegalStateException: Failed to load ApplicationContext
	at org.springframework.test.context.cache.DefaultCacheAwareContextLoaderDelegate.loadContext(DefaultCacheAwareContextLoaderDelegate.java:124) ~[spring-test-4.2.4.RELEASE.jar:4.2.4.RELEASE]
	at org.springframework.test.context.support.DefaultTestContext.getApplicationContext(DefaultTestContext.java:83) ~[spring-test-4.2.4.RELEASE.jar:4.2.4.RELEASE]
	at org.springframework.test.context.support.DependencyInjectionTestExecutionListener.injectDependencies(DependencyInjectionTestExecutionListener.java:117) ~[spring-test-4.2.4.RELEASE.jar:4.2.4.RELEASE]
	at org.springframework.test.context.support.DependencyInjectionTestExecutionListener.prepareTestInstance(DependencyInjectionTestExecutionListener.java:83) ~[spring-test-4.2.4.RELEASE.jar:4.2.4.RELEASE]
	at org.springframework.test.context.TestContextManager.prepareTestInstance(TestContextManager.java:228) ~[spring-test-4.2.4.RELEASE.jar:4.2.4.RELEASE]
	at org.springframework.test.context.junit4.SpringJUnit4ClassRunner.createTest(SpringJUnit4ClassRunner.java:230) [spring-test-4.2.4.RELEASE.jar:4.2.4.RELEASE]
	at org.springframework.test.context.junit4.SpringJUnit4ClassRunner$1.runReflectiveCall(SpringJUnit4ClassRunner.java:289) [spring-test-4.2.4.RELEASE.jar:4.2.4.RELEASE]
	at org.junit.internal.runners.model.ReflectiveCallable.run(ReflectiveCallable.java:12) [junit-4.12.jar:4.12]
	at org.springframework.test.context.junit4.SpringJUnit4ClassRunner.methodBlock(SpringJUnit4ClassRunner.java:291) [spring-test-4.2.4.RELEASE.jar:4.2.4.RELEASE]
	at org.springframework.test.context.junit4.SpringJUnit4ClassRunner.runChild(SpringJUnit4ClassRunner.java:249) [spring-test-4.2.4.RELEASE.jar:4.2.4.RELEASE]
	at org.springframework.test.context.junit4.SpringJUnit4ClassRunner.runChild(SpringJUnit4ClassRunner.java:89) [spring-test-4.2.4.RELEASE.jar:4.2.4.RELEASE]
	at org.junit.runners.ParentRunner$3.run(ParentRunner.java:290) [junit-4.12.jar:4.12]
	at org.junit.runners.ParentRunner$1.schedule(ParentRunner.java:71) [junit-4.12.jar:4.12]
	at org.junit.runners.ParentRunner.runChildren(ParentRunner.java:288) [junit-4.12.jar:4.12]
	at org.junit.runners.ParentRunner.access$000(ParentRunner.java:58) [junit-4.12.jar:4.12]
	at org.junit.runners.ParentRunner$2.evaluate(ParentRunner.java:268) [junit-4.12.jar:4.12]
	at org.springframework.test.context.junit4.statements.RunBeforeTestClassCallbacks.evaluate(RunBeforeTestClassCallbacks.java:61) [spring-test-4.2.4.RELEASE.jar:4.2.4.RELEASE]
	at org.springframework.test.context.junit4.statements.RunAfterTestClassCallbacks.evaluate(RunAfterTestClassCallbacks.java:70) [spring-test-4.2.4.RELEASE.jar:4.2.4.RELEASE]
	at org.junit.runners.ParentRunner.run(ParentRunner.java:363) [junit-4.12.jar:4.12]
	at org.springframework.test.context.junit4.SpringJUnit4ClassRunner.run(SpringJUnit4ClassRunner.java:193) [spring-test-4.2.4.RELEASE.jar:4.2.4.RELEASE]
	at org.apache.maven.surefire.junit4.JUnit4Provider.execute(JUnit4Provider.java:264) [surefire-junit4-2.17.jar:2.17]
	at org.apache.maven.surefire.junit4.JUnit4Provider.executeTestSet(JUnit4Provider.java:153) [surefire-junit4-2.17.jar:2.17]
	at org.apache.maven.surefire.junit4.JUnit4Provider.invoke(JUnit4Provider.java:124) [surefire-junit4-2.17.jar:2.17]
	at org.apache.maven.surefire.booter.ForkedBooter.invokeProviderInSameClassLoader(ForkedBooter.java:200) [surefire-booter-2.17.jar:2.17]
	at org.apache.maven.surefire.booter.ForkedBooter.runSuitesInProcess(ForkedBooter.java:153) [surefire-booter-2.17.jar:2.17]
	at org.apache.maven.surefire.booter.ForkedBooter.main(ForkedBooter.java:103) [surefire-booter-2.17.jar:2.17]
Caused by: java.lang.IllegalArgumentException: Cannot instantiate interface org.springframework.context.ApplicationContextInitializer : org.springframework.boot.context.ConfigurationWarningsApplicationContextInitializer
	at org.springframework.boot.SpringApplication.createSpringFactoriesInstances(SpringApplication.java:414) ~[spring-boot-1.3.2.RELEASE.jar:1.3.2.RELEASE]
	at org.springframework.boot.SpringApplication.getSpringFactoriesInstances(SpringApplication.java:394) ~[spring-boot-1.3.2.RELEASE.jar:1.3.2.RELEASE]
	at org.springframework.boot.SpringApplication.getSpringFactoriesInstances(SpringApplication.java:385) ~[spring-boot-1.3.2.RELEASE.jar:1.3.2.RELEASE]
	at org.springframework.boot.SpringApplication.initialize(SpringApplication.java:261) ~[spring-boot-1.3.2.RELEASE.jar:1.3.2.RELEASE]
	at org.springframework.boot.SpringApplication.<init>(SpringApplication.java:237) ~[spring-boot-1.3.2.RELEASE.jar:1.3.2.RELEASE]
	at org.springframework.boot.test.SpringApplicationContextLoader.getSpringApplication(SpringApplicationContextLoader.java:119) ~[spring-boot-1.3.2.RELEASE.jar:1.3.2.RELEASE]
	at org.springframework.boot.test.SpringApplicationContextLoader.loadContext(SpringApplicationContextLoader.java:79) ~[spring-boot-1.3.2.RELEASE.jar:1.3.2.RELEASE]
	at org.springframework.test.context.cache.DefaultCacheAwareContextLoaderDelegate.loadContextInternal(DefaultCacheAwareContextLoaderDelegate.java:98) ~[spring-test-4.2.4.RELEASE.jar:4.2.4.RELEASE]
	at org.springframework.test.context.cache.DefaultCacheAwareContextLoaderDelegate.loadContext(DefaultCacheAwareContextLoaderDelegate.java:116) ~[spring-test-4.2.4.RELEASE.jar:4.2.4.RELEASE]
	... 25 common frames omitted
Caused by: java.lang.IllegalArgumentException: class org.springframework.boot.context.ConfigurationWarningsApplicationContextInitializer is not assignable to interface org.springframework.context.ApplicationContextInitializer
	at org.springframework.util.Assert.isAssignable(Assert.java:376) ~[spring-core-4.2.4.RELEASE.jar:4.2.4.RELEASE]
	at org.springframework.util.Assert.isAssignable(Assert.java:359) ~[spring-core-4.2.4.RELEASE.jar:4.2.4.RELEASE]
	at org.springframework.boot.SpringApplication.createSpringFactoriesInstances(SpringApplication.java:408) ~[spring-boot-1.3.2.RELEASE.jar:1.3.2.RELEASE]
	... 33 common frames omitted
]]></system-out>
  </testcase>
  <testcase name="getBakedGood" classname="com.rickhanberryfinal.webservices.BakedGoodWebServiceIntegrationTest" time="0">
    <error message="Failed to load ApplicationContext" type="java.lang.IllegalStateException"><![CDATA[java.lang.IllegalStateException: Failed to load ApplicationContext
	at org.springframework.test.context.cache.DefaultCacheAwareContextLoaderDelegate.loadContext(DefaultCacheAwareContextLoaderDelegate.java:124)
	at org.springframework.test.context.support.DefaultTestContext.getApplicationContext(DefaultTestContext.java:83)
	at org.springframework.test.context.support.DependencyInjectionTestExecutionListener.injectDependencies(DependencyInjectionTestExecutionListener.java:117)
	at org.springframework.test.context.support.DependencyInjectionTestExecutionListener.prepareTestInstance(DependencyInjectionTestExecutionListener.java:83)
	at org.springframework.test.context.TestContextManager.prepareTestInstance(TestContextManager.java:228)
	at org.springframework.test.context.junit4.SpringJUnit4ClassRunner.createTest(SpringJUnit4ClassRunner.java:230)
	at org.springframework.test.context.junit4.SpringJUnit4ClassRunner$1.runReflectiveCall(SpringJUnit4ClassRunner.java:289)
	at org.junit.internal.runners.model.ReflectiveCallable.run(ReflectiveCallable.java:12)
	at org.springframework.test.context.junit4.SpringJUnit4ClassRunner.methodBlock(SpringJUnit4ClassRunner.java:291)
	at org.springframework.test.context.junit4.SpringJUnit4ClassRunner.runChild(SpringJUnit4ClassRunner.java:249)
	at org.springframework.test.context.junit4.SpringJUnit4ClassRunner.runChild(SpringJUnit4ClassRunner.java:89)
	at org.junit.runners.ParentRunner$3.run(ParentRunner.java:290)
	at org.junit.runners.ParentRunner$1.schedule(ParentRunner.java:71)
	at org.junit.runners.ParentRunner.runChildren(ParentRunner.java:288)
	at org.junit.runners.ParentRunner.access$000(ParentRunner.java:58)
	at org.junit.runners.ParentRunner$2.evaluate(ParentRunner.java:268)
	at org.springframework.test.context.junit4.statements.RunBeforeTestClassCallbacks.evaluate(RunBeforeTestClassCallbacks.java:61)
	at org.springframework.test.context.junit4.statements.RunAfterTestClassCallbacks.evaluate(RunAfterTestClassCallbacks.java:70)
	at org.junit.runners.ParentRunner.run(ParentRunner.java:363)
	at org.springframework.test.context.junit4.SpringJUnit4ClassRunner.run(SpringJUnit4ClassRunner.java:193)
	at org.apache.maven.surefire.junit4.JUnit4Provider.execute(JUnit4Provider.java:264)
	at org.apache.maven.surefire.junit4.JUnit4Provider.executeTestSet(JUnit4Provider.java:153)
	at org.apache.maven.surefire.junit4.JUnit4Provider.invoke(JUnit4Provider.java:124)
	at org.apache.maven.surefire.booter.ForkedBooter.invokeProviderInSameClassLoader(ForkedBooter.java:200)
	at org.apache.maven.surefire.booter.ForkedBooter.runSuitesInProcess(ForkedBooter.java:153)
	at org.apache.maven.surefire.booter.ForkedBooter.main(ForkedBooter.java:103)
Caused by: java.lang.IllegalArgumentException: Cannot instantiate interface org.springframework.context.ApplicationContextInitializer : org.springframework.boot.context.ConfigurationWarningsApplicationContextInitializer
	at org.springframework.boot.SpringApplication.createSpringFactoriesInstances(SpringApplication.java:414)
	at org.springframework.boot.SpringApplication.getSpringFactoriesInstances(SpringApplication.java:394)
	at org.springframework.boot.SpringApplication.getSpringFactoriesInstances(SpringApplication.java:385)
	at org.springframework.boot.SpringApplication.initialize(SpringApplication.java:261)
	at org.springframework.boot.SpringApplication.<init>(SpringApplication.java:237)
	at org.springframework.boot.test.SpringApplicationContextLoader.getSpringApplication(SpringApplicationContextLoader.java:119)
	at org.springframework.boot.test.SpringApplicationContextLoader.loadContext(SpringApplicationContextLoader.java:79)
	at org.springframework.test.context.cache.DefaultCacheAwareContextLoaderDelegate.loadContextInternal(DefaultCacheAwareContextLoaderDelegate.java:98)
	at org.springframework.test.context.cache.DefaultCacheAwareContextLoaderDelegate.loadContext(DefaultCacheAwareContextLoaderDelegate.java:116)
	at org.springframework.test.context.support.DefaultTestContext.getApplicationContext(DefaultTestContext.java:83)
	at org.springframework.test.context.support.DependencyInjectionTestExecutionListener.injectDependencies(DependencyInjectionTestExecutionListener.java:117)
	at org.springframework.test.context.support.DependencyInjectionTestExecutionListener.prepareTestInstance(DependencyInjectionTestExecutionListener.java:83)
	at org.springframework.test.context.TestContextManager.prepareTestInstance(TestContextManager.java:228)
	at org.springframework.test.context.junit4.SpringJUnit4ClassRunner.createTest(SpringJUnit4ClassRunner.java:230)
	at org.springframework.test.context.junit4.SpringJUnit4ClassRunner$1.runReflectiveCall(SpringJUnit4ClassRunner.java:289)
	at org.junit.internal.runners.model.ReflectiveCallable.run(ReflectiveCallable.java:12)
	at org.springframework.test.context.junit4.SpringJUnit4ClassRunner.methodBlock(SpringJUnit4ClassRunner.java:291)
	at org.springframework.test.context.junit4.SpringJUnit4ClassRunner.runChild(SpringJUnit4ClassRunner.java:249)
	at org.springframework.test.context.junit4.SpringJUnit4ClassRunner.runChild(SpringJUnit4ClassRunner.java:89)
	at org.junit.runners.ParentRunner$3.run(ParentRunner.java:290)
	at org.junit.runners.ParentRunner$1.schedule(ParentRunner.java:71)
	at org.junit.runners.ParentRunner.runChildren(ParentRunner.java:288)
	at org.junit.runners.ParentRunner.access$000(ParentRunner.java:58)
	at org.junit.runners.ParentRunner$2.evaluate(ParentRunner.java:268)
	at org.springframework.test.context.junit4.statements.RunBeforeTestClassCallbacks.evaluate(RunBeforeTestClassCallbacks.java:61)
	at org.springframework.test.context.junit4.statements.RunAfterTestClassCallbacks.evaluate(RunAfterTestClassCallbacks.java:70)
	at org.junit.runners.ParentRunner.run(ParentRunner.java:363)
	at org.springframework.test.context.junit4.SpringJUnit4ClassRunner.run(SpringJUnit4ClassRunner.java:193)
	at org.apache.maven.surefire.junit4.JUnit4Provider.execute(JUnit4Provider.java:264)
	at org.apache.maven.surefire.junit4.JUnit4Provider.executeTestSet(JUnit4Provider.java:153)
	at org.apache.maven.surefire.junit4.JUnit4Provider.invoke(JUnit4Provider.java:124)
	at org.apache.maven.surefire.booter.ForkedBooter.invokeProviderInSameClassLoader(ForkedBooter.java:200)
	at org.apache.maven.surefire.booter.ForkedBooter.runSuitesInProcess(ForkedBooter.java:153)
	at org.apache.maven.surefire.booter.ForkedBooter.main(ForkedBooter.java:103)
Caused by: java.lang.IllegalArgumentException: class org.springframework.boot.context.ConfigurationWarningsApplicationContextInitializer is not assignable to interface org.springframework.context.ApplicationContextInitializer
	at org.springframework.util.Assert.isAssignable(Assert.java:376)
	at org.springframework.util.Assert.isAssignable(Assert.java:359)
	at org.springframework.boot.SpringApplication.createSpringFactoriesInstances(SpringApplication.java:408)
	at org.springframework.boot.SpringApplication.getSpringFactoriesInstances(SpringApplication.java:394)
	at org.springframework.boot.SpringApplication.getSpringFactoriesInstances(SpringApplication.java:385)
[...]
	... 33 common frames omitted
]]></system-out>
  </testcase>
  <testcase name="checkBakedGoodIsRequired" classname="com.rickhanberryfinal.webservices.BakedGoodWebServiceIntegrationTest" time="0">
    <error message="Failed to load ApplicationContext" type="java.lang.IllegalStateException"><![CDATA[java.lang.IllegalStateException: Failed to load ApplicationContext
	at org.springframework.test.context.cache.DefaultCacheAwareContextLoaderDelegate.loadContext(DefaultCacheAwareContextLoaderDelegate.java:124)
	at org.springframework.test.context.support.DefaultTestContext.getApplicationContext(DefaultTestContext.java:83)
	at org.springframework.test.context.support.DependencyInjectionTestExecutionListener.injectDependencies(DependencyInjectionTestExecutionListener.java:117)
	at org.springframework.test.context.support.DependencyInjectionTestExecutionListener.prepareTestInstance(DependencyInjectionTestExecutionListener.java:83)
	at org.springframework.test.context.TestContextManager.prepareTestInstance(TestContextManager.java:228)
	at org.springframework.test.context.junit4.SpringJUnit4ClassRunner.createTest(SpringJUnit4ClassRunner.java:230)
	at org.springframework.test.context.junit4.SpringJUnit4ClassRunner$1.runReflectiveCall(SpringJUnit4ClassRunner.java:289)
	at org.junit.internal.runners.model.ReflectiveCallable.run(ReflectiveCallable.java:12)
	at org.springframework.test.context.junit4.SpringJUnit4ClassRunner.methodBlock(SpringJUnit4ClassRunner.java:291)
	at org.springframework.test.context.junit4.SpringJUnit4ClassRunner.runChild(SpringJUnit4ClassRunner.java:249)
	at org.springframework.test.context.junit4.SpringJUnit4ClassRunner.runChild(SpringJUnit4ClassRunner.java:89)
	at org.junit.runners.ParentRunner$3.run(ParentRunner.java:290)
	at org.junit.runners.ParentRunner$1.schedule(ParentRunner.java:71)
	at org.junit.runners.ParentRunner.runChildren(ParentRunner.java:288)
	at org.junit.runners.ParentRunner.access$000(ParentRunner.java:58)
	at org.junit.runners.ParentRunner$2.evaluate(ParentRunner.java:268)
	at org.springframework.test.context.junit4.statements.RunBeforeTestClassCallbacks.evaluate(RunBeforeTestClassCallbacks.java:61)
	at org.springframework.test.context.junit4.statements.RunAfterTestClassCallbacks.evaluate(RunAfterTestClassCallbacks.java:70)
	at org.junit.runners.ParentRunner.run(ParentRunner.java:363)
	at org.springframework.test.context.junit4.SpringJUnit4ClassRunner.run(SpringJUnit4ClassRunner.java:193)
	at org.apache.maven.surefire.junit4.JUnit4Provider.execute(JUnit4Provider.java:264)
	at org.apache.maven.surefire.junit4.JUnit4Provider.executeTestSet(JUnit4Provider.java:153)
	at org.apache.maven.surefire.junit4.JUnit4Provider.invoke(JUnit4Provider.java:124)
	at org.apache.maven.surefire.booter.ForkedBooter.invokeProviderInSameClassLoader(ForkedBooter.java:200)
	at org.apache.maven.surefire.booter.ForkedBooter.runSuitesInProcess(ForkedBooter.java:153)
	at org.apache.maven.surefire.booter.ForkedBooter.main(ForkedBooter.java:103)
Caused by: java.lang.IllegalArgumentException: Cannot instantiate interface org.springframework.context.ApplicationContextInitializer : org.springframework.boot.context.ConfigurationWarningsApplicationContextInitializer
	at org.springframework.boot.SpringApplication.createSpringFactoriesInstances(SpringApplication.java:414)
	at org.springframework.boot.SpringApplication.getSpringFactoriesInstances(SpringApplication.java:394)
	at org.springframework.boot.SpringApplication.getSpringFactoriesInstances(SpringApplication.java:385)
	at org.springframework.boot.SpringApplication.initialize(SpringApplication.java:261)
	at org.springframework.boot.SpringApplication.<init>(SpringApplication.java:237)
	at org.springframework.boot.test.SpringApplicationContextLoader.getSpringApplication(SpringApplicationContextLoader.java:119)
	at org.springframework.boot.test.SpringApplicationContextLoader.loadContext(SpringApplicationContextLoader.java:79)
	at org.springframework.test.context.cache.DefaultCacheAwareContextLoaderDelegate.loadContextInternal(DefaultCacheAwareContextLoaderDelegate.java:98)
	at org.springframework.test.context.cache.DefaultCacheAwareContextLoaderDelegate.loadContext(DefaultCacheAwareContextLoaderDelegate.java:116)
	at org.springframework.test.context.support.DefaultTestContext.getApplicationContext(DefaultTestContext.java:83)
	at org.springframework.test.context.support.DependencyInjectionTestExecutionListener.injectDependencies(DependencyInjectionTestExecutionListener.java:117)
	at org.springframework.test.context.support.DependencyInjectionTestExecutionListener.prepareTestInstance(DependencyInjectionTestExecutionListener.java:83)
	at org.springframework.test.context.TestContextManager.prepareTestInstance(TestContextManager.java:228)
	at org.springframework.test.context.junit4.SpringJUnit4ClassRunner.createTest(SpringJUnit4ClassRunner.java:230)
	at org.springframework.test.context.junit4.SpringJUnit4ClassRunner$1.runReflectiveCall(SpringJUnit4ClassRunner.java:289)
	at org.junit.internal.runners.model.ReflectiveCallable.run(ReflectiveCallable.java:12)
	at org.springframework.test.context.junit4.SpringJUnit4ClassRunner.methodBlock(SpringJUnit4ClassRunner.java:291)
	at org.springframework.test.context.junit4.SpringJUnit4ClassRunner.runChild(SpringJUnit4ClassRunner.java:249)
	at org.springframework.test.context.junit4.SpringJUnit4ClassRunner.runChild(SpringJUnit4ClassRunner.java:89)
	at org.junit.runners.ParentRunner$3.run(ParentRunner.java:290)
	at org.junit.runners.ParentRunner$1.schedule(ParentRunner.java:71)
	at org.junit.runners.ParentRunner.runChildren(ParentRunner.java:288)
	at org.junit.runners.ParentRunner.access$000(ParentRunner.java:58)
	at org.junit.runners.ParentRunner$2.evaluate(ParentRunner.java:268)
	at org.springframework.test.context.junit4.statements.RunBeforeTestClassCallbacks.evaluate(RunBeforeTestClassCallbacks.java:61)
	at org.springframework.test.context.junit4.statements.RunAfterTestClassCallbacks.evaluate(RunAfterTestClassCallbacks.java:70)
	at org.junit.runners.ParentRunner.run(ParentRunner.java:363)
	at org.springframework.test.context.junit4.SpringJUnit4ClassRunner.run(SpringJUnit4ClassRunner.java:193)
	at org.apache.maven.surefire.junit4.JUnit4Provider.execute(JUnit4Provider.java:264)
	at org.apache.maven.surefire.junit4.JUnit4Provider.executeTestSet(JUnit4Provider.java:153)
	at org.apache.maven.surefire.junit4.JUnit4Provider.invoke(JUnit4Provider.java:124)
	at org.apache.maven.surefire.booter.ForkedBooter.invokeProviderInSameClassLoader(ForkedBooter.java:200)
	at org.apache.maven.surefire.booter.ForkedBooter.runSuitesInProcess(ForkedBooter.java:153)
	at org.apache.maven.surefire.booter.ForkedBooter.main(ForkedBooter.java:103)
Caused by: java.lang.IllegalArgumentException: class org.springframework.boot.context.ConfigurationWarningsApplicationContextInitializer is not assignable to interface org.springframework.context.ApplicationContextInitializer
	at org.springframework.util.Assert.isAssignable(Assert.java:376)
	at org.springframework.util.Assert.isAssignable(Assert.java:359)
	at org.springframework.boot.SpringApplication.createSpringFactoriesInstances(SpringApplication.java:408)
	at org.springframework.boot.SpringApplication.getSpringFactoriesInstances(SpringApplication.java:394)
	at org.springframework.boot.SpringApplication.getSpringFactoriesInstances(SpringApplication.java:385)
	at org.springframework.boot.SpringApplication.initialize(SpringApplication.java:261)
	at org.springframework.boot.SpringApplication.<init>(SpringApplication.java:237)
	at org.springframework.boot.test.SpringApplicationContextLoader.getSpringApplication(SpringApplicationContextLoader.java:119)
	at org.springframework.boot.test.SpringApplicationContextLoader.loadContext(SpringApplicationContextLoader.java:79)
	at org.springframework.test.context.cache.DefaultCacheAwareContextLoaderDelegate.loadContextInternal(DefaultCacheAwareContextLoaderDelegate.java:98)
	at org.springframework.test.context.cache.DefaultCacheAwareContextLoaderDelegate.loadContext(DefaultCacheAwareContextLoaderDelegate.java:116)
	at org.springframework.test.context.support.DefaultTestContext.getApplicationContext(DefaultTestContext.java:83)
	at org.springframework.test.context.support.DependencyInjectionTestExecutionListener.injectDependencies(DependencyInjectionTestExecutionListener.java:117)
	at org.springframework.test.context.support.DependencyInjectionTestExecutionListener.prepareTestInstance(DependencyInjectionTestExecutionListener.java:83)
	at org.springframework.test.context.TestContextManager.prepareTestInstance(TestContextManager.java:228)
	at org.springframework.test.context.junit4.SpringJUnit4ClassRunner.createTest(SpringJUnit4ClassRunner.java:230)
	at org.springframework.test.context.junit4.SpringJUnit4ClassRunner$1.runReflectiveCall(SpringJUnit4ClassRunner.java:289)
	at org.junit.internal.runners.model.ReflectiveCallable.run(ReflectiveCallable.java:12)
	at org.springframework.test.context.junit4.SpringJUnit4ClassRunner.methodBlock(SpringJUnit4ClassRunner.java:291)
	at org.springframework.test.context.junit4.SpringJUnit4ClassRunner.runChild(SpringJUnit4ClassRunner.java:249)
	at org.springframework.test.context.junit4.SpringJUnit4ClassRunner.runChild(SpringJUnit4ClassRunner.java:89)
	at org.junit.runners.ParentRunner$3.run(ParentRunner.java:290)
	at org.junit.runners.ParentRunner$1.schedule(ParentRunner.java:71)
	at org.junit.runners.ParentRunner.runChildren(ParentRunner.java:288)
	at org.junit.runners.ParentRunner.access$000(ParentRunner.java:58)
	at org.junit.runners.ParentRunner$2.evaluate(ParentRunner.java:268)
	at org.springframework.test.context.junit4.statements.RunBeforeTestClassCallbacks.evaluate(RunBeforeTestClassCallbacks.java:61)
	at org.springframework.test.context.junit4.statements.RunAfterTestClassCallbacks.evaluate(RunAfterTestClassCallbacks.java:70)
	at org.junit.runners.ParentRunner.run(ParentRunner.java:363)
	at org.springframework.test.context.junit4.SpringJUnit4ClassRunner.run(SpringJUnit4ClassRunner.java:193)
	at org.apache.maven.surefire.junit4.JUnit4Provider.execute(JUnit4Provider.java:264)
	at org.apache.maven.surefire.junit4.JUnit4Provider.executeTestSet(JUnit4Provider.java:153)
	at org.apache.maven.surefire.junit4.JUnit4Provider.invoke(JUnit4Provider.java:124)
	at org.apache.maven.surefire.booter.ForkedBooter.invokeProviderInSameClassLoader(ForkedBooter.java:200)
	at org.apache.maven.surefire.booter.ForkedBooter.runSuitesInProcess(ForkedBooter.java:153)
	at org.apache.maven.surefire.booter.ForkedBooter.main(ForkedBooter.java:103)
]]></error>
    <system-out><![CDATA[23:36:16.662 [main] DEBUG o.s.t.annotation.ProfileValueUtils - Retrieved @ProfileValueSourceConfiguration [null] for test class [com.rickhanberryfinal.webservices.BakedGoodWebServiceIntegrationTest]
23:36:16.662 [main] DEBUG o.s.t.annotation.ProfileValueUtils - Retrieved ProfileValueSource type [class org.springframework.test.annotation.SystemProfileValueSource] for class [com.rickhanberryfinal.webservices.BakedGoodWebServiceIntegrationTest]
23:36:16.663 [main] DEBUG o.s.test.util.ReflectionTestUtils - Getting field 'mergedContextConfiguration' from target object [[DefaultTestContext@75f5293c testClass = BakedGoodWebServiceIntegrationTest, testInstance = com.rickhanberryfinal.webservices.BakedGoodWebServiceIntegrationTest@3f4b9792, testMethod = [null], testException = [null], mergedContextConfiguration = [WebMergedContextConfiguration@47fb038d testClass = BakedGoodWebServiceIntegrationTest, locations = '{}', classes = '{class com.rickhanberryfinal.HanberryFinalProjectApplication}', contextInitializerClasses = '[]', activeProfiles = '{}', propertySourceLocations = '{}', propertySourceProperties = '{org.springframework.boot.test.IntegrationTest=true}', resourceBasePath = 'src/main/webapp', contextLoader = 'org.springframework.boot.test.SpringApplicationContextLoader', parent = [null]]]] or target class [class org.springframework.test.context.support.DefaultTestContext]
23:36:16.663 [main] DEBUG o.s.test.util.ReflectionTestUtils - Setting field 'propertySourceProperties' of type [null] on target object [[WebMergedContextConfiguration@47fb038d testClass = BakedGoodWebServiceIntegrationTest, locations = '{}', classes = '{class com.rickhanberryfinal.HanberryFinalProjectApplication}', contextInitializerClasses = '[]', activeProfiles = '{}', propertySourceLocations = '{}', propertySourceProperties = '{org.springframework.boot.test.IntegrationTest=true}', resourceBasePath = 'src/main/webapp', contextLoader = 'org.springframework.boot.test.SpringApplicationContextLoader', parent = [null]]] or target class [class org.springframework.test.context.web.WebMergedContextConfiguration] to value [[Ljava.lang.String;@8c6a7db]
23:36:16.663 [main] DEBUG o.s.t.c.s.DependencyInjectionTestExecutionListener - Performing dependency injection for test context [[DefaultTestContext@75f5293c testClass = BakedGoodWebServiceIntegrationTest, testInstance = com.rickhanberryfinal.webservices.BakedGoodWebServiceIntegrationTest@3f4b9792, testMethod = [null], testException = [null], mergedContextConfiguration = [WebMergedContextConfiguration@47fb038d testClass = BakedGoodWebServiceIntegrationTest, locations = '{}', classes = '{class com.rickhanberryfinal.HanberryFinalProjectApplication}', contextInitializerClasses = '[]', activeProfiles = '{}', propertySourceLocations = '{}', propertySourceProperties = '{org.springframework.boot.test.IntegrationTest=true}', resourceBasePath = 'src/main/webapp', contextLoader = 'org.springframework.boot.test.SpringApplicationContextLoader', parent = [null]]]].
23:36:16.671 [main] ERROR o.s.test.context.TestContextManager - Caught exception while allowing TestExecutionListener [org.springframework.test.context.support.DependencyInjectionTestExecutionListener@39ee039d] to prepare test instance [com.rickhanberryfinal.webservices.BakedGoodWebServiceIntegrationTest@3f4b9792]
java.lang.IllegalStateException: Failed to load ApplicationContext
	at org.springframework.test.context.cache.DefaultCacheAwareContextLoaderDelegate.loadContext(DefaultCacheAwareContextLoaderDelegate.java:124) ~[spring-test-4.2.4.RELEASE.jar:4.2.4.RELEASE]
	at org.springframework.test.context.support.DefaultTestContext.getApplicationContext(DefaultTestContext.java:83) ~[spring-test-4.2.4.RELEASE.jar:4.2.4.RELEASE]
	at org.springframework.test.context.support.DependencyInjectionTestExecutionListener.injectDependencies(DependencyInjectionTestExecutionListener.java:117) ~[spring-test-4.2.4.RELEASE.jar:4.2.4.RELEASE]
	at org.springframework.test.context.support.DependencyInjectionTestExecutionListener.prepareTestInstance(DependencyInjectionTestExecutionListener.java:83) ~[spring-test-4.2.4.RELEASE.jar:4.2.4.RELEASE]
	at org.springframework.test.context.TestContextManager.prepareTestInstance(TestContextManager.java:228) ~[spring-test-4.2.4.RELEASE.jar:4.2.4.RELEASE]
	at org.springframework.test.context.junit4.SpringJUnit4ClassRunner.createTest(SpringJUnit4ClassRunner.java:230) [spring-test-4.2.4.RELEASE.jar:4.2.4.RELEASE]
	at org.springframework.test.context.junit4.SpringJUnit4ClassRunner$1.runReflectiveCall(SpringJUnit4ClassRunner.java:289) [spring-test-4.2.4.RELEASE.jar:4.2.4.RELEASE]
	at org.junit.internal.runners.model.ReflectiveCallable.run(ReflectiveCallable.java:12) [junit-4.12.jar:4.12]
	at org.springframework.test.context.junit4.SpringJUnit4ClassRunner.methodBlock(SpringJUnit4ClassRunner.java:291) [spring-test-4.2.4.RELEASE.jar:4.2.4.RELEASE]
	at org.springframework.test.context.junit4.SpringJUnit4ClassRunner.runChild(SpringJUnit4ClassRunner.java:249) [spring-test-4.2.4.RELEASE.jar:4.2.4.RELEASE]
	at org.springframework.test.context.junit4.SpringJUnit4ClassRunner.runChild(SpringJUnit4ClassRunner.java:89) [spring-test-4.2.4.RELEASE.jar:4.2.4.RELEASE]
	at org.junit.runners.ParentRunner$3.run(ParentRunner.java:290) [junit-4.12.jar:4.12]
	at org.junit.runners.ParentRunner$1.schedule(ParentRunner.java:71) [junit-4.12.jar:4.12]
	at org.junit.runners.ParentRunner.runChildren(ParentRunner.java:288) [junit-4.12.jar:4.12]
	at org.junit.runners.ParentRunner.access$000(ParentRunner.java:58) [junit-4.12.jar:4.12]
	at org.junit.runners.ParentRunner$2.evaluate(ParentRunner.java:268) [junit-4.12.jar:4.12]
	at org.springframework.test.context.junit4.statements.RunBeforeTestClassCallbacks.evaluate(RunBeforeTestClassCallbacks.java:61) [spring-test-4.2.4.RELEASE.jar:4.2.4.RELEASE]
	at org.springframework.test.context.junit4.statements.RunAfterTestClassCallbacks.evaluate(RunAfterTestClassCallbacks.java:70) [spring-test-4.2.4.RELEASE.jar:4.2.4.RELEASE]
	at org.junit.runners.ParentRunner.run(ParentRunner.java:363) [junit-4.12.jar:4.12]
	at org.springframework.test.context.junit4.SpringJUnit4ClassRunner.run(SpringJUnit4ClassRunner.java:193) [spring-test-4.2.4.RELEASE.jar:4.2.4.RELEASE]
	at org.apache.maven.surefire.junit4.JUnit4Provider.execute(JUnit4Provider.java:264) [surefire-junit4-2.17.jar:2.17]
	at org.apache.maven.surefire.junit4.JUnit4Provider.executeTestSet(JUnit4Provider.java:153) [surefire-junit4-2.17.jar:2.17]
	at org.apache.maven.surefire.junit4.JUnit4Provider.invoke(JUnit4Provider.java:124) [surefire-junit4-2.17.jar:2.17]
	at org.apache.maven.surefire.booter.ForkedBooter.invokeProviderInSameClassLoader(ForkedBooter.java:200) [surefire-booter-2.17.jar:2.17]
	at org.apache.maven.surefire.booter.ForkedBooter.runSuitesInProcess(ForkedBooter.java:153) [surefire-booter-2.17.jar:2.17]
	at org.apache.maven.surefire.booter.ForkedBooter.main(ForkedBooter.java:103) [surefire-booter-2.17.jar:2.17]
Caused by: java.lang.IllegalArgumentException: Cannot instantiate interface org.springframework.context.ApplicationContextInitializer : org.springframework.boot.context.ConfigurationWarningsApplicationContextInitializer
	at org.springframework.boot.SpringApplication.createSpringFactoriesInstances(SpringApplication.java:414) ~[spring-boot-1.3.2.RELEASE.jar:1.3.2.RELEASE]
	at org.springframework.boot.SpringApplication.getSpringFactoriesInstances(SpringApplication.java:394) ~[spring-boot-1.3.2.RELEASE.jar:1.3.2.RELEASE]
	at org.springframework.boot.SpringApplication.getSpringFactoriesInstances(SpringApplication.java:385) ~[spring-boot-1.3.2.RELEASE.jar:1.3.2.RELEASE]
	at org.springframework.boot.SpringApplication.initialize(SpringApplication.java:261) ~[spring-boot-1.3.2.RELEASE.jar:1.3.2.RELEASE]
	at org.springframework.boot.SpringApplication.<init>(SpringApplication.java:237) ~[spring-boot-1.3.2.RELEASE.jar:1.3.2.RELEASE]
	at org.springframework.boot.test.SpringApplicationContextLoader.getSpringApplication(SpringApplicationContextLoader.java:119) ~[spring-boot-1.3.2.RELEASE.jar:1.3.2.RELEASE]
	at org.springframework.boot.test.SpringApplicationContextLoader.loadContext(SpringApplicationContextLoader.java:79) ~[spring-boot-1.3.2.RELEASE.jar:1.3.2.RELEASE]
	at org.springframework.test.context.cache.DefaultCacheAwareContextLoaderDelegate.loadContextInternal(DefaultCacheAwareContextLoaderDelegate.java:98) ~[spring-test-4.2.4.RELEASE.jar:4.2.4.RELEASE]
	at org.springframework.test.context.cache.DefaultCacheAwareContextLoaderDelegate.loadContext(DefaultCacheAwareContextLoaderDelegate.java:116) ~[spring-test-4.2.4.RELEASE.jar:4.2.4.RELEASE]
	... 25 common frames omitted
Caused by: java.lang.IllegalArgumentException: class org.springframework.boot.context.ConfigurationWarningsApplicationContextInitializer is not assignable to interface org.springframework.context.ApplicationContextInitializer
	at org.springframework.util.Assert.isAssignable(Assert.java:376) ~[spring-core-4.2.4.RELEASE.jar:4.2.4.RELEASE]
	at org.springframework.util.Assert.isAssignable(Assert.java:359) ~[spring-core-4.2.4.RELEASE.jar:4.2.4.RELEASE]
	at org.springframework.boot.SpringApplication.createSpringFactoriesInstances(SpringApplication.java:408) ~[spring-boot-1.3.2.RELEASE.jar:1.3.2.RELEASE]
	... 33 common frames omitted
]]></system-out>
  </testcase>
</testsuite>