<?xml version="1.0" encoding="UTF-8"?>
<testsuite name="com.rickhanberryfinal.webservices.BakedGoodWebService_ESTest" time="0.006" tests="7" errors="1" skipped="0" failures="0">
  <properties>
[...]
</properties>
  <testcase name="test6" classname="com.rickhanberryfinal.webservices.BakedGoodWebService_ESTest" time="0.001"/>
  <testcase name="test2" classname="com.rickhanberryfinal.webservices.BakedGoodWebService_ESTest" time="0.001">
    <error message="org/springframework/http/HttpStatus" type="java.lang.NoClassDefFoundError">java.lang.NoClassDefFoundError: org/springframework/http/HttpStatus
	at java.lang.ClassLoader.defineClass1(Native Method)
	at java.lang.ClassLoader.defineClass(ClassLoader.java:760)
	at java.lang.ClassLoader.defineClass(ClassLoader.java:642)
	at org.evosuite.runtime.instrumentation.EvoClassLoader.instrumentClass(EvoClassLoader.java:116)
	at org.evosuite.runtime.instrumentation.EvoClassLoader.loadClass(EvoClassLoader.java:92)
	at org.springframework.http.ResponseEntity.badRequest(ResponseEntity.java:239)
	at com.rickhanberryfinal.webservices.BakedGoodWebService.createBakedGood(BakedGoodWebService.java:39)
	at com.rickhanberryfinal.webservices.BakedGoodWebService_ESTest.test2(BakedGoodWebService_ESTest.java:64)
</error>
    <system-out><![CDATA[23:36:16.510 [Time-limited test] INFO  o.e.r.instrumentation.EvoClassLoader - Seeing class for first time: org.springframework.http.ResponseEntity
23:36:16.510 [Time-limited test] INFO  o.e.r.instrumentation.EvoClassLoader - Instrumenting class 'org.springframework.http.ResponseEntity'.
23:36:16.511 [Time-limited test] INFO  o.e.r.i.MethodCallReplacementClassAdapter - Adding mock interface to class org/springframework/http/ResponseEntity
23:36:16.511 [Time-limited test] INFO  o.e.r.i.CreateClassResetClassAdapter - Creating brand-new static initializer in class org/springframework/http/ResponseEntity
23:36:16.511 [Time-limited test] DEBUG o.e.r.agent.TransformerForTests - Going to instrument: org.springframework.http.ResponseEntity
23:36:16.512 [Time-limited test] INFO  o.e.r.instrumentation.EvoClassLoader - Keeping class: org.springframework.http.ResponseEntity
23:36:16.513 [Time-limited test] INFO  o.e.r.instrumentation.EvoClassLoader - Seeing class for first time: org.springframework.http.HttpStatus
23:36:16.513 [Time-limited test] INFO  o.e.r.instrumentation.EvoClassLoader - Instrumenting class 'org.springframework.http.HttpStatus'.
23:36:16.513 [Time-limited test] INFO  o.e.r.i.MethodCallReplacementClassAdapter - Adding mock interface to class org/springframework/http/HttpStatus
23:36:16.514 [Time-limited test] INFO  o.e.r.i.CreateClassResetClassAdapter - Found static initializer in class org/springframework/http/HttpStatus
23:36:16.515 [Time-limited test] INFO  o.e.r.i.MethodCallReplacementClassAdapter - No hashCode defined for: org/springframework/http/HttpStatus, superclass = java.lang.Enum
23:36:16.515 [Time-limited test] DEBUG o.e.r.agent.TransformerForTests - Going to instrument: org.springframework.http.HttpStatus
23:36:16.516 [Time-limited test] INFO  o.e.r.i.CreateClassResetClassAdapter - Found static initializer in class org/springframework/http/HttpStatus
23:36:16.517 [Time-limited test] INFO  o.e.r.i.MethodCallReplacementClassAdapter - No hashCode defined for: org/springframework/http/HttpStatus, superclass = java.lang.Enum
23:36:16.517 [Time-limited test] INFO  o.e.r.instrumentation.EvoClassLoader - Error while loading class: java.lang.ClassFormatError: Duplicate method name&signature in class file org/springframework/http/HttpStatus
23:36:16.518 [main] INFO  o.e.r.instrumentation.EvoClassLoader - Seeing class for first time: org.springframework.web.bind.annotation.RequestMethod
23:36:16.518 [main] INFO  o.e.r.instrumentation.EvoClassLoader - Instrumenting class 'org.springframework.web.bind.annotation.RequestMethod'.
23:36:16.518 [main] INFO  o.e.r.i.MethodCallReplacementClassAdapter - Adding mock interface to class org/springframework/web/bind/annotation/RequestMethod
23:36:16.518 [main] INFO  o.e.r.i.CreateClassResetClassAdapter - Found static initializer in class org/springframework/web/bind/annotation/RequestMethod
23:36:16.518 [main] INFO  o.e.r.i.MethodCallReplacementClassAdapter - No hashCode defined for: org/springframework/web/bind/annotation/RequestMethod, superclass = java.lang.Enum
23:36:16.518 [main] DEBUG o.e.r.agent.TransformerForTests - Going to instrument: org.springframework.web.bind.annotation.RequestMethod
23:36:16.518 [main] INFO  o.e.r.i.CreateClassResetClassAdapter - Found static initializer in class org/springframework/web/bind/annotation/RequestMethod
23:36:16.518 [main] INFO  o.e.r.i.MethodCallReplacementClassAdapter - No hashCode defined for: org/springframework/web/bind/annotation/RequestMethod, superclass = java.lang.Enum
23:36:16.519 [main] INFO  o.e.r.instrumentation.EvoClassLoader - Error while loading class: java.lang.ClassFormatError: Duplicate method name&signature in class file org/springframework/web/bind/annotation/RequestMethod
23:36:16.519 [main] INFO  o.e.r.instrumentation.EvoClassLoader - Seeing class for first time: org.springframework.http.HttpStatus
23:36:16.519 [main] INFO  o.e.r.instrumentation.EvoClassLoader - Instrumenting class 'org.springframework.http.HttpStatus'.
23:36:16.519 [main] INFO  o.e.r.i.MethodCallReplacementClassAdapter - Adding mock interface to class org/springframework/http/HttpStatus
23:36:16.520 [main] INFO  o.e.r.i.CreateClassResetClassAdapter - Found static initializer in class org/springframework/http/HttpStatus
23:36:16.521 [main] INFO  o.e.r.i.MethodCallReplacementClassAdapter - No hashCode defined for: org/springframework/http/HttpStatus, superclass = java.lang.Enum
23:36:16.521 [main] DEBUG o.e.r.agent.TransformerForTests - Going to instrument: org.springframework.http.HttpStatus
23:36:16.522 [main] INFO  o.e.r.i.CreateClassResetClassAdapter - Found static initializer in class org/springframework/http/HttpStatus
23:36:16.523 [main] INFO  o.e.r.i.MethodCallReplacementClassAdapter - No hashCode defined for: org/springframework/http/HttpStatus, superclass = java.lang.Enum
23:36:16.523 [main] INFO  o.e.r.instrumentation.EvoClassLoader - Error while loading class: java.lang.ClassFormatError: Duplicate method name&signature in class file org/springframework/http/HttpStatus
]]></system-out>
  </testcase>
  <testcase name="test3" classname="com.rickhanberryfinal.webservices.BakedGoodWebService_ESTest" time="0.001"/>
  <testcase name="test4" classname="com.rickhanberryfinal.webservices.BakedGoodWebService_ESTest" time="0.001"/>
  <testcase name="test5" classname="com.rickhanberryfinal.webservices.BakedGoodWebService_ESTest" time="0"/>
  <testcase name="test0" classname="com.rickhanberryfinal.webservices.BakedGoodWebService_ESTest" time="0.001"/>
  <testcase name="test1" classname="com.rickhanberryfinal.webservices.BakedGoodWebService_ESTest" time="0.001"/>
</testsuite>