<?xml version="1.0" encoding="UTF-8"?>
<testsuite name="com.rickhanberryfinal.webservices.UnitOfMeasureWebServiceIntegrationTest" time="0" tests="7" errors="7" skipped="0" failures="0">
  <properties>
[...]
</properties>
  <testcase name="getUnitOfMeasure" classname="com.rickhanberryfinal.webservices.UnitOfMeasureWebServiceIntegrationTest" time="0">
    <error message="Failed to load ApplicationContext" type="java.lang.IllegalStateException"><![CDATA[java.lang.IllegalStateException: Failed to load ApplicationContext
	at org.springframework.test.context.cache.DefaultCacheAwareContextLoaderDelegate.loadContext(DefaultCacheAwareContextLoaderDelegate.java:124)
	at org.springframework.test.context.support.DefaultTestContext.getApplicationContext(DefaultTestContext.java:83)
	at org.springframework.test.context.support.DependencyInjectionTestExecutionListener.injectDependencies(DependencyInjectionTestExecutionListener.java:117)
	at org.springframework.test.context.support.DependencyInjectionTestExecutionListener.prepareTestInstance(DependencyInjectionTestExecutionListener.java:83)
	at org.springframework.test.context.TestContextManager.prepareTestInstance(TestContextManager.java:228)
	at org.springframework.test.context.junit4.SpringJUnit4ClassRunner.createTest(SpringJUnit4ClassRunner.java:230)
	at org.springframework.test.context.junit4.SpringJUnit4ClassRunner$1.runReflectiveCall(SpringJUnit4ClassRunner.java:289)
	at org.junit.internal.runners.model.ReflectiveCallable.run(ReflectiveCallable.java:12)
	at org.springframework.test.context.junit4.SpringJUnit4ClassRunner.methodBlock(SpringJUnit4ClassRunner.java:291)
	at org.springframework.test.context.junit4.SpringJUnit4ClassRunner.runChild(SpringJUnit4ClassRunner.java:249)
	at org.springframework.test.context.junit4.SpringJUnit4ClassRunner.runChild(SpringJUnit4ClassRunner.java:89)
	at org.junit.runners.ParentRunner$3.run(ParentRunner.java:290)
	at org.junit.runners.ParentRunner$1.schedule(ParentRunner.java:71)
	at org.junit.runners.ParentRunner.runChildren(ParentRunner.java:288)
	at org.junit.runners.ParentRunner.access$000(ParentRunner.java:58)
	at org.junit.runners.ParentRunner$2.evaluate(ParentRunner.java:268)
	at org.springframework.test.context.junit4.statements.RunBeforeTestClassCallbacks.evaluate(RunBeforeTestClassCallbacks.java:61)
	at org.springframework.test.context.junit4.statements.RunAfterTestClassCallbacks.evaluate(RunAfterTestClassCallbacks.java:70)
	at org.junit.runners.ParentRunner.run(ParentRunner.java:363)
	at org.springframework.test.context.junit4.SpringJUnit4ClassRunner.run(SpringJUnit4ClassRunner.java:193)
	at org.apache.maven.surefire.junit4.JUnit4Provider.execute(JUnit4Provider.java:264)
	at org.apache.maven.surefire.junit4.JUnit4Provider.executeTestSet(JUnit4Provider.java:153)
	at org.apache.maven.surefire.junit4.JUnit4Provider.invoke(JUnit4Provider.java:124)
	at org.apache.maven.surefire.booter.ForkedBooter.invokeProviderInSameClassLoader(ForkedBooter.java:200)
	at org.apache.maven.surefire.booter.ForkedBooter.runSuitesInProcess(ForkedBooter.java:153)
	at org.apache.maven.surefire.booter.ForkedBooter.main(ForkedBooter.java:103)
Caused by: java.lang.IllegalArgumentException: Cannot instantiate interface org.springframework.context.ApplicationContextInitializer : org.springframework.boot.context.ConfigurationWarningsApplicationContextInitializer
	at org.springframework.boot.SpringApplication.createSpringFactoriesInstances(SpringApplication.java:414)
	at org.springframework.boot.SpringApplication.getSpringFactoriesInstances(SpringApplication.java:394)
	at org.springframework.boot.SpringApplication.getSpringFactoriesInstances(SpringApplication.java:385)
	at org.springframework.boot.SpringApplication.initialize(SpringApplication.java:261)
	at org.springframework.boot.SpringApplication.<init>(SpringApplication.java:237)
	at org.springframework.boot.test.SpringApplicationContextLoader.getSpringApplication(SpringApplicationContextLoader.java:119)
	at org.springframework.boot.test.SpringApplicationContextLoader.loadContext(SpringApplicationContextLoader.java:79)
	at org.springframework.test.context.cache.DefaultCacheAwareContextLoaderDelegate.loadContextInternal(DefaultCacheAwareContextLoaderDelegate.java:98)
	at org.springframework.test.context.cache.DefaultCacheAwareContextLoaderDelegate.loadContext(DefaultCacheAwareContextLoaderDelegate.java:116)
	at org.springframework.test.context.support.DefaultTestContext.getApplicationContext(DefaultTestContext.java:83)
	at org.springframework.test.context.support.DependencyInjectionTestExecutionListener.injectDependencies(DependencyInjectionTestExecutionListener.java:117)
	at org.springframework.test.context.support.DependencyInjectionTestExecutionListener.prepareTestInstance(DependencyInjectionTestExecutionListener.java:83)
	at org.springframework.test.context.TestContextManager.prepareTestInstance(TestContextManager.java:228)
	at org.springframework.test.context.junit4.SpringJUnit4ClassRunner.createTest(SpringJUnit4ClassRunner.java:230)
	at org.springframework.test.context.junit4.SpringJUnit4ClassRunner$1.runReflectiveCall(SpringJUnit4ClassRunner.java:289)
	at org.junit.internal.runners.model.ReflectiveCallable.run(ReflectiveCallable.java:12)
	at org.springframework.test.context.junit4.SpringJUnit4ClassRunner.methodBlock(SpringJUnit4ClassRunner.java:291)
	at org.springframework.test.context.junit4.SpringJUnit4ClassRunner.runChild(SpringJUnit4ClassRunner.java:249)
	at org.springframework.test.context.junit4.SpringJUnit4ClassRunner.runChild(SpringJUnit4ClassRunner.java:89)
	at org.junit.runners.ParentRunner$3.run(ParentRunner.java:290)
	at org.junit.runners.ParentRunner$1.schedule(ParentRunner.java:71)
	at org.junit.runners.ParentRunner.runChildren(ParentRunner.java:288)
	at org.junit.runners.ParentRunner.access$000(ParentRunner.java:58)
	at org.junit.runners.ParentRunner$2.evaluate(ParentRunner.java:268)
	at org.springframework.test.context.junit4.statements.RunBeforeTestClassCallbacks.evaluate(RunBeforeTestClassCallbacks.java:61)
	at org.springframework.test.context.junit4.statements.RunAfterTestClassCallbacks.evaluate(RunAfterTestClassCallbacks.java:70)
	at org.junit.runners.ParentRunner.run(ParentRunner.java:363)
	at org.springframework.test.context.junit4.SpringJUnit4ClassRunner.run(SpringJUnit4ClassRunner.java:193)
	at org.apache.maven.surefire.junit4.JUnit4Provider.execute(JUnit4Provider.java:264)
	at org.apache.maven.surefire.junit4.JUnit4Provider.executeTestSet(JUnit4Provider.java:153)
	at org.apache.maven.surefire.junit4.JUnit4Provider.invoke(JUnit4Provider.java:124)
	at org.apache.maven.surefire.booter.ForkedBooter.invokeProviderInSameClassLoader(ForkedBooter.java:200)
	at org.apache.maven.surefire.booter.ForkedBooter.runSuitesInProcess(ForkedBooter.java:153)
	at org.apache.maven.surefire.booter.ForkedBooter.main(ForkedBooter.java:103)
Caused by: java.lang.IllegalArgumentException: class org.springframework.boot.context.ConfigurationWarningsApplicationContextInitializer is not assignable to interface org.springframework.context.ApplicationContextInitializer
	at org.springframework.util.Assert.isAssignable(Assert.java:376)
	at org.springframework.util.Assert.isAssignable(Assert.java:359)
	at org.springframework.boot.SpringApplication.createSpringFactoriesInstances(SpringApplication.java:408)
	at org.springframework.boot.SpringApplication.getSpringFactoriesInstances(SpringApplication.java:394)
	at org.springframework.boot.SpringApplication.getSpringFactoriesInstances(SpringApplication.java:385)
	at org.springframework.boot.SpringApplication.initialize(SpringApplication.java:261)
	at org.springframework.boot.SpringApplication.<init>(SpringApplication.java:237)
	at org.springframework.boot.test.SpringApplicationContextLoader.getSpringApplication(SpringApplicationContextLoader.java:119)
	at org.springframework.boot.test.SpringApplicationContextLoader.loadContext(SpringApplicationContextLoader.java:79)
	at org.springframework.test.context.cache.DefaultCacheAwareContextLoaderDelegate.loadContextInternal(DefaultCacheAwareContextLoaderDelegate.java:98)
	at org.springframework.test.context.cache.DefaultCacheAwareContextLoaderDelegate.loadContext(DefaultCacheAwareContextLoaderDelegate.java:116)
	at org.springframework.test.context.support.DefaultTestContext.getApplicationContext(DefaultTestContext.java:83)
	at org.springframework.test.context.support.DependencyInjectionTestExecutionListener.injectDependencies(DependencyInjectionTestExecutionListener.java:117)
	at org.springframework.test.context.support.DependencyInjectionTestExecutionListener.prepareTestInstance(DependencyInjectionTestExecutionListener.java:83)
	at org.springframework.test.context.TestContextManager.prepareTestInstance(TestContextManager.java:228)
	at org.springframework.test.context.junit4.SpringJUnit4ClassRunner.createTest(SpringJUnit4ClassRunner.java:230)
	at org.springframework.test.context.junit4.SpringJUnit4ClassRunner$1.runReflectiveCall(SpringJUnit4ClassRunner.java:289)
	at org.junit.internal.runners.model.ReflectiveCallable.run(ReflectiveCallable.java:12)
	at org.springframework.test.context.junit4.SpringJUnit4ClassRunner.methodBlock(SpringJUnit4ClassRunner.java:291)
	at org.springframework.test.context.junit4.SpringJUnit4ClassRunner.runChild(SpringJUnit4ClassRunner.java:249)
	at org.springframework.test.context.junit4.SpringJUnit4ClassRunner.runChild(SpringJUnit4ClassRunner.java:89)
	at org.junit.runners.ParentRunner$3.run(ParentRunner.java:290)
	at org.junit.runners.ParentRunner$1.schedule(ParentRunner.java:71)
	at org.junit.runners.ParentRunner.runChildren(ParentRunner.java:288)
	at org.junit.runners.ParentRunner.access$000(ParentRunner.java:58)
	at org.junit.runners.ParentRunner$2.evaluate(ParentRunner.java:268)
	at org.springframework.test.context.junit4.statements.RunBeforeTestClassCallbacks.evaluate(RunBeforeTestClassCallbacks.java:61)
	at org.springframework.test.context.junit4.statements.RunAfterTestClassCallbacks.evaluate(RunAfterTestClassCallbacks.java:70)
	at org.junit.runners.ParentRunner.run(ParentRunner.java:363)
	at org.springframework.test.context.junit4.SpringJUnit4ClassRunner.run(SpringJUnit4ClassRunner.java:193)
	at org.apache.maven.surefire.junit4.JUnit4Provider.execute(JUnit4Provider.java:264)
	at org.apache.maven.surefire.junit4.JUnit4Provider.executeTestSet(JUnit4Provider.java:153)
	at org.apache.maven.surefire.junit4.JUnit4Provider.invoke(JUnit4Provider.java:124)
	at org.apache.maven.surefire.booter.ForkedBooter.invokeProviderInSameClassLoader(ForkedBooter.java:200)
	at org.apache.maven.surefire.booter.ForkedBooter.runSuitesInProcess(ForkedBooter.java:153)
	at org.apache.maven.surefire.booter.ForkedBooter.main(ForkedBooter.java:103)
]]></error>
    <system-out><![CDATA[23:36:17.765 [main] DEBUG o.s.t.c.j.SpringJUnit4ClassRunner - SpringJUnit4ClassRunner constructor called with [class com.rickhanberryfinal.webservices.UnitOfMeasureWebServiceIntegrationTest]
23:36:17.769 [main] DEBUG o.s.test.context.BootstrapUtils - Instantiating CacheAwareContextLoaderDelegate from class [org.springframework.test.context.cache.DefaultCacheAwareContextLoaderDelegate]
23:36:17.773 [main] DEBUG o.s.test.context.BootstrapUtils - Instantiating BootstrapContext using constructor [public org.springframework.test.context.support.DefaultBootstrapContext(java.lang.Class,org.springframework.test.context.CacheAwareContextLoaderDelegate)]
23:36:17.774 [main] DEBUG o.s.test.context.BootstrapUtils - Instantiating TestContextBootstrapper for test class [com.rickhanberryfinal.webservices.UnitOfMeasureWebServiceIntegrationTest] from class [org.springframework.test.context.web.WebTestContextBootstrapper]
23:36:17.777 [main] DEBUG o.s.t.c.w.WebTestContextBootstrapper - Found explicit ContextLoader class [org.springframework.boot.test.SpringApplicationContextLoader] for context configuration attributes [ContextConfigurationAttributes@280cc940 declaringClass = 'com.rickhanberryfinal.webservices.UnitOfMeasureWebServiceIntegrationTest', classes = '{class com.rickhanberryfinal.HanberryFinalProjectApplication}', locations = '{}', inheritLocations = true, initializers = '{}', inheritInitializers = true, name = [null], contextLoaderClass = 'org.springframework.boot.test.SpringApplicationContextLoader']
23:36:17.777 [main] DEBUG o.s.t.c.s.AbstractContextLoader - Did not detect default resource location for test class [com.rickhanberryfinal.webservices.UnitOfMeasureWebServiceIntegrationTest]: class path resource [com/rickhanberryfinal/webservices/UnitOfMeasureWebServiceIntegrationTest-context.xml] does not exist
23:36:17.778 [main] DEBUG o.s.t.c.s.AbstractContextLoader - Did not detect default resource location for test class [com.rickhanberryfinal.webservices.UnitOfMeasureWebServiceIntegrationTest]: class path resource [com/rickhanberryfinal/webservices/UnitOfMeasureWebServiceIntegrationTestContext.groovy] does not exist
23:36:17.778 [main] INFO  o.s.t.c.s.AbstractContextLoader - Could not detect default resource locations for test class [com.rickhanberryfinal.webservices.UnitOfMeasureWebServiceIntegrationTest]: no resource found for suffixes {-context.xml, Context.groovy}.
23:36:17.778 [main] DEBUG o.s.t.c.support.ActiveProfilesUtils - Could not find an 'annotation declaring class' for annotation type [org.springframework.test.context.ActiveProfiles] and class [com.rickhanberryfinal.webservices.UnitOfMeasureWebServiceIntegrationTest]
23:36:17.779 [main] INFO  o.s.t.c.w.WebTestContextBootstrapper - Using TestExecutionListeners: [org.springframework.boot.test.IntegrationTestPropertiesListener@331d7260, org.springframework.test.context.support.DirtiesContextBeforeModesTestExecutionListener@6086ba82, org.springframework.test.context.support.DependencyInjectionTestExecutionListener@1065f09, org.springframework.test.context.support.DirtiesContextTestExecutionListener@1acf0703, org.springframework.test.context.transaction.TransactionalTestExecutionListener@4219e848, org.springframework.test.context.jdbc.SqlScriptsTestExecutionListener@179e0823]
23:36:17.780 [main] DEBUG o.s.t.annotation.ProfileValueUtils - Retrieved @ProfileValueSourceConfiguration [null] for test class [com.rickhanberryfinal.webservices.UnitOfMeasureWebServiceIntegrationTest]
23:36:17.780 [main] DEBUG o.s.t.annotation.ProfileValueUtils - Retrieved ProfileValueSource type [class org.springframework.test.annotation.SystemProfileValueSource] for class [com.rickhanberryfinal.webservices.UnitOfMeasureWebServiceIntegrationTest]
23:36:17.781 [main] DEBUG o.s.t.annotation.ProfileValueUtils - Retrieved @ProfileValueSourceConfiguration [null] for test class [com.rickhanberryfinal.webservices.UnitOfMeasureWebServiceIntegrationTest]
23:36:17.782 [main] DEBUG o.s.t.annotation.ProfileValueUtils - Retrieved ProfileValueSource type [class org.springframework.test.annotation.SystemProfileValueSource] for class [com.rickhanberryfinal.webservices.UnitOfMeasureWebServiceIntegrationTest]
23:36:17.783 [main] DEBUG o.s.t.c.s.AbstractDirtiesContextTestExecutionListener - Before test class: context [DefaultTestContext@5b9d7666 testClass = UnitOfMeasureWebServiceIntegrationTest, testInstance = [null], testMethod = [null], testException = [null], mergedContextConfiguration = [WebMergedContextConfiguration@17dee9f9 testClass = UnitOfMeasureWebServiceIntegrationTest, locations = '{}', classes = '{class com.rickhanberryfinal.HanberryFinalProjectApplication}', contextInitializerClasses = '[]', activeProfiles = '{}', propertySourceLocations = '{}', propertySourceProperties = '{}', resourceBasePath = 'src/main/webapp', contextLoader = 'org.springframework.boot.test.SpringApplicationContextLoader', parent = [null]]], class annotated with @DirtiesContext [false] with mode [null].
23:36:17.783 [main] DEBUG o.s.t.annotation.ProfileValueUtils - Retrieved @ProfileValueSourceConfiguration [null] for test class [com.rickhanberryfinal.webservices.UnitOfMeasureWebServiceIntegrationTest]
23:36:17.783 [main] DEBUG o.s.t.annotation.ProfileValueUtils - Retrieved ProfileValueSource type [class org.springframework.test.annotation.SystemProfileValueSource] for class [com.rickhanberryfinal.webservices.UnitOfMeasureWebServiceIntegrationTest]
23:36:17.784 [main] DEBUG o.s.test.util.ReflectionTestUtils - Getting field 'mergedContextConfiguration' from target object [[DefaultTestContext@5b9d7666 testClass = UnitOfMeasureWebServiceIntegrationTest, testInstance = com.rickhanberryfinal.webservices.UnitOfMeasureWebServiceIntegrationTest@61df99e6, testMethod = [null], testException = [null], mergedContextConfiguration = [WebMergedContextConfiguration@17dee9f9 testClass = UnitOfMeasureWebServiceIntegrationTest, locations = '{}', classes = '{class com.rickhanberryfinal.HanberryFinalProjectApplication}', contextInitializerClasses = '[]', activeProfiles = '{}', propertySourceLocations = '{}', propertySourceProperties = '{}', resourceBasePath = 'src/main/webapp', contextLoader = 'org.springframework.boot.test.SpringApplicationContextLoader', parent = [null]]]] or target class [class org.springframework.test.context.support.DefaultTestContext]
23:36:17.785 [main] DEBUG o.s.test.util.ReflectionTestUtils - Setting field 'propertySourceProperties' of type [null] on target object [[WebMergedContextConfiguration@17dee9f9 testClass = UnitOfMeasureWebServiceIntegrationTest, locations = '{}', classes = '{class com.rickhanberryfinal.HanberryFinalProjectApplication}', contextInitializerClasses = '[]', activeProfiles = '{}', propertySourceLocations = '{}', propertySourceProperties = '{}', resourceBasePath = 'src/main/webapp', contextLoader = 'org.springframework.boot.test.SpringApplicationContextLoader', parent = [null]]] or target class [class org.springframework.test.context.web.WebMergedContextConfiguration] to value [[Ljava.lang.String;@165e3835]
23:36:17.787 [main] DEBUG o.s.t.c.s.DependencyInjectionTestExecutionListener - Performing dependency injection for test context [[DefaultTestContext@5b9d7666 testClass = UnitOfMeasureWebServiceIntegrationTest, testInstance = com.rickhanberryfinal.webservices.UnitOfMeasureWebServiceIntegrationTest@61df99e6, testMethod = [null], testException = [null], mergedContextConfiguration = [WebMergedContextConfiguration@17dee9f9 testClass = UnitOfMeasureWebServiceIntegrationTest, locations = '{}', classes = '{class com.rickhanberryfinal.HanberryFinalProjectApplication}', contextInitializerClasses = '[]', activeProfiles = '{}', propertySourceLocations = '{}', propertySourceProperties = '{org.springframework.boot.test.IntegrationTest=true}', resourceBasePath = 'src/main/webapp', contextLoader = 'org.springframework.boot.test.SpringApplicationContextLoader', parent = [null]]]].
23:36:17.790 [main] INFO  o.e.r.instrumentation.EvoClassLoader - Seeing class for first time: org.springframework.web.context.ConfigurableWebApplicationContext
23:36:17.790 [main] INFO  o.e.r.instrumentation.EvoClassLoader - Instrumenting class 'org.springframework.web.context.ConfigurableWebApplicationContext'.
23:36:17.791 [main] INFO  o.e.r.instrumentation.EvoClassLoader - Seeing class for first time: org.springframework.web.context.WebApplicationContext
23:36:17.791 [main] INFO  o.e.r.instrumentation.EvoClassLoader - Instrumenting class 'org.springframework.web.context.WebApplicationContext'.
23:36:17.791 [main] INFO  o.e.r.instrumentation.EvoClassLoader - Seeing class for first time: org.springframework.context.ApplicationContext
23:36:17.791 [main] INFO  o.e.r.instrumentation.EvoClassLoader - Instrumenting class 'org.springframework.context.ApplicationContext'.
23:36:17.791 [main] INFO  o.e.r.instrumentation.EvoClassLoader - Seeing class for first time: org.springframework.core.env.EnvironmentCapable
23:36:17.791 [main] INFO  o.e.r.instrumentation.EvoClassLoader - Instrumenting class 'org.springframework.core.env.EnvironmentCapable'.
23:36:17.791 [main] INFO  o.e.r.instrumentation.EvoClassLoader - Keeping class: org.springframework.core.env.EnvironmentCapable
23:36:17.792 [main] INFO  o.e.r.instrumentation.EvoClassLoader - Seeing class for first time: org.springframework.beans.factory.ListableBeanFactory
23:36:17.792 [main] INFO  o.e.r.instrumentation.EvoClassLoader - Instrumenting class 'org.springframework.beans.factory.ListableBeanFactory'.
23:36:17.792 [main] INFO  o.e.r.instrumentation.EvoClassLoader - Seeing class for first time: org.springframework.beans.factory.BeanFactory
23:36:17.792 [main] INFO  o.e.r.instrumentation.EvoClassLoader - Instrumenting class 'org.springframework.beans.factory.BeanFactory'.
23:36:17.792 [main] INFO  o.e.r.instrumentation.EvoClassLoader - Keeping class: org.springframework.beans.factory.BeanFactory
23:36:17.792 [main] INFO  o.e.r.instrumentation.EvoClassLoader - Keeping class: org.springframework.beans.factory.ListableBeanFactory
23:36:17.792 [main] INFO  o.e.r.instrumentation.EvoClassLoader - Seeing class for first time: org.springframework.beans.factory.HierarchicalBeanFactory
23:36:17.793 [main] INFO  o.e.r.instrumentation.EvoClassLoader - Instrumenting class 'org.springframework.beans.factory.HierarchicalBeanFactory'.
23:36:17.793 [main] INFO  o.e.r.instrumentation.EvoClassLoader - Keeping class: org.springframework.beans.factory.HierarchicalBeanFactory
23:36:17.793 [main] INFO  o.e.r.instrumentation.EvoClassLoader - Seeing class for first time: org.springframework.context.MessageSource
23:36:17.793 [main] INFO  o.e.r.instrumentation.EvoClassLoader - Instrumenting class 'org.springframework.context.MessageSource'.
23:36:17.793 [main] INFO  o.e.r.instrumentation.EvoClassLoader - Keeping class: org.springframework.context.MessageSource
23:36:17.794 [main] INFO  o.e.r.instrumentation.EvoClassLoader - Seeing class for first time: org.springframework.context.ApplicationEventPublisher
23:36:17.794 [main] INFO  o.e.r.instrumentation.EvoClassLoader - Instrumenting class 'org.springframework.context.ApplicationEventPublisher'.
23:36:17.794 [main] INFO  o.e.r.instrumentation.EvoClassLoader - Keeping class: org.springframework.context.ApplicationEventPublisher
23:36:17.794 [main] INFO  o.e.r.instrumentation.EvoClassLoader - Seeing class for first time: org.springframework.core.io.support.ResourcePatternResolver
23:36:17.794 [main] INFO  o.e.r.instrumentation.EvoClassLoader - Instrumenting class 'org.springframework.core.io.support.ResourcePatternResolver'.
23:36:17.794 [main] INFO  o.e.r.instrumentation.EvoClassLoader - Seeing class for first time: org.springframework.core.io.ResourceLoader
23:36:17.794 [main] INFO  o.e.r.instrumentation.EvoClassLoader - Instrumenting class 'org.springframework.core.io.ResourceLoader'.
23:36:17.794 [main] INFO  o.e.r.instrumentation.EvoClassLoader - Keeping class: org.springframework.core.io.ResourceLoader
23:36:17.794 [main] INFO  o.e.r.instrumentation.EvoClassLoader - Keeping class: org.springframework.core.io.support.ResourcePatternResolver
23:36:17.794 [main] INFO  o.e.r.instrumentation.EvoClassLoader - Keeping class: org.springframework.context.ApplicationContext
23:36:17.794 [main] INFO  o.e.r.instrumentation.EvoClassLoader - Keeping class: org.springframework.web.context.WebApplicationContext
23:36:17.794 [main] INFO  o.e.r.instrumentation.EvoClassLoader - Seeing class for first time: org.springframework.context.ConfigurableApplicationContext
23:36:17.794 [main] INFO  o.e.r.instrumentation.EvoClassLoader - Instrumenting class 'org.springframework.context.ConfigurableApplicationContext'.
23:36:17.795 [main] INFO  o.e.r.instrumentation.EvoClassLoader - Seeing class for first time: org.springframework.context.Lifecycle
23:36:17.795 [main] INFO  o.e.r.instrumentation.EvoClassLoader - Instrumenting class 'org.springframework.context.Lifecycle'.
23:36:17.795 [main] INFO  o.e.r.instrumentation.EvoClassLoader - Keeping class: org.springframework.context.Lifecycle
23:36:17.795 [main] INFO  o.e.r.instrumentation.EvoClassLoader - Keeping class: org.springframework.context.ConfigurableApplicationContext
23:36:17.795 [main] INFO  o.e.r.instrumentation.EvoClassLoader - Keeping class: org.springframework.web.context.ConfigurableWebApplicationContext
23:36:17.797 [main] INFO  o.e.r.instrumentation.EvoClassLoader - Seeing class for first time: org.springframework.boot.context.ConfigurationWarningsApplicationContextInitializer
23:36:17.797 [main] INFO  o.e.r.instrumentation.EvoClassLoader - Instrumenting class 'org.springframework.boot.context.ConfigurationWarningsApplicationContextInitializer'.
23:36:17.797 [main] INFO  o.e.r.i.MethodCallReplacementClassAdapter - Adding mock interface to class org/springframework/boot/context/ConfigurationWarningsApplicationContextInitializer
23:36:17.797 [main] INFO  o.e.r.i.CreateClassResetClassAdapter - Found static initializer in class org/springframework/boot/context/ConfigurationWarningsApplicationContextInitializer
23:36:17.797 [main] INFO  o.e.r.i.MethodCallReplacementClassAdapter - No hashCode defined for: org/springframework/boot/context/ConfigurationWarningsApplicationContextInitializer, superclass = java.lang.Object
23:36:17.797 [main] INFO  o.e.r.instrumentation.EvoClassLoader - Seeing class for first time: org.springframework.context.ApplicationContextInitializer
23:36:17.797 [main] INFO  o.e.r.instrumentation.EvoClassLoader - Instrumenting class 'org.springframework.context.ApplicationContextInitializer'.
23:36:17.798 [main] INFO  o.e.r.instrumentation.EvoClassLoader - Keeping class: org.springframework.context.ApplicationContextInitializer
23:36:17.798 [main] INFO  o.e.r.instrumentation.EvoClassLoader - Keeping class: org.springframework.boot.context.ConfigurationWarningsApplicationContextInitializer
23:36:17.799 [main] ERROR o.s.test.context.TestContextManager - Caught exception while allowing TestExecutionListener [org.springframework.test.context.support.DependencyInjectionTestExecutionListener@1065f09] to prepare test instance [com.rickhanberryfinal.webservices.UnitOfMeasureWebServiceIntegrationTest@61df99e6]
java.lang.IllegalStateException: Failed to load ApplicationContext
	at org.springframework.test.context.cache.DefaultCacheAwareContextLoaderDelegate.loadContext(DefaultCacheAwareContextLoaderDelegate.java:124) ~[spring-test-4.2.4.RELEASE.jar:4.2.4.RELEASE]
	at org.springframework.test.context.support.DefaultTestContext.getApplicationContext(DefaultTestContext.java:83) ~[spring-test-4.2.4.RELEASE.jar:4.2.4.RELEASE]
	at org.springframework.test.context.support.DependencyInjectionTestExecutionListener.injectDependencies(DependencyInjectionTestExecutionListener.java:117) ~[spring-test-4.2.4.RELEASE.jar:4.2.4.RELEASE]
	at org.springframework.test.context.support.DependencyInjectionTestExecutionListener.prepareTestInstance(DependencyInjectionTestExecutionListener.java:83) ~[spring-test-4.2.4.RELEASE.jar:4.2.4.RELEASE]
	at org.springframework.test.context.TestContextManager.prepareTestInstance(TestContextManager.java:228) ~[spring-test-4.2.4.RELEASE.jar:4.2.4.RELEASE]
	at org.springframework.test.context.junit4.SpringJUnit4ClassRunner.createTest(SpringJUnit4ClassRunner.java:230) [spring-test-4.2.4.RELEASE.jar:4.2.4.RELEASE]
	at org.springframework.test.context.junit4.SpringJUnit4ClassRunner$1.runReflectiveCall(SpringJUnit4ClassRunner.java:289) [spring-test-4.2.4.RELEASE.jar:4.2.4.RELEASE]
	at org.junit.internal.runners.model.ReflectiveCallable.run(ReflectiveCallable.java:12) [junit-4.12.jar:4.12]
	at org.springframework.test.context.junit4.SpringJUnit4ClassRunner.methodBlock(SpringJUnit4ClassRunner.java:291) [spring-test-4.2.4.RELEASE.jar:4.2.4.RELEASE]
	at org.springframework.test.context.junit4.SpringJUnit4ClassRunner.runChild(SpringJUnit4ClassRunner.java:249) [spring-test-4.2.4.RELEASE.jar:4.2.4.RELEASE]
	at org.springframework.test.context.junit4.SpringJUnit4ClassRunner.runChild(SpringJUnit4ClassRunner.java:89) [spring-test-4.2.4.RELEASE.jar:4.2.4.RELEASE]
	at org.junit.runners.ParentRunner$3.run(ParentRunner.java:290) [junit-4.12.jar:4.12]
	at org.junit.runners.ParentRunner$1.schedule(ParentRunner.java:71) [junit-4.12.jar:4.12]
	at org.junit.runners.ParentRunner.runChildren(ParentRunner.java:288) [junit-4.12.jar:4.12]
	at org.junit.runners.ParentRunner.access$000(ParentRunner.java:58) [junit-4.12.jar:4.12]
	at org.junit.runners.ParentRunner$2.evaluate(ParentRunner.java:268) [junit-4.12.jar:4.12]
	at org.springframework.test.context.junit4.statements.RunBeforeTestClassCallbacks.evaluate(RunBeforeTestClassCallbacks.java:61) [spring-test-4.2.4.RELEASE.jar:4.2.4.RELEASE]
	at org.springframework.test.context.junit4.statements.RunAfterTestClassCallbacks.evaluate(RunAfterTestClassCallbacks.java:70) [spring-test-4.2.4.RELEASE.jar:4.2.4.RELEASE]
	at org.junit.runners.ParentRunner.run(ParentRunner.java:363) [junit-4.12.jar:4.12]
	at org.springframework.test.context.junit4.SpringJUnit4ClassRunner.run(SpringJUnit4ClassRunner.java:193) [spring-test-4.2.4.RELEASE.jar:4.2.4.RELEASE]
	at org.apache.maven.surefire.junit4.JUnit4Provider.execute(JUnit4Provider.java:264) [surefire-junit4-2.17.jar:2.17]
	at org.apache.maven.surefire.junit4.JUnit4Provider.executeTestSet(JUnit4Provider.java:153) [surefire-junit4-2.17.jar:2.17]
	at org.apache.maven.surefire.junit4.JUnit4Provider.invoke(JUnit4Provider.java:124) [surefire-junit4-2.17.jar:2.17]
	at org.apache.maven.surefire.booter.ForkedBooter.invokeProviderInSameClassLoader(ForkedBooter.java:200) [surefire-booter-2.17.jar:2.17]
	at org.apache.maven.surefire.booter.ForkedBooter.runSuitesInProcess(ForkedBooter.java:153) [surefire-booter-2.17.jar:2.17]
	at org.apache.maven.surefire.booter.ForkedBooter.main(ForkedBooter.java:103) [surefire-booter-2.17.jar:2.17]
Caused by: java.lang.IllegalArgumentException: Cannot instantiate interface org.springframework.context.ApplicationContextInitializer : org.springframework.boot.context.ConfigurationWarningsApplicationContextInitializer
	at org.springframework.boot.SpringApplication.createSpringFactoriesInstances(SpringApplication.java:414) ~[spring-boot-1.3.2.RELEASE.jar:1.3.2.RELEASE]
	at org.springframework.boot.SpringApplication.getSpringFactoriesInstances(SpringApplication.java:394) ~[spring-boot-1.3.2.RELEASE.jar:1.3.2.RELEASE]
	at org.springframework.boot.SpringApplication.getSpringFactoriesInstances(SpringApplication.java:385) ~[spring-boot-1.3.2.RELEASE.jar:1.3.2.RELEASE]
	at org.springframework.boot.SpringApplication.initialize(SpringApplication.java:261) ~[spring-boot-1.3.2.RELEASE.jar:1.3.2.RELEASE]
	at org.springframework.boot.SpringApplication.<init>(SpringApplication.java:237) ~[spring-boot-1.3.2.RELEASE.jar:1.3.2.RELEASE]
	at org.springframework.boot.test.SpringApplicationContextLoader.getSpringApplication(SpringApplicationContextLoader.java:119) ~[spring-boot-1.3.2.RELEASE.jar:1.3.2.RELEASE]
	at org.springframework.boot.test.SpringApplicationContextLoader.loadContext(SpringApplicationContextLoader.java:79) ~[spring-boot-1.3.2.RELEASE.jar:1.3.2.RELEASE]
	at org.springframework.test.context.cache.DefaultCacheAwareContextLoaderDelegate.loadContextInternal(DefaultCacheAwareContextLoaderDelegate.java:98) ~[spring-test-4.2.4.RELEASE.jar:4.2.4.RELEASE]
	at org.springframework.test.context.cache.DefaultCacheAwareContextLoaderDelegate.loadContext(DefaultCacheAwareContextLoaderDelegate.java:116) ~[spring-test-4.2.4.RELEASE.jar:4.2.4.RELEASE]
	... 25 common frames omitted
Caused by: java.lang.IllegalArgumentException: class org.springframework.boot.context.ConfigurationWarningsApplicationContextInitializer is not assignable to interface org.springframework.context.ApplicationContextInitializer
	at org.springframework.util.Assert.isAssignable(Assert.java:376) ~[spring-core-4.2.4.RELEASE.jar:4.2.4.RELEASE]
	at org.springframework.util.Assert.isAssignable(Assert.java:359) ~[spring-core-4.2.4.RELEASE.jar:4.2.4.RELEASE]
	at org.springframework.boot.SpringApplication.createSpringFactoriesInstances(SpringApplication.java:408) ~[spring-boot-1.3.2.RELEASE.jar:1.3.2.RELEASE]
	... 33 common frames omitted
23:36:17.799 [main] INFO  o.e.r.instrumentation.EvoClassLoader - Seeing class for first time: com.rickhanberryfinal.webservices.UnitOfMeasureWebServiceIntegrationTest
23:36:17.799 [main] INFO  o.e.r.instrumentation.EvoClassLoader - Instrumenting class 'com.rickhanberryfinal.webservices.UnitOfMeasureWebServiceIntegrationTest'.
23:36:17.799 [main] INFO  o.e.r.i.MethodCallReplacementClassAdapter - Adding mock interface to class com/rickhanberryfinal/webservices/UnitOfMeasureWebServiceIntegrationTest
23:36:17.800 [main] INFO  o.e.r.i.MethodCallReplacementClassAdapter - No hashCode defined for: com/rickhanberryfinal/webservices/UnitOfMeasureWebServiceIntegrationTest, superclass = java.lang.Object
23:36:17.800 [main] INFO  o.e.r.i.CreateClassResetClassAdapter - Creating brand-new static initializer in class com/rickhanberryfinal/webservices/UnitOfMeasureWebServiceIntegrationTest
23:36:17.800 [main] INFO  o.e.r.i.CreateClassResetClassAdapter - Adding bytecode for initializing field DEFAULT_UNIT_OF_MEASURE
23:36:17.800 [main] INFO  o.e.r.i.CreateClassResetClassAdapter - Adding bytecode for initializing field UPDATED_UNIT_OF_MEASURE
23:36:17.800 [main] INFO  o.e.r.instrumentation.EvoClassLoader - Keeping class: com.rickhanberryfinal.webservices.UnitOfMeasureWebServiceIntegrationTest
]]></system-out>
  </testcase>
  <testcase name="getNonExistingUnitOfMeasure" classname="com.rickhanberryfinal.webservices.UnitOfMeasureWebServiceIntegrationTest" time="0">
    <error message="Failed to load ApplicationContext" type="java.lang.IllegalStateException"><![CDATA[java.lang.IllegalStateException: Failed to load ApplicationContext
	at org.springframework.test.context.cache.DefaultCacheAwareContextLoaderDelegate.loadContext(DefaultCacheAwareContextLoaderDelegate.java:124)
	at org.springframework.test.context.support.DefaultTestContext.getApplicationContext(DefaultTestContext.java:83)
	at org.springframework.test.context.support.DependencyInjectionTestExecutionListener.injectDependencies(DependencyInjectionTestExecutionListener.java:117)
	at org.springframework.test.context.support.DependencyInjectionTestExecutionListener.prepareTestInstance(DependencyInjectionTestExecutionListener.java:83)
	at org.springframework.test.context.TestContextManager.prepareTestInstance(TestContextManager.java:228)
	at org.springframework.test.context.junit4.SpringJUnit4ClassRunner.createTest(SpringJUnit4ClassRunner.java:230)
	at org.springframework.test.context.junit4.SpringJUnit4ClassRunner$1.runReflectiveCall(SpringJUnit4ClassRunner.java:289)
	at org.junit.internal.runners.model.ReflectiveCallable.run(ReflectiveCallable.java:12)
	at org.springframework.test.context.junit4.SpringJUnit4ClassRunner.methodBlock(SpringJUnit4ClassRunner.java:291)
	at org.springframework.test.context.junit4.SpringJUnit4ClassRunner.runChild(SpringJUnit4ClassRunner.java:249)
	at org.springframework.test.context.junit4.SpringJUnit4ClassRunner.runChild(SpringJUnit4ClassRunner.java:89)
	at org.junit.runners.ParentRunner$3.run(ParentRunner.java:290)
	at org.junit.runners.ParentRunner$1.schedule(ParentRunner.java:71)
	at org.junit.runners.ParentRunner.runChildren(ParentRunner.java:288)
	at org.junit.runners.ParentRunner.access$000(ParentRunner.java:58)
	at org.junit.runners.ParentRunner$2.evaluate(ParentRunner.java:268)
	at org.springframework.test.context.junit4.statements.RunBeforeTestClassCallbacks.evaluate(RunBeforeTestClassCallbacks.java:61)
	at org.springframework.test.context.junit4.statements.RunAfterTestClassCallbacks.evaluate(RunAfterTestClassCallbacks.java:70)
	at org.junit.runners.ParentRunner.run(ParentRunner.java:363)
	at org.springframework.test.context.junit4.SpringJUnit4ClassRunner.run(SpringJUnit4ClassRunner.java:193)
	at org.apache.maven.surefire.junit4.JUnit4Provider.execute(JUnit4Provider.java:264)
	at org.apache.maven.surefire.junit4.JUnit4Provider.executeTestSet(JUnit4Provider.java:153)
	at org.apache.maven.surefire.junit4.JUnit4Provider.invoke(JUnit4Provider.java:124)
	at org.apache.maven.surefire.booter.ForkedBooter.invokeProviderInSameClassLoader(ForkedBooter.java:200)
	at org.apache.maven.surefire.booter.ForkedBooter.runSuitesInProcess(ForkedBooter.java:153)
	at org.apache.maven.surefire.booter.ForkedBooter.main(ForkedBooter.java:103)
Caused by: java.lang.IllegalArgumentException: Cannot instantiate interface org.springframework.context.ApplicationContextInitializer : org.springframework.boot.context.ConfigurationWarningsApplicationContextInitializer
	at org.springframework.boot.SpringApplication.createSpringFactoriesInstances(SpringApplication.java:414)
	at org.springframework.boot.SpringApplication.getSpringFactoriesInstances(SpringApplication.java:394)
	at org.springframework.boot.SpringApplication.getSpringFactoriesInstances(SpringApplication.java:385)
	at org.springframework.boot.SpringApplication.initialize(SpringApplication.java:261)
	at org.springframework.boot.SpringApplication.<init>(SpringApplication.java:237)
	at org.springframework.boot.test.SpringApplicationContextLoader.getSpringApplication(SpringApplicationContextLoader.java:119)
	at org.springframework.boot.test.SpringApplicationContextLoader.loadContext(SpringApplicationContextLoader.java:79)
	at org.springframework.test.context.cache.DefaultCacheAwareContextLoaderDelegate.loadContextInternal(DefaultCacheAwareContextLoaderDelegate.java:98)
	at org.springframework.test.context.cache.DefaultCacheAwareContextLoaderDelegate.loadContext(DefaultCacheAwareContextLoaderDelegate.java:116)
	at org.springframework.test.context.support.DefaultTestContext.getApplicationContext(DefaultTestContext.java:83)
	at org.springframework.test.context.support.DependencyInjectionTestExecutionListener.injectDependencies(DependencyInjectionTestExecutionListener.java:117)
	at org.springframework.test.context.support.DependencyInjectionTestExecutionListener.prepareTestInstance(DependencyInjectionTestExecutionListener.java:83)
	at org.springframework.test.context.TestContextManager.prepareTestInstance(TestContextManager.java:228)
	at org.springframework.test.context.junit4.SpringJUnit4ClassRunner.createTest(SpringJUnit4ClassRunner.java:230)
	at org.springframework.test.context.junit4.SpringJUnit4ClassRunner$1.runReflectiveCall(SpringJUnit4ClassRunner.java:289)
	at org.junit.internal.runners.model.ReflectiveCallable.run(ReflectiveCallable.java:12)
	at org.springframework.test.context.junit4.SpringJUnit4ClassRunner.methodBlock(SpringJUnit4ClassRunner.java:291)
	at org.springframework.test.context.junit4.SpringJUnit4ClassRunner.runChild(SpringJUnit4ClassRunner.java:249)
	at org.springframework.test.context.junit4.SpringJUnit4ClassRunner.runChild(SpringJUnit4ClassRunner.java:89)
	at org.junit.runners.ParentRunner$3.run(ParentRunner.java:290)
	at org.junit.runners.ParentRunner$1.schedule(ParentRunner.java:71)
	at org.junit.runners.ParentRunner.runChildren(ParentRunner.java:288)
	at org.junit.runners.ParentRunner.access$000(ParentRunner.java:58)
	at org.junit.runners.ParentRunner$2.evaluate(ParentRunner.java:268)
	at org.springframework.test.context.junit4.statements.RunBeforeTestClassCallbacks.evaluate(RunBeforeTestClassCallbacks.java:61)
	at org.springframework.test.context.junit4.statements.RunAfterTestClassCallbacks.evaluate(RunAfterTestClassCallbacks.java:70)
	at org.junit.runners.ParentRunner.run(ParentRunner.java:363)
	at org.springframework.test.context.junit4.SpringJUnit4ClassRunner.run(SpringJUnit4ClassRunner.java:193)
	at org.apache.maven.surefire.junit4.JUnit4Provider.execute(JUnit4Provider.java:264)
	at org.apache.maven.surefire.junit4.JUnit4Provider.executeTestSet(JUnit4Provider.java:153)
	at org.apache.maven.surefire.junit4.JUnit4Provider.invoke(JUnit4Provider.java:124)
	at org.apache.maven.surefire.booter.ForkedBooter.invokeProviderInSameClassLoader(ForkedBooter.java:200)
	at org.apache.maven.surefire.booter.ForkedBooter.runSuitesInProcess(ForkedBooter.java:153)
	at org.apache.maven.surefire.booter.ForkedBooter.main(ForkedBooter.java:103)
Caused by: java.lang.IllegalArgumentException: class org.springframework.boot.context.ConfigurationWarningsApplicationContextInitializer is not assignable to interface org.springframework.context.ApplicationContextInitializer
	at org.springframework.util.Assert.isAssignable(Assert.java:376)
	at org.springframework.util.Assert.isAssignable(Assert.java:359)
	at org.springframework.boot.SpringApplication.createSpringFactoriesInstances(SpringApplication.java:408)
	at org.springframework.boot.SpringApplication.getSpringFactoriesInstances(SpringApplication.java:394)
	at org.springframework.boot.SpringApplication.getSpringFactoriesInstances(SpringApplication.java:385)
	at org.springframework.boot.SpringApplication.initialize(SpringApplication.java:261)
	at org.springframework.boot.SpringApplication.<init>(SpringApplication.java:237)
	at org.springframework.boot.test.SpringApplicationContextLoader.getSpringApplication(SpringApplicationContextLoader.java:119)
	at org.springframework.boot.test.SpringApplicationContextLoader.loadContext(SpringApplicationContextLoader.java:79)
	at org.springframework.test.context.cache.DefaultCacheAwareContextLoaderDelegate.loadContextInternal(DefaultCacheAwareContextLoaderDelegate.java:98)
	at org.springframework.test.context.cache.DefaultCacheAwareContextLoaderDelegate.loadContext(DefaultCacheAwareContextLoaderDelegate.java:116)
	at org.springframework.test.context.support.DefaultTestContext.getApplicationContext(DefaultTestContext.java:83)
	at org.springframework.test.context.support.DependencyInjectionTestExecutionListener.injectDependencies(DependencyInjectionTestExecutionListener.java:117)
	at org.springframework.test.context.support.DependencyInjectionTestExecutionListener.prepareTestInstance(DependencyInjectionTestExecutionListener.java:83)
	at org.springframework.test.context.TestContextManager.prepareTestInstance(TestContextManager.java:228)
	at org.springframework.test.context.junit4.SpringJUnit4ClassRunner.createTest(SpringJUnit4ClassRunner.java:230)
	at org.springframework.test.context.junit4.SpringJUnit4ClassRunner$1.runReflectiveCall(SpringJUnit4ClassRunner.java:289)
	at org.junit.internal.runners.model.ReflectiveCallable.run(ReflectiveCallable.java:12)
	at org.springframework.test.context.junit4.SpringJUnit4ClassRunner.methodBlock(SpringJUnit4ClassRunner.java:291)
	at org.springframework.test.context.junit4.SpringJUnit4ClassRunner.runChild(SpringJUnit4ClassRunner.java:249)
	at org.springframework.test.context.junit4.SpringJUnit4ClassRunner.runChild(SpringJUnit4ClassRunner.java:89)
	at org.junit.runners.ParentRunner$3.run(ParentRunner.java:290)
	at org.junit.runners.ParentRunner$1.schedule(ParentRunner.java:71)
	at org.junit.runners.ParentRunner.runChildren(ParentRunner.java:288)
	at org.junit.runners.ParentRunner.access$000(ParentRunner.java:58)
	at org.junit.runners.ParentRunner$2.evaluate(ParentRunner.java:268)
	at org.springframework.test.context.junit4.statements.RunBeforeTestClassCallbacks.evaluate(RunBeforeTestClassCallbacks.java:61)
	at org.springframework.test.context.junit4.statements.RunAfterTestClassCallbacks.evaluate(RunAfterTestClassCallbacks.java:70)
	at org.junit.runners.ParentRunner.run(ParentRunner.java:363)
	at org.springframework.test.context.junit4.SpringJUnit4ClassRunner.run(SpringJUnit4ClassRunner.java:193)
	at org.apache.maven.surefire.junit4.JUnit4Provider.execute(JUnit4Provider.java:264)
	at org.apache.maven.surefire.junit4.JUnit4Provider.executeTestSet(JUnit4Provider.java:153)
	at org.apache.maven.surefire.junit4.JUnit4Provider.invoke(JUnit4Provider.java:124)
	at org.apache.maven.surefire.booter.ForkedBooter.invokeProviderInSameClassLoader(ForkedBooter.java:200)
	at org.apache.maven.surefire.booter.ForkedBooter.runSuitesInProcess(ForkedBooter.java:153)
	at org.apache.maven.surefire.booter.ForkedBooter.main(ForkedBooter.java:103)
]]></error>
    <system-out><![CDATA[23:36:17.800 [main] DEBUG o.s.t.annotation.ProfileValueUtils - Retrieved @ProfileValueSourceConfiguration [null] for test class [com.rickhanberryfinal.webservices.UnitOfMeasureWebServiceIntegrationTest]
23:36:17.800 [main] DEBUG o.s.t.annotation.ProfileValueUtils - Retrieved ProfileValueSource type [class org.springframework.test.annotation.SystemProfileValueSource] for class [com.rickhanberryfinal.webservices.UnitOfMeasureWebServiceIntegrationTest]
23:36:17.801 [main] DEBUG o.s.test.util.ReflectionTestUtils - Getting field 'mergedContextConfiguration' from target object [[DefaultTestContext@5b9d7666 testClass = UnitOfMeasureWebServiceIntegrationTest, testInstance = com.rickhanberryfinal.webservices.UnitOfMeasureWebServiceIntegrationTest@74f1c9b9, testMethod = [null], testException = [null], mergedContextConfiguration = [WebMergedContextConfiguration@17dee9f9 testClass = UnitOfMeasureWebServiceIntegrationTest, locations = '{}', classes = '{class com.rickhanberryfinal.HanberryFinalProjectApplication}', contextInitializerClasses = '[]', activeProfiles = '{}', propertySourceLocations = '{}', propertySourceProperties = '{org.springframework.boot.test.IntegrationTest=true}', resourceBasePath = 'src/main/webapp', contextLoader = 'org.springframework.boot.test.SpringApplicationContextLoader', parent = [null]]]] or target class [class org.springframework.test.context.support.DefaultTestContext]
23:36:17.801 [main] DEBUG o.s.test.util.ReflectionTestUtils - Setting field 'propertySourceProperties' of type [null] on target object [[WebMergedContextConfiguration@17dee9f9 testClass = UnitOfMeasureWebServiceIntegrationTest, locations = '{}', classes = '{class com.rickhanberryfinal.HanberryFinalProjectApplication}', contextInitializerClasses = '[]', activeProfiles = '{}', propertySourceLocations = '{}', propertySourceProperties = '{org.springframework.boot.test.IntegrationTest=true}', resourceBasePath = 'src/main/webapp', contextLoader = 'org.springframework.boot.test.SpringApplicationContextLoader', parent = [null]]] or target class [class org.springframework.test.context.web.WebMergedContextConfiguration] to value [[Ljava.lang.String;@5742a4bb]
23:36:17.801 [main] DEBUG o.s.t.c.s.DependencyInjectionTestExecutionListener - Performing dependency injection for test context [[DefaultTestContext@5b9d7666 testClass = UnitOfMeasureWebServiceIntegrationTest, testInstance = com.rickhanberryfinal.webservices.UnitOfMeasureWebServiceIntegrationTest@74f1c9b9, testMethod = [null], testException = [null], mergedContextConfiguration = [WebMergedContextConfiguration@17dee9f9 testClass = UnitOfMeasureWebServiceIntegrationTest, locations = '{}', classes = '{class com.rickhanberryfinal.HanberryFinalProjectApplication}', contextInitializerClasses = '[]', activeProfiles = '{}', propertySourceLocations = '{}', propertySourceProperties = '{org.springframework.boot.test.IntegrationTest=true}', resourceBasePath = 'src/main/webapp', contextLoader = 'org.springframework.boot.test.SpringApplicationContextLoader', parent = [null]]]].
23:36:17.804 [main] ERROR o.s.test.context.TestContextManager - Caught exception while allowing TestExecutionListener [org.springframework.test.context.support.DependencyInjectionTestExecutionListener@1065f09] to prepare test instance [com.rickhanberryfinal.webservices.UnitOfMeasureWebServiceIntegrationTest@74f1c9b9]
java.lang.IllegalStateException: Failed to load ApplicationContext
	at org.springframework.test.context.cache.DefaultCacheAwareContextLoaderDelegate.loadContext(DefaultCacheAwareContextLoaderDelegate.java:124) ~[spring-test-4.2.4.RELEASE.jar:4.2.4.RELEASE]
	at org.springframework.test.context.support.DefaultTestContext.getApplicationContext(DefaultTestContext.java:83) ~[spring-test-4.2.4.RELEASE.jar:4.2.4.RELEASE]
	at org.springframework.test.context.support.DependencyInjectionTestExecutionListener.injectDependencies(DependencyInjectionTestExecutionListener.java:117) ~[spring-test-4.2.4.RELEASE.jar:4.2.4.RELEASE]
	at org.springframework.test.context.support.DependencyInjectionTestExecutionListener.prepareTestInstance(DependencyInjectionTestExecutionListener.java:83) ~[spring-test-4.2.4.RELEASE.jar:4.2.4.RELEASE]
	at org.springframework.test.context.TestContextManager.prepareTestInstance(TestContextManager.java:228) ~[spring-test-4.2.4.RELEASE.jar:4.2.4.RELEASE]
	at org.springframework.test.context.junit4.SpringJUnit4ClassRunner.createTest(SpringJUnit4ClassRunner.java:230) [spring-test-4.2.4.RELEASE.jar:4.2.4.RELEASE]
	at org.springframework.test.context.junit4.SpringJUnit4ClassRunner$1.runReflectiveCall(SpringJUnit4ClassRunner.java:289) [spring-test-4.2.4.RELEASE.jar:4.2.4.RELEASE]
	at org.junit.internal.runners.model.ReflectiveCallable.run(ReflectiveCallable.java:12) [junit-4.12.jar:4.12]
	at org.springframework.test.context.junit4.SpringJUnit4ClassRunner.methodBlock(SpringJUnit4ClassRunner.java:291) [spring-test-4.2.4.RELEASE.jar:4.2.4.RELEASE]
	at org.springframework.test.context.junit4.SpringJUnit4ClassRunner.runChild(SpringJUnit4ClassRunner.java:249) [spring-test-4.2.4.RELEASE.jar:4.2.4.RELEASE]
	at org.springframework.test.context.junit4.SpringJUnit4ClassRunner.runChild(SpringJUnit4ClassRunner.java:89) [spring-test-4.2.4.RELEASE.jar:4.2.4.RELEASE]
	at org.junit.runners.ParentRunner$3.run(ParentRunner.java:290) [junit-4.12.jar:4.12]
	at org.junit.runners.ParentRunner$1.schedule(ParentRunner.java:71) [junit-4.12.jar:4.12]
	at org.junit.runners.ParentRunner.runChildren(ParentRunner.java:288) [junit-4.12.jar:4.12]
	at org.junit.runners.ParentRunner.access$000(ParentRunner.java:58) [junit-4.12.jar:4.12]
	at org.junit.runners.ParentRunner$2.evaluate(ParentRunner.java:268) [junit-4.12.jar:4.12]
	at org.springframework.test.context.junit4.statements.RunBeforeTestClassCallbacks.evaluate(RunBeforeTestClassCallbacks.java:61) [spring-test-4.2.4.RELEASE.jar:4.2.4.RELEASE]
	at org.springframework.test.context.junit4.statements.RunAfterTestClassCallbacks.evaluate(RunAfterTestClassCallbacks.java:70) [spring-test-4.2.4.RELEASE.jar:4.2.4.RELEASE]
	at org.junit.runners.ParentRunner.run(ParentRunner.java:363) [junit-4.12.jar:4.12]
	at org.springframework.test.context.junit4.SpringJUnit4ClassRunner.run(SpringJUnit4ClassRunner.java:193) [spring-test-4.2.4.RELEASE.jar:4.2.4.RELEASE]
	at org.apache.maven.surefire.junit4.JUnit4Provider.execute(JUnit4Provider.java:264) [surefire-junit4-2.17.jar:2.17]
	at org.apache.maven.surefire.junit4.JUnit4Provider.executeTestSet(JUnit4Provider.java:153) [surefire-junit4-2.17.jar:2.17]
	at org.apache.maven.surefire.junit4.JUnit4Provider.invoke(JUnit4Provider.java:124) [surefire-junit4-2.17.jar:2.17]
	at org.apache.maven.surefire.booter.ForkedBooter.invokeProviderInSameClassLoader(ForkedBooter.java:200) [surefire-booter-2.17.jar:2.17]
	at org.apache.maven.surefire.booter.ForkedBooter.runSuitesInProcess(ForkedBooter.java:153) [surefire-booter-2.17.jar:2.17]
	at org.apache.maven.surefire.booter.ForkedBooter.main(ForkedBooter.java:103) [surefire-booter-2.17.jar:2.17]
Caused by: java.lang.IllegalArgumentException: Cannot instantiate interface org.springframework.context.ApplicationContextInitializer : org.springframework.boot.context.ConfigurationWarningsApplicationContextInitializer
	at org.springframework.boot.SpringApplication.createSpringFactoriesInstances(SpringApplication.java:414) ~[spring-boot-1.3.2.RELEASE.jar:1.3.2.RELEASE]
	at org.springframework.boot.SpringApplication.getSpringFactoriesInstances(SpringApplication.java:394) ~[spring-boot-1.3.2.RELEASE.jar:1.3.2.RELEASE]
	at org.springframework.boot.SpringApplication.getSpringFactoriesInstances(SpringApplication.java:385) ~[spring-boot-1.3.2.RELEASE.jar:1.3.2.RELEASE]
	at org.springframework.boot.SpringApplication.initialize(SpringApplication.java:261) ~[spring-boot-1.3.2.RELEASE.jar:1.3.2.RELEASE]
	at org.springframework.boot.SpringApplication.<init>(SpringApplication.java:237) ~[spring-boot-1.3.2.RELEASE.jar:1.3.2.RELEASE]
	at org.springframework.boot.test.SpringApplicationContextLoader.getSpringApplication(SpringApplicationContextLoader.java:119) ~[spring-boot-1.3.2.RELEASE.jar:1.3.2.RELEASE]
	at org.springframework.boot.test.SpringApplicationContextLoader.loadContext(SpringApplicationContextLoader.java:79) ~[spring-boot-1.3.2.RELEASE.jar:1.3.2.RELEASE]
	at org.springframework.test.context.cache.DefaultCacheAwareContextLoaderDelegate.loadContextInternal(DefaultCacheAwareContextLoaderDelegate.java:98) ~[spring-test-4.2.4.RELEASE.jar:4.2.4.RELEASE]
	at org.springframework.test.context.cache.DefaultCacheAwareContextLoaderDelegate.loadContext(DefaultCacheAwareContextLoaderDelegate.java:116) ~[spring-test-4.2.4.RELEASE.jar:4.2.4.RELEASE]
	... 25 common frames omitted
Caused by: java.lang.IllegalArgumentException: class org.springframework.boot.context.ConfigurationWarningsApplicationContextInitializer is not assignable to interface org.springframework.context.ApplicationContextInitializer
	at org.springframework.util.Assert.isAssignable(Assert.java:376) ~[spring-core-4.2.4.RELEASE.jar:4.2.4.RELEASE]
	at org.springframework.util.Assert.isAssignable(Assert.java:359) ~[spring-core-4.2.4.RELEASE.jar:4.2.4.RELEASE]
	at org.springframework.boot.SpringApplication.createSpringFactoriesInstances(SpringApplication.java:408) ~[spring-boot-1.3.2.RELEASE.jar:1.3.2.RELEASE]
	... 33 common frames omitted
]]></system-out>
  </testcase>
  <testcase name="deleteUnitOfMeasure" classname="com.rickhanberryfinal.webservices.UnitOfMeasureWebServiceIntegrationTest" time="0">
    <error message="Failed to load ApplicationContext" type="java.lang.IllegalStateException"><![CDATA[java.lang.IllegalStateException: Failed to load ApplicationContext
	at org.springframework.test.context.cache.DefaultCacheAwareContextLoaderDelegate.loadContext(DefaultCacheAwareContextLoaderDelegate.java:124)
	at org.springframework.test.context.support.DefaultTestContext.getApplicationContext(DefaultTestContext.java:83)
	at org.springframework.test.context.support.DependencyInjectionTestExecutionListener.injectDependencies(DependencyInjectionTestExecutionListener.java:117)
	at org.springframework.test.context.support.DependencyInjectionTestExecutionListener.prepareTestInstance(DependencyInjectionTestExecutionListener.java:83)
	at org.springframework.test.context.TestContextManager.prepareTestInstance(TestContextManager.java:228)
	at org.springframework.test.context.junit4.SpringJUnit4ClassRunner.createTest(SpringJUnit4ClassRunner.java:230)
	at org.springframework.test.context.junit4.SpringJUnit4ClassRunner$1.runReflectiveCall(SpringJUnit4ClassRunner.java:289)
	at org.junit.internal.runners.model.ReflectiveCallable.run(ReflectiveCallable.java:12)
	at org.springframework.test.context.junit4.SpringJUnit4ClassRunner.methodBlock(SpringJUnit4ClassRunner.java:291)
	at org.springframework.test.context.junit4.SpringJUnit4ClassRunner.runChild(SpringJUnit4ClassRunner.java:249)
	at org.springframework.test.context.junit4.SpringJUnit4ClassRunner.runChild(SpringJUnit4ClassRunner.java:89)
	at org.junit.runners.ParentRunner$3.run(ParentRunner.java:290)
	at org.junit.runners.ParentRunner$1.schedule(ParentRunner.java:71)
	at org.junit.runners.ParentRunner.runChildren(ParentRunner.java:288)
	at org.junit.runners.ParentRunner.access$000(ParentRunner.java:58)
	at org.junit.runners.ParentRunner$2.evaluate(ParentRunner.java:268)
	at org.springframework.test.context.junit4.statements.RunBeforeTestClassCallbacks.evaluate(RunBeforeTestClassCallbacks.java:61)
	at org.springframework.test.context.junit4.statements.RunAfterTestClassCallbacks.evaluate(RunAfterTestClassCallbacks.java:70)
	at org.junit.runners.ParentRunner.run(ParentRunner.java:363)
	at org.springframework.test.context.junit4.SpringJUnit4ClassRunner.run(SpringJUnit4ClassRunner.java:193)
	at org.apache.maven.surefire.junit4.JUnit4Provider.execute(JUnit4Provider.java:264)
	at org.apache.maven.surefire.junit4.JUnit4Provider.executeTestSet(JUnit4Provider.java:153)
	at org.apache.maven.surefire.junit4.JUnit4Provider.invoke(JUnit4Provider.java:124)
	at org.apache.maven.surefire.booter.ForkedBooter.invokeProviderInSameClassLoader(ForkedBooter.java:200)
	at org.apache.maven.surefire.booter.ForkedBooter.runSuitesInProcess(ForkedBooter.java:153)
	at org.apache.maven.surefire.booter.ForkedBooter.main(ForkedBooter.java:103)
Caused by: java.lang.IllegalArgumentException: Cannot instantiate interface org.springframework.context.ApplicationContextInitializer : org.springframework.boot.context.ConfigurationWarningsApplicationContextInitializer
	at org.springframework.boot.SpringApplication.createSpringFactoriesInstances(SpringApplication.java:414)
	at org.springframework.boot.SpringApplication.getSpringFactoriesInstances(SpringApplication.java:394)
	at org.springframework.boot.SpringApplication.getSpringFactoriesInstances(SpringApplication.java:385)
	at org.springframework.boot.SpringApplication.initialize(SpringApplication.java:261)
	at org.springframework.boot.SpringApplication.<init>(SpringApplication.java:237)
	at org.springframework.boot.test.SpringApplicationContextLoader.getSpringApplication(SpringApplicationContextLoader.java:119)
	at org.springframework.boot.test.SpringApplicationContextLoader.loadContext(SpringApplicationContextLoader.java:79)
	at org.springframework.test.context.cache.DefaultCacheAwareContextLoaderDelegate.loadContextInternal(DefaultCacheAwareContextLoaderDelegate.java:98)
	at org.springframework.test.context.cache.DefaultCacheAwareContextLoaderDelegate.loadContext(DefaultCacheAwareContextLoaderDelegate.java:116)
	at org.springframework.test.context.support.DefaultTestContext.getApplicationContext(DefaultTestContext.java:83)
	at org.springframework.test.context.support.DependencyInjectionTestExecutionListener.injectDependencies(DependencyInjectionTestExecutionListener.java:117)
	at org.springframework.test.context.support.DependencyInjectionTestExecutionListener.prepareTestInstance(DependencyInjectionTestExecutionListener.java:83)
	at org.springframework.test.context.TestContextManager.prepareTestInstance(TestContextManager.java:228)
	at org.springframework.test.context.junit4.SpringJUnit4ClassRunner.createTest(SpringJUnit4ClassRunner.java:230)
	at org.springframework.test.context.junit4.SpringJUnit4ClassRunner$1.runReflectiveCall(SpringJUnit4ClassRunner.java:289)
	at org.junit.internal.runners.model.ReflectiveCallable.run(ReflectiveCallable.java:12)
	at org.springframework.test.context.junit4.SpringJUnit4ClassRunner.methodBlock(SpringJUnit4ClassRunner.java:291)
	at org.springframework.test.context.junit4.SpringJUnit4ClassRunner.runChild(SpringJUnit4ClassRunner.java:249)
	at org.springframework.test.context.junit4.SpringJUnit4ClassRunner.runChild(SpringJUnit4ClassRunner.java:89)
	at org.junit.runners.ParentRunner$3.run(ParentRunner.java:290)
	at org.junit.runners.ParentRunner$1.schedule(ParentRunner.java:71)
	at org.junit.runners.ParentRunner.runChildren(ParentRunner.java:288)
	at org.junit.runners.ParentRunner.access$000(ParentRunner.java:58)
	at org.junit.runners.ParentRunner$2.evaluate(ParentRunner.java:268)
	at org.springframework.test.context.junit4.statements.RunBeforeTestClassCallbacks.evaluate(RunBeforeTestClassCallbacks.java:61)
	at org.springframework.test.context.junit4.statements.RunAfterTestClassCallbacks.evaluate(RunAfterTestClassCallbacks.java:70)
	at org.junit.runners.ParentRunner.run(ParentRunner.java:363)
	at org.springframework.test.context.junit4.SpringJUnit4ClassRunner.run(SpringJUnit4ClassRunner.java:193)
	at org.apache.maven.surefire.junit4.JUnit4Provider.execute(JUnit4Provider.java:264)
	at org.apache.maven.surefire.junit4.JUnit4Provider.executeTestSet(JUnit4Provider.java:153)
	at org.apache.maven.surefire.junit4.JUnit4Provider.invoke(JUnit4Provider.java:124)
	at org.apache.maven.surefire.booter.ForkedBooter.invokeProviderInSameClassLoader(ForkedBooter.java:200)
	at org.apache.maven.surefire.booter.ForkedBooter.runSuitesInProcess(ForkedBooter.java:153)
	at org.apache.maven.surefire.booter.ForkedBooter.main(ForkedBooter.java:103)
Caused by: java.lang.IllegalArgumentException: class org.springframework.boot.context.ConfigurationWarningsApplicationContextInitializer is not assignable to interface org.springframework.context.ApplicationContextInitializer
	at org.springframework.util.Assert.isAssignable(Assert.java:376)
	at org.springframework.util.Assert.isAssignable(Assert.java:359)
	at org.springframework.boot.SpringApplication.createSpringFactoriesInstances(SpringApplication.java:408)
	at org.springframework.boot.SpringApplication.getSpringFactoriesInstances(SpringApplication.java:394)
	at org.springframework.boot.SpringApplication.getSpringFactoriesInstances(SpringApplication.java:385)
	at org.springframework.boot.SpringApplication.initialize(SpringApplication.java:261)
	at org.springframework.boot.SpringApplication.<init>(SpringApplication.java:237)
	at org.springframework.boot.test.SpringApplicationContextLoader.getSpringApplication(SpringApplicationContextLoader.java:119)
	at org.springframework.boot.test.SpringApplicationContextLoader.loadContext(SpringApplicationContextLoader.java:79)
	at org.springframework.test.context.cache.DefaultCacheAwareContextLoaderDelegate.loadContextInternal(DefaultCacheAwareContextLoaderDelegate.java:98)
	at org.springframework.test.context.cache.DefaultCacheAwareContextLoaderDelegate.loadContext(DefaultCacheAwareContextLoaderDelegate.java:116)
	at org.springframework.test.context.support.DefaultTestContext.getApplicationContext(DefaultTestContext.java:83)
	at org.springframework.test.context.support.DependencyInjectionTestExecutionListener.injectDependencies(DependencyInjectionTestExecutionListener.java:117)
	at org.springframework.test.context.support.DependencyInjectionTestExecutionListener.prepareTestInstance(DependencyInjectionTestExecutionListener.java:83)
	at org.springframework.test.context.TestContextManager.prepareTestInstance(TestContextManager.java:228)
	at org.springframework.test.context.junit4.SpringJUnit4ClassRunner.createTest(SpringJUnit4ClassRunner.java:230)
	at org.springframework.test.context.junit4.SpringJUnit4ClassRunner$1.runReflectiveCall(SpringJUnit4ClassRunner.java:289)
	at org.junit.internal.runners.model.ReflectiveCallable.run(ReflectiveCallable.java:12)
	at org.springframework.test.context.junit4.SpringJUnit4ClassRunner.methodBlock(SpringJUnit4ClassRunner.java:291)
	at org.springframework.test.context.junit4.SpringJUnit4ClassRunner.runChild(SpringJUnit4ClassRunner.java:249)
	at org.springframework.test.context.junit4.SpringJUnit4ClassRunner.runChild(SpringJUnit4ClassRunner.java:89)
	at org.junit.runners.ParentRunner$3.run(ParentRunner.java:290)
	at org.junit.runners.ParentRunner$1.schedule(ParentRunner.java:71)
	at org.junit.runners.ParentRunner.runChildren(ParentRunner.java:288)
	at org.junit.runners.ParentRunner.access$000(ParentRunner.java:58)
	at org.junit.runners.ParentRunner$2.evaluate(ParentRunner.java:268)
	at org.springframework.test.context.junit4.statements.RunBeforeTestClassCallbacks.evaluate(RunBeforeTestClassCallbacks.java:61)
	at org.springframework.test.context.junit4.statements.RunAfterTestClassCallbacks.evaluate(RunAfterTestClassCallbacks.java:70)
	at org.junit.runners.ParentRunner.run(ParentRunner.java:363)
	at org.springframework.test.context.junit4.SpringJUnit4ClassRunner.run(SpringJUnit4ClassRunner.java:193)
	at org.apache.maven.surefire.junit4.JUnit4Provider.execute(JUnit4Provider.java:264)
	at org.apache.maven.surefire.junit4.JUnit4Provider.executeTestSet(JUnit4Provider.java:153)
	at org.apache.maven.surefire.junit4.JUnit4Provider.invoke(JUnit4Provider.java:124)
	at org.apache.maven.surefire.booter.ForkedBooter.invokeProviderInSameClassLoader(ForkedBooter.java:200)
	at org.apache.maven.surefire.booter.ForkedBooter.runSuitesInProcess(ForkedBooter.java:153)
	at org.apache.maven.surefire.booter.ForkedBooter.main(ForkedBooter.java:103)
]]></error>
    <system-out><![CDATA[23:36:17.806 [main] DEBUG o.s.t.annotation.ProfileValueUtils - Retrieved @ProfileValueSourceConfiguration [null] for test class [com.rickhanberryfinal.webservices.UnitOfMeasureWebServiceIntegrationTest]
23:36:17.806 [main] DEBUG o.s.t.annotation.ProfileValueUtils - Retrieved ProfileValueSource type [class org.springframework.test.annotation.SystemProfileValueSource] for class [com.rickhanberryfinal.webservices.UnitOfMeasureWebServiceIntegrationTest]
23:36:17.807 [main] DEBUG o.s.test.util.ReflectionTestUtils - Getting field 'mergedContextConfiguration' from target object [[DefaultTestContext@5b9d7666 testClass = UnitOfMeasureWebServiceIntegrationTest, testInstance = com.rickhanberryfinal.webservices.UnitOfMeasureWebServiceIntegrationTest@6222ee67, testMethod = [null], testException = [null], mergedContextConfiguration = [WebMergedContextConfiguration@17dee9f9 testClass = UnitOfMeasureWebServiceIntegrationTest, locations = '{}', classes = '{class com.rickhanberryfinal.HanberryFinalProjectApplication}', contextInitializerClasses = '[]', activeProfiles = '{}', propertySourceLocations = '{}', propertySourceProperties = '{org.springframework.boot.test.IntegrationTest=true}', resourceBasePath = 'src/main/webapp', contextLoader = 'org.springframework.boot.test.SpringApplicationContextLoader', parent = [null]]]] or target class [class org.springframework.test.context.support.DefaultTestContext]
23:36:17.807 [main] DEBUG o.s.test.util.ReflectionTestUtils - Setting field 'propertySourceProperties' of type [null] on target object [[WebMergedContextConfiguration@17dee9f9 testClass = UnitOfMeasureWebServiceIntegrationTest, locations = '{}', classes = '{class com.rickhanberryfinal.HanberryFinalProjectApplication}', contextInitializerClasses = '[]', activeProfiles = '{}', propertySourceLocations = '{}', propertySourceProperties = '{org.springframework.boot.test.IntegrationTest=true}', resourceBasePath = 'src/main/webapp', contextLoader = 'org.springframework.boot.test.SpringApplicationContextLoader', parent = [null]]] or target class [class org.springframework.test.context.web.WebMergedContextConfiguration] to value [[Ljava.lang.String;@5fca8642]
23:36:17.807 [main] DEBUG o.s.t.c.s.DependencyInjectionTestExecutionListener - Performing dependency injection for test context [[DefaultTestContext@5b9d7666 testClass = UnitOfMeasureWebServiceIntegrationTest, testInstance = com.rickhanberryfinal.webservices.UnitOfMeasureWebServiceIntegrationTest@6222ee67, testMethod = [null], testException = [null], mergedContextConfiguration = [WebMergedContextConfiguration@17dee9f9 testClass = UnitOfMeasureWebServiceIntegrationTest, locations = '{}', classes = '{class com.rickhanberryfinal.HanberryFinalProjectApplication}', contextInitializerClasses = '[]', activeProfiles = '{}', propertySourceLocations = '{}', propertySourceProperties = '{org.springframework.boot.test.IntegrationTest=true}', resourceBasePath = 'src/main/webapp', contextLoader = 'org.springframework.boot.test.SpringApplicationContextLoader', parent = [null]]]].
23:36:17.809 [main] ERROR o.s.test.context.TestContextManager - Caught exception while allowing TestExecutionListener [org.springframework.test.context.support.DependencyInjectionTestExecutionListener@1065f09] to prepare test instance [com.rickhanberryfinal.webservices.UnitOfMeasureWebServiceIntegrationTest@6222ee67]
java.lang.IllegalStateException: Failed to load ApplicationContext
	at org.springframework.test.context.cache.DefaultCacheAwareContextLoaderDelegate.loadContext(DefaultCacheAwareContextLoaderDelegate.java:124) ~[spring-test-4.2.4.RELEASE.jar:4.2.4.RELEASE]
	at org.springframework.test.context.support.DefaultTestContext.getApplicationContext(DefaultTestContext.java:83) ~[spring-test-4.2.4.RELEASE.jar:4.2.4.RELEASE]
	at org.springframework.test.context.support.DependencyInjectionTestExecutionListener.injectDependencies(DependencyInjectionTestExecutionListener.java:117) ~[spring-test-4.2.4.RELEASE.jar:4.2.4.RELEASE]
	at org.springframework.test.context.support.DependencyInjectionTestExecutionListener.prepareTestInstance(DependencyInjectionTestExecutionListener.java:83) ~[spring-test-4.2.4.RELEASE.jar:4.2.4.RELEASE]
	at org.springframework.test.context.TestContextManager.prepareTestInstance(TestContextManager.java:228) ~[spring-test-4.2.4.RELEASE.jar:4.2.4.RELEASE]
	at org.springframework.test.context.junit4.SpringJUnit4ClassRunner.createTest(SpringJUnit4ClassRunner.java:230) [spring-test-4.2.4.RELEASE.jar:4.2.4.RELEASE]
	at org.springframework.test.context.junit4.SpringJUnit4ClassRunner$1.runReflectiveCall(SpringJUnit4ClassRunner.java:289) [spring-test-4.2.4.RELEASE.jar:4.2.4.RELEASE]
	at org.junit.internal.runners.model.ReflectiveCallable.run(ReflectiveCallable.java:12) [junit-4.12.jar:4.12]
	at org.springframework.test.context.junit4.SpringJUnit4ClassRunner.methodBlock(SpringJUnit4ClassRunner.java:291) [spring-test-4.2.4.RELEASE.jar:4.2.4.RELEASE]
	at org.springframework.test.context.junit4.SpringJUnit4ClassRunner.runChild(SpringJUnit4ClassRunner.java:249) [spring-test-4.2.4.RELEASE.jar:4.2.4.RELEASE]
	at org.springframework.test.context.junit4.SpringJUnit4ClassRunner.runChild(SpringJUnit4ClassRunner.java:89) [spring-test-4.2.4.RELEASE.jar:4.2.4.RELEASE]
	at org.junit.runners.ParentRunner$3.run(ParentRunner.java:290) [junit-4.12.jar:4.12]
	at org.junit.runners.ParentRunner$1.schedule(ParentRunner.java:71) [junit-4.12.jar:4.12]
	at org.junit.runners.ParentRunner.runChildren(ParentRunner.java:288) [junit-4.12.jar:4.12]
	at org.junit.runners.ParentRunner.access$000(ParentRunner.java:58) [junit-4.12.jar:4.12]
	at org.junit.runners.ParentRunner$2.evaluate(ParentRunner.java:268) [junit-4.12.jar:4.12]
	at org.springframework.test.context.junit4.statements.RunBeforeTestClassCallbacks.evaluate(RunBeforeTestClassCallbacks.java:61) [spring-test-4.2.4.RELEASE.jar:4.2.4.RELEASE]
	at org.springframework.test.context.junit4.statements.RunAfterTestClassCallbacks.evaluate(RunAfterTestClassCallbacks.java:70) [spring-test-4.2.4.RELEASE.jar:4.2.4.RELEASE]
	at org.junit.runners.ParentRunner.run(ParentRunner.java:363) [junit-4.12.jar:4.12]
	at org.springframework.test.context.junit4.SpringJUnit4ClassRunner.run(SpringJUnit4ClassRunner.java:193) [spring-test-4.2.4.RELEASE.jar:4.2.4.RELEASE]
	at org.apache.maven.surefire.junit4.JUnit4Provider.execute(JUnit4Provider.java:264) [surefire-junit4-2.17.jar:2.17]
	at org.apache.maven.surefire.junit4.JUnit4Provider.executeTestSet(JUnit4Provider.java:153) [surefire-junit4-2.17.jar:2.17]
	at org.apache.maven.surefire.junit4.JUnit4Provider.invoke(JUnit4Provider.java:124) [surefire-junit4-2.17.jar:2.17]
	at org.apache.maven.surefire.booter.ForkedBooter.invokeProviderInSameClassLoader(ForkedBooter.java:200) [surefire-booter-2.17.jar:2.17]
	at org.apache.maven.surefire.booter.ForkedBooter.runSuitesInProcess(ForkedBooter.java:153) [surefire-booter-2.17.jar:2.17]
	at org.apache.maven.surefire.booter.ForkedBooter.main(ForkedBooter.java:103) [surefire-booter-2.17.jar:2.17]
Caused by: java.lang.IllegalArgumentException: Cannot instantiate interface org.springframework.context.ApplicationContextInitializer : org.springframework.boot.context.ConfigurationWarningsApplicationContextInitializer
	at org.springframework.boot.SpringApplication.createSpringFactoriesInstances(SpringApplication.java:414) ~[spring-boot-1.3.2.RELEASE.jar:1.3.2.RELEASE]
	at org.springframework.boot.SpringApplication.getSpringFactoriesInstances(SpringApplication.java:394) ~[spring-boot-1.3.2.RELEASE.jar:1.3.2.RELEASE]
	at org.springframework.boot.SpringApplication.getSpringFactoriesInstances(SpringApplication.java:385) ~[spring-boot-1.3.2.RELEASE.jar:1.3.2.RELEASE]
	at org.springframework.boot.SpringApplication.initialize(SpringApplication.java:261) ~[spring-boot-1.3.2.RELEASE.jar:1.3.2.RELEASE]
	at org.springframework.boot.SpringApplication.<init>(SpringApplication.java:237) ~[spring-boot-1.3.2.RELEASE.jar:1.3.2.RELEASE]
	at org.springframework.boot.test.SpringApplicationContextLoader.getSpringApplication(SpringApplicationContextLoader.java:119) ~[spring-boot-1.3.2.RELEASE.jar:1.3.2.RELEASE]
	at org.springframework.boot.test.SpringApplicationContextLoader.loadContext(SpringApplicationContextLoader.java:79) ~[spring-boot-1.3.2.RELEASE.jar:1.3.2.RELEASE]
	at org.springframework.test.context.cache.DefaultCacheAwareContextLoaderDelegate.loadContextInternal(DefaultCacheAwareContextLoaderDelegate.java:98) ~[spring-test-4.2.4.RELEASE.jar:4.2.4.RELEASE]
	at org.springframework.test.context.cache.DefaultCacheAwareContextLoaderDelegate.loadContext(DefaultCacheAwareContextLoaderDelegate.java:116) ~[spring-test-4.2.4.RELEASE.jar:4.2.4.RELEASE]
	... 25 common frames omitted
Caused by: java.lang.IllegalArgumentException: class org.springframework.boot.context.ConfigurationWarningsApplicationContextInitializer is not assignable to interface org.springframework.context.ApplicationContextInitializer
	at org.springframework.util.Assert.isAssignable(Assert.java:376) ~[spring-core-4.2.4.RELEASE.jar:4.2.4.RELEASE]
	at org.springframework.util.Assert.isAssignable(Assert.java:359) ~[spring-core-4.2.4.RELEASE.jar:4.2.4.RELEASE]
	at org.springframework.boot.SpringApplication.createSpringFactoriesInstances(SpringApplication.java:408) ~[spring-boot-1.3.2.RELEASE.jar:1.3.2.RELEASE]
	... 33 common frames omitted
]]></system-out>
  </testcase>
  <testcase name="updateUnitOfMeasure" classname="com.rickhanberryfinal.webservices.UnitOfMeasureWebServiceIntegrationTest" time="0">
    <error message="Failed to load ApplicationContext" type="java.lang.IllegalStateException"><![CDATA[java.lang.IllegalStateException: Failed to load ApplicationContext
	at org.springframework.test.context.cache.DefaultCacheAwareContextLoaderDelegate.loadContext(DefaultCacheAwareContextLoaderDelegate.java:124)
	at org.springframework.test.context.support.DefaultTestContext.getApplicationContext(DefaultTestContext.java:83)
	at org.springframework.test.context.support.DependencyInjectionTestExecutionListener.injectDependencies(DependencyInjectionTestExecutionListener.java:117)
	at org.springframework.test.context.support.DependencyInjectionTestExecutionListener.prepareTestInstance(DependencyInjectionTestExecutionListener.java:83)
	at org.springframework.test.context.TestContextManager.prepareTestInstance(TestContextManager.java:228)
	at org.springframework.test.context.junit4.SpringJUnit4ClassRunner.createTest(SpringJUnit4ClassRunner.java:230)
	at org.springframework.test.context.junit4.SpringJUnit4ClassRunner$1.runReflectiveCall(SpringJUnit4ClassRunner.java:289)
	at org.junit.internal.runners.model.ReflectiveCallable.run(ReflectiveCallable.java:12)
	at org.springframework.test.context.junit4.SpringJUnit4ClassRunner.methodBlock(SpringJUnit4ClassRunner.java:291)
	at org.springframework.test.context.junit4.SpringJUnit4ClassRunner.runChild(SpringJUnit4ClassRunner.java:249)
	at org.springframework.test.context.junit4.SpringJUnit4ClassRunner.runChild(SpringJUnit4ClassRunner.java:89)
	at org.junit.runners.ParentRunner$3.run(ParentRunner.java:290)
	at org.junit.runners.ParentRunner$1.schedule(ParentRunner.java:71)
	at org.junit.runners.ParentRunner.runChildren(ParentRunner.java:288)
	at org.junit.runners.ParentRunner.access$000(ParentRunner.java:58)
	at org.junit.runners.ParentRunner$2.evaluate(ParentRunner.java:268)
	at org.springframework.test.context.junit4.statements.RunBeforeTestClassCallbacks.evaluate(RunBeforeTestClassCallbacks.java:61)
	at org.springframework.test.context.junit4.statements.RunAfterTestClassCallbacks.evaluate(RunAfterTestClassCallbacks.java:70)
	at org.junit.runners.ParentRunner.run(ParentRunner.java:363)
	at org.springframework.test.context.junit4.SpringJUnit4ClassRunner.run(SpringJUnit4ClassRunner.java:193)
	at org.apache.maven.surefire.junit4.JUnit4Provider.execute(JUnit4Provider.java:264)
	at org.apache.maven.surefire.junit4.JUnit4Provider.executeTestSet(JUnit4Provider.java:153)
	at org.apache.maven.surefire.junit4.JUnit4Provider.invoke(JUnit4Provider.java:124)
	at org.apache.maven.surefire.booter.ForkedBooter.invokeProviderInSameClassLoader(ForkedBooter.java:200)
	at org.apache.maven.surefire.booter.ForkedBooter.runSuitesInProcess(ForkedBooter.java:153)
	at org.apache.maven.surefire.booter.ForkedBooter.main(ForkedBooter.java:103)
Caused by: java.lang.IllegalArgumentException: Cannot instantiate interface org.springframework.context.ApplicationContextInitializer : org.springframework.boot.context.ConfigurationWarningsApplicationContextInitializer
	at org.springframework.boot.SpringApplication.createSpringFactoriesInstances(SpringApplication.java:414)
	at org.springframework.boot.SpringApplication.getSpringFactoriesInstances(SpringApplication.java:394)
	at org.springframework.boot.SpringApplication.getSpringFactoriesInstances(SpringApplication.java:385)
	at org.springframework.boot.SpringApplication.initialize(SpringApplication.java:261)
	at org.springframework.boot.SpringApplication.<init>(SpringApplication.java:237)
	at org.springframework.boot.test.SpringApplicationContextLoader.getSpringApplication(SpringApplicationContextLoader.java:119)
	at org.springframework.boot.test.SpringApplicationContextLoader.loadContext(SpringApplicationContextLoader.java:79)
	at org.springframework.test.context.cache.DefaultCacheAwareContextLoaderDelegate.loadContextInternal(DefaultCacheAwareContextLoaderDelegate.java:98)
	at org.springframework.test.context.cache.DefaultCacheAwareContextLoaderDelegate.loadContext(DefaultCacheAwareContextLoaderDelegate.java:116)
	at org.springframework.test.context.support.DefaultTestContext.getApplicationContext(DefaultTestContext.java:83)
	at org.springframework.test.context.support.DependencyInjectionTestExecutionListener.injectDependencies(DependencyInjectionTestExecutionListener.java:117)
	at org.springframework.test.context.support.DependencyInjectionTestExecutionListener.prepareTestInstance(DependencyInjectionTestExecutionListener.java:83)
	at org.springframework.test.context.TestContextManager.prepareTestInstance(TestContextManager.java:228)
	at org.springframework.test.context.junit4.SpringJUnit4ClassRunner.createTest(SpringJUnit4ClassRunner.java:230)
	at org.springframework.test.context.junit4.SpringJUnit4ClassRunner$1.runReflectiveCall(SpringJUnit4ClassRunner.java:289)
	at org.junit.internal.runners.model.ReflectiveCallable.run(ReflectiveCallable.java:12)
	at org.springframework.test.context.junit4.SpringJUnit4ClassRunner.methodBlock(SpringJUnit4ClassRunner.java:291)
	at org.springframework.test.context.junit4.SpringJUnit4ClassRunner.runChild(SpringJUnit4ClassRunner.java:249)
	at org.springframework.test.context.junit4.SpringJUnit4ClassRunner.runChild(SpringJUnit4ClassRunner.java:89)
	at org.junit.runners.ParentRunner$3.run(ParentRunner.java:290)
	at org.junit.runners.ParentRunner$1.schedule(ParentRunner.java:71)
	at org.junit.runners.ParentRunner.runChildren(ParentRunner.java:288)
	at org.junit.runners.ParentRunner.access$000(ParentRunner.java:58)
	at org.junit.runners.ParentRunner$2.evaluate(ParentRunner.java:268)
	at org.springframework.test.context.junit4.statements.RunBeforeTestClassCallbacks.evaluate(RunBeforeTestClassCallbacks.java:61)
	at org.springframework.test.context.junit4.statements.RunAfterTestClassCallbacks.evaluate(RunAfterTestClassCallbacks.java:70)
	at org.junit.runners.ParentRunner.run(ParentRunner.java:363)
	at org.springframework.test.context.junit4.SpringJUnit4ClassRunner.run(SpringJUnit4ClassRunner.java:193)
	at org.apache.maven.surefire.junit4.JUnit4Provider.execute(JUnit4Provider.java:264)
	at org.apache.maven.surefire.junit4.JUnit4Provider.executeTestSet(JUnit4Provider.java:153)
	at org.apache.maven.surefire.junit4.JUnit4Provider.invoke(JUnit4Provider.java:124)
	at org.apache.maven.surefire.booter.ForkedBooter.invokeProviderInSameClassLoader(ForkedBooter.java:200)
	at org.apache.maven.surefire.booter.ForkedBooter.runSuitesInProcess(ForkedBooter.java:153)
	at org.apache.maven.surefire.booter.ForkedBooter.main(ForkedBooter.java:103)
[...]
]]></system-out>
  </testcase>
  <testcase name="getAllUnitOfMeasures" classname="com.rickhanberryfinal.webservices.UnitOfMeasureWebServiceIntegrationTest" time="0">
    <error message="Failed to load ApplicationContext" type="java.lang.IllegalStateException"><![CDATA[java.lang.IllegalStateException: Failed to load ApplicationContext
	at org.springframework.test.context.cache.DefaultCacheAwareContextLoaderDelegate.loadContext(DefaultCacheAwareContextLoaderDelegate.java:124)
	at org.springframework.test.context.support.DefaultTestContext.getApplicationContext(DefaultTestContext.java:83)
	at org.springframework.test.context.support.DependencyInjectionTestExecutionListener.injectDependencies(DependencyInjectionTestExecutionListener.java:117)
	at org.springframework.test.context.support.DependencyInjectionTestExecutionListener.prepareTestInstance(DependencyInjectionTestExecutionListener.java:83)
	at org.springframework.test.context.TestContextManager.prepareTestInstance(TestContextManager.java:228)
	at org.springframework.test.context.junit4.SpringJUnit4ClassRunner.createTest(SpringJUnit4ClassRunner.java:230)
	at org.springframework.test.context.junit4.SpringJUnit4ClassRunner$1.runReflectiveCall(SpringJUnit4ClassRunner.java:289)
	at org.junit.internal.runners.model.ReflectiveCallable.run(ReflectiveCallable.java:12)
	at org.springframework.test.context.junit4.SpringJUnit4ClassRunner.methodBlock(SpringJUnit4ClassRunner.java:291)
	at org.springframework.test.context.junit4.SpringJUnit4ClassRunner.runChild(SpringJUnit4ClassRunner.java:249)
	at org.springframework.test.context.junit4.SpringJUnit4ClassRunner.runChild(SpringJUnit4ClassRunner.java:89)
	at org.junit.runners.ParentRunner$3.run(ParentRunner.java:290)
	at org.junit.runners.ParentRunner$1.schedule(ParentRunner.java:71)
	at org.junit.runners.ParentRunner.runChildren(ParentRunner.java:288)
	at org.junit.runners.ParentRunner.access$000(ParentRunner.java:58)
	at org.junit.runners.ParentRunner$2.evaluate(ParentRunner.java:268)
	at org.springframework.test.context.junit4.statements.RunBeforeTestClassCallbacks.evaluate(RunBeforeTestClassCallbacks.java:61)
	at org.springframework.test.context.junit4.statements.RunAfterTestClassCallbacks.evaluate(RunAfterTestClassCallbacks.java:70)
	at org.junit.runners.ParentRunner.run(ParentRunner.java:363)
	at org.springframework.test.context.junit4.SpringJUnit4ClassRunner.run(SpringJUnit4ClassRunner.java:193)
	at org.apache.maven.surefire.junit4.JUnit4Provider.execute(JUnit4Provider.java:264)
	at org.apache.maven.surefire.junit4.JUnit4Provider.executeTestSet(JUnit4Provider.java:153)
	at org.apache.maven.surefire.junit4.JUnit4Provider.invoke(JUnit4Provider.java:124)
	at org.apache.maven.surefire.booter.ForkedBooter.invokeProviderInSameClassLoader(ForkedBooter.java:200)
	at org.apache.maven.surefire.booter.ForkedBooter.runSuitesInProcess(ForkedBooter.java:153)
	at org.apache.maven.surefire.booter.ForkedBooter.main(ForkedBooter.java:103)
Caused by: java.lang.IllegalArgumentException: Cannot instantiate interface org.springframework.context.ApplicationContextInitializer : org.springframework.boot.context.ConfigurationWarningsApplicationContextInitializer
	at org.springframework.boot.SpringApplication.createSpringFactoriesInstances(SpringApplication.java:414)
	at org.springframework.boot.SpringApplication.getSpringFactoriesInstances(SpringApplication.java:394)
	at org.springframework.boot.SpringApplication.getSpringFactoriesInstances(SpringApplication.java:385)
	at org.springframework.boot.SpringApplication.initialize(SpringApplication.java:261)
	at org.springframework.boot.SpringApplication.<init>(SpringApplication.java:237)
	at org.springframework.boot.test.SpringApplicationContextLoader.getSpringApplication(SpringApplicationContextLoader.java:119)
	at org.springframework.boot.test.SpringApplicationContextLoader.loadContext(SpringApplicationContextLoader.java:79)
	at org.springframework.test.context.cache.DefaultCacheAwareContextLoaderDelegate.loadContextInternal(DefaultCacheAwareContextLoaderDelegate.java:98)
	at org.springframework.test.context.cache.DefaultCacheAwareContextLoaderDelegate.loadContext(DefaultCacheAwareContextLoaderDelegate.java:116)
	at org.springframework.test.context.support.DefaultTestContext.getApplicationContext(DefaultTestContext.java:83)
	at org.springframework.test.context.support.DependencyInjectionTestExecutionListener.injectDependencies(DependencyInjectionTestExecutionListener.java:117)
	at org.springframework.test.context.support.DependencyInjectionTestExecutionListener.prepareTestInstance(DependencyInjectionTestExecutionListener.java:83)
	at org.springframework.test.context.TestContextManager.prepareTestInstance(TestContextManager.java:228)
	at org.springframework.test.context.junit4.SpringJUnit4ClassRunner.createTest(SpringJUnit4ClassRunner.java:230)
	at org.springframework.test.context.junit4.SpringJUnit4ClassRunner$1.runReflectiveCall(SpringJUnit4ClassRunner.java:289)
	at org.junit.internal.runners.model.ReflectiveCallable.run(ReflectiveCallable.java:12)
	at org.springframework.test.context.junit4.SpringJUnit4ClassRunner.methodBlock(SpringJUnit4ClassRunner.java:291)
	at org.springframework.test.context.junit4.SpringJUnit4ClassRunner.runChild(SpringJUnit4ClassRunner.java:249)
	at org.springframework.test.context.junit4.SpringJUnit4ClassRunner.runChild(SpringJUnit4ClassRunner.java:89)
	at org.junit.runners.ParentRunner$3.run(ParentRunner.java:290)
	at org.junit.runners.ParentRunner$1.schedule(ParentRunner.java:71)
	at org.junit.runners.ParentRunner.runChildren(ParentRunner.java:288)
	at org.junit.runners.ParentRunner.access$000(ParentRunner.java:58)
	at org.junit.runners.ParentRunner$2.evaluate(ParentRunner.java:268)
	at org.springframework.test.context.junit4.statements.RunBeforeTestClassCallbacks.evaluate(RunBeforeTestClassCallbacks.java:61)
	at org.springframework.test.context.junit4.statements.RunAfterTestClassCallbacks.evaluate(RunAfterTestClassCallbacks.java:70)
	at org.junit.runners.ParentRunner.run(ParentRunner.java:363)
	at org.springframework.test.context.junit4.SpringJUnit4ClassRunner.run(SpringJUnit4ClassRunner.java:193)
	at org.apache.maven.surefire.junit4.JUnit4Provider.execute(JUnit4Provider.java:264)
	at org.apache.maven.surefire.junit4.JUnit4Provider.executeTestSet(JUnit4Provider.java:153)
	at org.apache.maven.surefire.junit4.JUnit4Provider.invoke(JUnit4Provider.java:124)
	at org.apache.maven.surefire.booter.ForkedBooter.invokeProviderInSameClassLoader(ForkedBooter.java:200)
	at org.apache.maven.surefire.booter.ForkedBooter.runSuitesInProcess(ForkedBooter.java:153)
	at org.apache.maven.surefire.booter.ForkedBooter.main(ForkedBooter.java:103)
Caused by: java.lang.IllegalArgumentException: class org.springframework.boot.context.ConfigurationWarningsApplicationContextInitializer is not assignable to interface org.springframework.context.ApplicationContextInitializer
	at org.springframework.util.Assert.isAssignable(Assert.java:376)
	at org.springframework.util.Assert.isAssignable(Assert.java:359)
	at org.springframework.boot.SpringApplication.createSpringFactoriesInstances(SpringApplication.java:408)
	at org.springframework.boot.SpringApplication.getSpringFactoriesInstances(SpringApplication.java:394)
	at org.springframework.boot.SpringApplication.getSpringFactoriesInstances(SpringApplication.java:385)
	at org.springframework.boot.SpringApplication.initialize(SpringApplication.java:261)
	at org.springframework.boot.SpringApplication.<init>(SpringApplication.java:237)
	at org.springframework.boot.test.SpringApplicationContextLoader.getSpringApplication(SpringApplicationContextLoader.java:119)
	at org.springframework.boot.test.SpringApplicationContextLoader.loadContext(SpringApplicationContextLoader.java:79)
	at org.springframework.test.context.cache.DefaultCacheAwareContextLoaderDelegate.loadContextInternal(DefaultCacheAwareContextLoaderDelegate.java:98)
	at org.springframework.test.context.cache.DefaultCacheAwareContextLoaderDelegate.loadContext(DefaultCacheAwareContextLoaderDelegate.java:116)
	at org.springframework.test.context.support.DefaultTestContext.getApplicationContext(DefaultTestContext.java:83)
	at org.springframework.test.context.support.DependencyInjectionTestExecutionListener.injectDependencies(DependencyInjectionTestExecutionListener.java:117)
	at org.springframework.test.context.support.DependencyInjectionTestExecutionListener.prepareTestInstance(DependencyInjectionTestExecutionListener.java:83)
	at org.springframework.test.context.TestContextManager.prepareTestInstance(TestContextManager.java:228)
	at org.springframework.test.context.junit4.SpringJUnit4ClassRunner.createTest(SpringJUnit4ClassRunner.java:230)
	at org.springframework.test.context.junit4.SpringJUnit4ClassRunner$1.runReflectiveCall(SpringJUnit4ClassRunner.java:289)
	at org.junit.internal.runners.model.ReflectiveCallable.run(ReflectiveCallable.java:12)
	at org.springframework.test.context.junit4.SpringJUnit4ClassRunner.methodBlock(SpringJUnit4ClassRunner.java:291)
	at org.springframework.test.context.junit4.SpringJUnit4ClassRunner.runChild(SpringJUnit4ClassRunner.java:249)
	at org.springframework.test.context.junit4.SpringJUnit4ClassRunner.runChild(SpringJUnit4ClassRunner.java:89)
	at org.junit.runners.ParentRunner$3.run(ParentRunner.java:290)
	at org.junit.runners.ParentRunner$1.schedule(ParentRunner.java:71)
	at org.junit.runners.ParentRunner.runChildren(ParentRunner.java:288)
	at org.junit.runners.ParentRunner.access$000(ParentRunner.java:58)
	at org.junit.runners.ParentRunner$2.evaluate(ParentRunner.java:268)
	at org.springframework.test.context.junit4.statements.RunBeforeTestClassCallbacks.evaluate(RunBeforeTestClassCallbacks.java:61)
	at org.springframework.test.context.junit4.statements.RunAfterTestClassCallbacks.evaluate(RunAfterTestClassCallbacks.java:70)
	at org.junit.runners.ParentRunner.run(ParentRunner.java:363)
	at org.springframework.test.context.junit4.SpringJUnit4ClassRunner.run(SpringJUnit4ClassRunner.java:193)
	at org.apache.maven.surefire.junit4.JUnit4Provider.execute(JUnit4Provider.java:264)
	at org.apache.maven.surefire.junit4.JUnit4Provider.executeTestSet(JUnit4Provider.java:153)
	at org.apache.maven.surefire.junit4.JUnit4Provider.invoke(JUnit4Provider.java:124)
	at org.apache.maven.surefire.booter.ForkedBooter.invokeProviderInSameClassLoader(ForkedBooter.java:200)
	at org.apache.maven.surefire.booter.ForkedBooter.runSuitesInProcess(ForkedBooter.java:153)
	at org.apache.maven.surefire.booter.ForkedBooter.main(ForkedBooter.java:103)
]]></error>
    <system-out><![CDATA[23:36:17.822 [main] DEBUG o.s.t.annotation.ProfileValueUtils - Retrieved @ProfileValueSourceConfiguration [null] for test class [com.rickhanberryfinal.webservices.UnitOfMeasureWebServiceIntegrationTest]
23:36:17.822 [main] DEBUG o.s.t.annotation.ProfileValueUtils - Retrieved ProfileValueSource type [class org.springframework.test.annotation.SystemProfileValueSource] for class [com.rickhanberryfinal.webservices.UnitOfMeasureWebServiceIntegrationTest]
23:36:17.822 [main] DEBUG o.s.test.util.ReflectionTestUtils - Getting field 'mergedContextConfiguration' from target object [[DefaultTestContext@5b9d7666 testClass = UnitOfMeasureWebServiceIntegrationTest, testInstance = com.rickhanberryfinal.webservices.UnitOfMeasureWebServiceIntegrationTest@4b77d80e, testMethod = [null], testException = [null], mergedContextConfiguration = [WebMergedContextConfiguration@17dee9f9 testClass = UnitOfMeasureWebServiceIntegrationTest, locations = '{}', classes = '{class com.rickhanberryfinal.HanberryFinalProjectApplication}', contextInitializerClasses = '[]', activeProfiles = '{}', propertySourceLocations = '{}', propertySourceProperties = '{org.springframework.boot.test.IntegrationTest=true}', resourceBasePath = 'src/main/webapp', contextLoader = 'org.springframework.boot.test.SpringApplicationContextLoader', parent = [null]]]] or target class [class org.springframework.test.context.support.DefaultTestContext]
23:36:17.823 [main] DEBUG o.s.test.util.ReflectionTestUtils - Setting field 'propertySourceProperties' of type [null] on target object [[WebMergedContextConfiguration@17dee9f9 testClass = UnitOfMeasureWebServiceIntegrationTest, locations = '{}', classes = '{class com.rickhanberryfinal.HanberryFinalProjectApplication}', contextInitializerClasses = '[]', activeProfiles = '{}', propertySourceLocations = '{}', propertySourceProperties = '{org.springframework.boot.test.IntegrationTest=true}', resourceBasePath = 'src/main/webapp', contextLoader = 'org.springframework.boot.test.SpringApplicationContextLoader', parent = [null]]] or target class [class org.springframework.test.context.web.WebMergedContextConfiguration] to value [[Ljava.lang.String;@60cc749d]
23:36:17.823 [main] DEBUG o.s.t.c.s.DependencyInjectionTestExecutionListener - Performing dependency injection for test context [[DefaultTestContext@5b9d7666 testClass = UnitOfMeasureWebServiceIntegrationTest, testInstance = com.rickhanberryfinal.webservices.UnitOfMeasureWebServiceIntegrationTest@4b77d80e, testMethod = [null], testException = [null], mergedContextConfiguration = [WebMergedContextConfiguration@17dee9f9 testClass = UnitOfMeasureWebServiceIntegrationTest, locations = '{}', classes = '{class com.rickhanberryfinal.HanberryFinalProjectApplication}', contextInitializerClasses = '[]', activeProfiles = '{}', propertySourceLocations = '{}', propertySourceProperties = '{org.springframework.boot.test.IntegrationTest=true}', resourceBasePath = 'src/main/webapp', contextLoader = 'org.springframework.boot.test.SpringApplicationContextLoader', parent = [null]]]].
23:36:17.825 [main] ERROR o.s.test.context.TestContextManager - Caught exception while allowing TestExecutionListener [org.springframework.test.context.support.DependencyInjectionTestExecutionListener@1065f09] to prepare test instance [com.rickhanberryfinal.webservices.UnitOfMeasureWebServiceIntegrationTest@4b77d80e]
java.lang.IllegalStateException: Failed to load ApplicationContext
	at org.springframework.test.context.cache.DefaultCacheAwareContextLoaderDelegate.loadContext(DefaultCacheAwareContextLoaderDelegate.java:124) ~[spring-test-4.2.4.RELEASE.jar:4.2.4.RELEASE]
	at org.springframework.test.context.support.DefaultTestContext.getApplicationContext(DefaultTestContext.java:83) ~[spring-test-4.2.4.RELEASE.jar:4.2.4.RELEASE]
	at org.springframework.test.context.support.DependencyInjectionTestExecutionListener.injectDependencies(DependencyInjectionTestExecutionListener.java:117) ~[spring-test-4.2.4.RELEASE.jar:4.2.4.RELEASE]
	at org.springframework.test.context.support.DependencyInjectionTestExecutionListener.prepareTestInstance(DependencyInjectionTestExecutionListener.java:83) ~[spring-test-4.2.4.RELEASE.jar:4.2.4.RELEASE]
	at org.springframework.test.context.TestContextManager.prepareTestInstance(TestContextManager.java:228) ~[spring-test-4.2.4.RELEASE.jar:4.2.4.RELEASE]
	at org.springframework.test.context.junit4.SpringJUnit4ClassRunner.createTest(SpringJUnit4ClassRunner.java:230) [spring-test-4.2.4.RELEASE.jar:4.2.4.RELEASE]
	at org.springframework.test.context.junit4.SpringJUnit4ClassRunner$1.runReflectiveCall(SpringJUnit4ClassRunner.java:289) [spring-test-4.2.4.RELEASE.jar:4.2.4.RELEASE]
	at org.junit.internal.runners.model.ReflectiveCallable.run(ReflectiveCallable.java:12) [junit-4.12.jar:4.12]
	at org.springframework.test.context.junit4.SpringJUnit4ClassRunner.methodBlock(SpringJUnit4ClassRunner.java:291) [spring-test-4.2.4.RELEASE.jar:4.2.4.RELEASE]
	at org.springframework.test.context.junit4.SpringJUnit4ClassRunner.runChild(SpringJUnit4ClassRunner.java:249) [spring-test-4.2.4.RELEASE.jar:4.2.4.RELEASE]
	at org.springframework.test.context.junit4.SpringJUnit4ClassRunner.runChild(SpringJUnit4ClassRunner.java:89) [spring-test-4.2.4.RELEASE.jar:4.2.4.RELEASE]
	at org.junit.runners.ParentRunner$3.run(ParentRunner.java:290) [junit-4.12.jar:4.12]
	at org.junit.runners.ParentRunner$1.schedule(ParentRunner.java:71) [junit-4.12.jar:4.12]
	at org.junit.runners.ParentRunner.runChildren(ParentRunner.java:288) [junit-4.12.jar:4.12]
	at org.junit.runners.ParentRunner.access$000(ParentRunner.java:58) [junit-4.12.jar:4.12]
	at org.junit.runners.ParentRunner$2.evaluate(ParentRunner.java:268) [junit-4.12.jar:4.12]
	at org.springframework.test.context.junit4.statements.RunBeforeTestClassCallbacks.evaluate(RunBeforeTestClassCallbacks.java:61) [spring-test-4.2.4.RELEASE.jar:4.2.4.RELEASE]
	at org.springframework.test.context.junit4.statements.RunAfterTestClassCallbacks.evaluate(RunAfterTestClassCallbacks.java:70) [spring-test-4.2.4.RELEASE.jar:4.2.4.RELEASE]
	at org.junit.runners.ParentRunner.run(ParentRunner.java:363) [junit-4.12.jar:4.12]
	at org.springframework.test.context.junit4.SpringJUnit4ClassRunner.run(SpringJUnit4ClassRunner.java:193) [spring-test-4.2.4.RELEASE.jar:4.2.4.RELEASE]
	at org.apache.maven.surefire.junit4.JUnit4Provider.execute(JUnit4Provider.java:264) [surefire-junit4-2.17.jar:2.17]
	at org.apache.maven.surefire.junit4.JUnit4Provider.executeTestSet(JUnit4Provider.java:153) [surefire-junit4-2.17.jar:2.17]
	at org.apache.maven.surefire.junit4.JUnit4Provider.invoke(JUnit4Provider.java:124) [surefire-junit4-2.17.jar:2.17]
	at org.apache.maven.surefire.booter.ForkedBooter.invokeProviderInSameClassLoader(ForkedBooter.java:200) [surefire-booter-2.17.jar:2.17]
	at org.apache.maven.surefire.booter.ForkedBooter.runSuitesInProcess(ForkedBooter.java:153) [surefire-booter-2.17.jar:2.17]
	at org.apache.maven.surefire.booter.ForkedBooter.main(ForkedBooter.java:103) [surefire-booter-2.17.jar:2.17]
Caused by: java.lang.IllegalArgumentException: Cannot instantiate interface org.springframework.context.ApplicationContextInitializer : org.springframework.boot.context.ConfigurationWarningsApplicationContextInitializer
	at org.springframework.boot.SpringApplication.createSpringFactoriesInstances(SpringApplication.java:414) ~[spring-boot-1.3.2.RELEASE.jar:1.3.2.RELEASE]
	at org.springframework.boot.SpringApplication.getSpringFactoriesInstances(SpringApplication.java:394) ~[spring-boot-1.3.2.RELEASE.jar:1.3.2.RELEASE]
	at org.springframework.boot.SpringApplication.getSpringFactoriesInstances(SpringApplication.java:385) ~[spring-boot-1.3.2.RELEASE.jar:1.3.2.RELEASE]
	at org.springframework.boot.SpringApplication.initialize(SpringApplication.java:261) ~[spring-boot-1.3.2.RELEASE.jar:1.3.2.RELEASE]
	at org.springframework.boot.SpringApplication.<init>(SpringApplication.java:237) ~[spring-boot-1.3.2.RELEASE.jar:1.3.2.RELEASE]
	at org.springframework.boot.test.SpringApplicationContextLoader.getSpringApplication(SpringApplicationContextLoader.java:119) ~[spring-boot-1.3.2.RELEASE.jar:1.3.2.RELEASE]
	at org.springframework.boot.test.SpringApplicationContextLoader.loadContext(SpringApplicationContextLoader.java:79) ~[spring-boot-1.3.2.RELEASE.jar:1.3.2.RELEASE]
	at org.springframework.test.context.cache.DefaultCacheAwareContextLoaderDelegate.loadContextInternal(DefaultCacheAwareContextLoaderDelegate.java:98) ~[spring-test-4.2.4.RELEASE.jar:4.2.4.RELEASE]
	at org.springframework.test.context.cache.DefaultCacheAwareContextLoaderDelegate.loadContext(DefaultCacheAwareContextLoaderDelegate.java:116) ~[spring-test-4.2.4.RELEASE.jar:4.2.4.RELEASE]
	... 25 common frames omitted
Caused by: java.lang.IllegalArgumentException: class org.springframework.boot.context.ConfigurationWarningsApplicationContextInitializer is not assignable to interface org.springframework.context.ApplicationContextInitializer
	at org.springframework.util.Assert.isAssignable(Assert.java:376) ~[spring-core-4.2.4.RELEASE.jar:4.2.4.RELEASE]
	at org.springframework.util.Assert.isAssignable(Assert.java:359) ~[spring-core-4.2.4.RELEASE.jar:4.2.4.RELEASE]
	at org.springframework.boot.SpringApplication.createSpringFactoriesInstances(SpringApplication.java:408) ~[spring-boot-1.3.2.RELEASE.jar:1.3.2.RELEASE]
	... 33 common frames omitted
]]></system-out>
  </testcase>
</testsuite>