<?xml version="1.0" encoding="UTF-8"?>
<testsuite name="com.rickhanberryfinal.HanberryFinalProjectApplication_ESTest" time="0.012" tests="8" errors="8" skipped="0" failures="0">
  <properties>
[...]
</properties>
  <testcase name="test7" classname="com.rickhanberryfinal.HanberryFinalProjectApplication_ESTest" time="0.002">
    <error message="org/springframework/boot/SpringApplication" type="java.lang.NoClassDefFoundError">java.lang.NoClassDefFoundError: org/springframework/boot/SpringApplication
	at java.lang.ClassLoader.defineClass1(Native Method)
	at java.lang.ClassLoader.defineClass(ClassLoader.java:760)
	at java.lang.ClassLoader.defineClass(ClassLoader.java:642)
	at org.evosuite.runtime.instrumentation.EvoClassLoader.instrumentClass(EvoClassLoader.java:116)
	at org.evosuite.runtime.instrumentation.EvoClassLoader.loadClass(EvoClassLoader.java:92)
	at com.rickhanberryfinal.HanberryFinalProjectApplication.main(HanberryFinalProjectApplication.java:10)
	at com.rickhanberryfinal.HanberryFinalProjectApplication_ESTest.test7(HanberryFinalProjectApplication_ESTest.java:186)
</error>
    <system-out><![CDATA[23:36:13.266 [main] INFO  o.e.r.instrumentation.EvoClassLoader - Seeing class for first time: com.rickhanberryfinal.HanberryFinalProjectApplication_ESTest
23:36:13.266 [main] INFO  o.e.r.instrumentation.EvoClassLoader - Instrumenting class 'com.rickhanberryfinal.HanberryFinalProjectApplication_ESTest'.
23:36:13.268 [main] INFO  o.e.r.instrumentation.EvoClassLoader - Seeing class for first time: com.rickhanberryfinal.HanberryFinalProjectApplication_ESTest_scaffolding
23:36:13.268 [main] INFO  o.e.r.instrumentation.EvoClassLoader - Instrumenting class 'com.rickhanberryfinal.HanberryFinalProjectApplication_ESTest_scaffolding'.
23:36:13.270 [main] INFO  o.e.r.instrumentation.EvoClassLoader - Keeping class: com.rickhanberryfinal.HanberryFinalProjectApplication_ESTest_scaffolding
23:36:13.270 [main] INFO  o.e.r.instrumentation.EvoClassLoader - Keeping class: com.rickhanberryfinal.HanberryFinalProjectApplication_ESTest
23:36:13.274 [main] DEBUG o.e.runtime.sandbox.MSecurityManager - Adding privileged thread: "Reference Handler"
23:36:13.274 [main] DEBUG o.e.runtime.sandbox.MSecurityManager - Adding privileged thread: "Finalizer"
23:36:13.274 [main] DEBUG o.e.runtime.sandbox.MSecurityManager - Adding privileged thread: "Signal Dispatcher"
23:36:13.274 [main] DEBUG o.e.runtime.sandbox.MSecurityManager - Adding privileged thread: "Attach Listener"
23:36:13.274 [main] DEBUG o.e.runtime.sandbox.MSecurityManager - Adding privileged thread: "AppKit Thread"
23:36:13.274 [main] DEBUG o.e.runtime.sandbox.MSecurityManager - Adding privileged thread: "Java2D Queue Flusher"
23:36:13.274 [main] DEBUG o.e.runtime.sandbox.MSecurityManager - Adding privileged thread: "Java2D Disposer"
23:36:13.274 [main] DEBUG o.e.runtime.sandbox.MSecurityManager - Adding privileged thread: "main"
23:36:13.275 [main] INFO  o.e.r.instrumentation.EvoClassLoader - Seeing class for first time: org.springframework.util.ReflectionUtils$FieldFilter
23:36:13.275 [main] INFO  o.e.r.instrumentation.EvoClassLoader - Instrumenting class 'org.springframework.util.ReflectionUtils$FieldFilter'.
23:36:13.276 [main] DEBUG o.e.r.agent.TransformerForTests - Going to instrument: org.springframework.util.ReflectionUtils$FieldFilter
23:36:13.276 [main] INFO  o.e.r.instrumentation.EvoClassLoader - Keeping class: org.springframework.util.ReflectionUtils$FieldFilter
23:36:13.277 [main] INFO  o.e.r.instrumentation.EvoClassLoader - Seeing class for first time: org.springframework.core.convert.support.ObjectToStringConverter
23:36:13.277 [main] INFO  o.e.r.instrumentation.EvoClassLoader - Instrumenting class 'org.springframework.core.convert.support.ObjectToStringConverter'.
23:36:13.277 [main] INFO  o.e.r.i.MethodCallReplacementClassAdapter - Adding mock interface to class org/springframework/core/convert/support/ObjectToStringConverter
23:36:13.277 [main] INFO  o.e.r.i.MethodCallReplacementClassAdapter - No hashCode defined for: org/springframework/core/convert/support/ObjectToStringConverter, superclass = java.lang.Object
23:36:13.277 [main] INFO  o.e.r.i.CreateClassResetClassAdapter - Creating brand-new static initializer in class org/springframework/core/convert/support/ObjectToStringConverter
23:36:13.278 [main] DEBUG o.e.r.agent.TransformerForTests - Going to instrument: org.springframework.core.convert.support.ObjectToStringConverter
23:36:13.278 [main] INFO  o.e.r.instrumentation.EvoClassLoader - Seeing class for first time: org.springframework.core.convert.converter.Converter
23:36:13.278 [main] INFO  o.e.r.instrumentation.EvoClassLoader - Instrumenting class 'org.springframework.core.convert.converter.Converter'.
23:36:13.279 [main] DEBUG o.e.r.agent.TransformerForTests - Going to instrument: org.springframework.core.convert.converter.Converter
23:36:13.279 [main] INFO  o.e.r.instrumentation.EvoClassLoader - Keeping class: org.springframework.core.convert.converter.Converter
23:36:13.279 [main] INFO  o.e.r.instrumentation.EvoClassLoader - Keeping class: org.springframework.core.convert.support.ObjectToStringConverter
23:36:13.279 [main] INFO  o.e.r.instrumentation.EvoClassLoader - Seeing class for first time: org.springframework.boot.SpringBootBanner
23:36:13.279 [main] INFO  o.e.r.instrumentation.EvoClassLoader - Instrumenting class 'org.springframework.boot.SpringBootBanner'.
23:36:13.280 [main] INFO  o.e.r.i.MethodCallReplacementClassAdapter - Adding mock interface to class org/springframework/boot/SpringBootBanner
23:36:13.280 [main] INFO  o.e.r.i.CreateClassResetClassAdapter - Found static initializer in class org/springframework/boot/SpringBootBanner
23:36:13.280 [main] INFO  o.e.r.i.MethodCallReplacementClassAdapter - No hashCode defined for: org/springframework/boot/SpringBootBanner, superclass = java.lang.Object
23:36:13.280 [main] DEBUG o.e.r.agent.TransformerForTests - Going to instrument: org.springframework.boot.SpringBootBanner
23:36:13.281 [main] INFO  o.e.r.i.CreateClassResetClassAdapter - Found static initializer in class org/springframework/boot/SpringBootBanner
23:36:13.281 [main] INFO  o.e.r.instrumentation.EvoClassLoader - Seeing class for first time: org.springframework.boot.Banner
23:36:13.281 [main] INFO  o.e.r.instrumentation.EvoClassLoader - Instrumenting class 'org.springframework.boot.Banner'.
23:36:13.282 [main] DEBUG o.e.r.agent.TransformerForTests - Going to instrument: org.springframework.boot.Banner
23:36:13.282 [main] INFO  o.e.r.instrumentation.EvoClassLoader - Keeping class: org.springframework.boot.Banner
23:36:13.282 [main] INFO  o.e.r.instrumentation.EvoClassLoader - Error while loading class: java.lang.ClassFormatError: Duplicate method name&signature in class file org/springframework/boot/SpringBootBanner
23:36:13.282 [main] ERROR o.e.r.c.ClassStateSupport - Could not initialize org.springframework.boot.SpringBootBanner: Duplicate method name&signature in class file org/springframework/boot/SpringBootBanner
23:36:13.283 [main] INFO  o.e.r.instrumentation.EvoClassLoader - Seeing class for first time: org.springframework.validation.Validator
23:36:13.286 [main] INFO  o.e.r.instrumentation.EvoClassLoader - Instrumenting class 'org.springframework.validation.Validator'.
23:36:13.295 [main] DEBUG o.e.r.agent.TransformerForTests - Going to instrument: org.springframework.validation.Validator
23:36:13.300 [main] INFO  o.e.r.instrumentation.EvoClassLoader - Keeping class: org.springframework.validation.Validator
23:36:13.305 [main] INFO  o.e.r.instrumentation.EvoClassLoader - Seeing class for first time: org.springframework.aop.support.AopUtils
23:36:13.311 [main] INFO  o.e.r.instrumentation.EvoClassLoader - Instrumenting class 'org.springframework.aop.support.AopUtils'.
23:36:13.312 [main] INFO  o.e.r.i.MethodCallReplacementClassAdapter - Adding mock interface to class org/springframework/aop/support/AopUtils
23:36:13.313 [main] INFO  o.e.r.i.MethodCallReplacementClassAdapter - No hashCode defined for: org/springframework/aop/support/AopUtils, superclass = java.lang.Object
23:36:13.313 [main] INFO  o.e.r.i.CreateClassResetClassAdapter - Creating brand-new static initializer in class org/springframework/aop/support/AopUtils
23:36:13.313 [main] DEBUG o.e.r.agent.TransformerForTests - Going to instrument: org.springframework.aop.support.AopUtils
23:36:13.314 [main] INFO  o.e.r.instrumentation.EvoClassLoader - Keeping class: org.springframework.aop.support.AopUtils
23:36:13.315 [main] INFO  o.e.r.instrumentation.EvoClassLoader - Seeing class for first time: org.springframework.aop.AopInvocationException
23:36:13.315 [main] INFO  o.e.r.instrumentation.EvoClassLoader - Instrumenting class 'org.springframework.aop.AopInvocationException'.
23:36:13.316 [main] INFO  o.e.r.i.MethodCallReplacementClassAdapter - Adding mock interface to class org/springframework/aop/AopInvocationException
23:36:13.316 [main] INFO  o.e.r.i.MethodCallReplacementClassAdapter - No hashCode defined for: org/springframework/aop/AopInvocationException, superclass = org.springframework.core.NestedRuntimeException
23:36:13.316 [main] INFO  o.e.r.i.CreateClassResetClassAdapter - Creating brand-new static initializer in class org/springframework/aop/AopInvocationException
23:36:13.316 [main] DEBUG o.e.r.agent.TransformerForTests - Going to instrument: org.springframework.aop.AopInvocationException
23:36:13.316 [main] INFO  o.e.r.i.MethodCallReplacementClassAdapter - No hashCode defined for: org/springframework/aop/AopInvocationException, superclass = org.springframework.core.NestedRuntimeException
23:36:13.316 [main] INFO  o.e.r.instrumentation.EvoClassLoader - Seeing class for first time: org.springframework.core.NestedRuntimeException
23:36:13.316 [main] INFO  o.e.r.instrumentation.EvoClassLoader - Instrumenting class 'org.springframework.core.NestedRuntimeException'.
23:36:13.317 [main] INFO  o.e.r.i.MethodCallReplacementClassAdapter - Adding mock interface to class org/springframework/core/NestedRuntimeException
23:36:13.317 [main] INFO  o.e.r.i.CreateClassResetClassAdapter - Found static initializer in class org/springframework/core/NestedRuntimeException
23:36:13.317 [main] INFO  o.e.r.i.MethodCallReplacementClassAdapter - No hashCode defined for: org/springframework/core/NestedRuntimeException, superclass = java.lang.RuntimeException
23:36:13.317 [main] DEBUG o.e.r.agent.TransformerForTests - Going to instrument: org.springframework.core.NestedRuntimeException
23:36:13.318 [main] INFO  o.e.r.i.CreateClassResetClassAdapter - Found static initializer in class org/springframework/core/NestedRuntimeException
23:36:13.318 [main] INFO  o.e.r.i.MethodCallReplacementClassAdapter - No hashCode defined for: org/springframework/core/NestedRuntimeException, superclass = org.evosuite.runtime.mock.java.lang.MockRuntimeException
23:36:13.319 [main] INFO  o.e.r.instrumentation.EvoClassLoader - Error while loading class: java.lang.ClassFormatError: Duplicate method name&signature in class file org/springframework/core/NestedRuntimeException
23:36:13.319 [main] INFO  o.e.r.instrumentation.EvoClassLoader - Error while loading class: java.lang.NoClassDefFoundError: org/springframework/core/NestedRuntimeException
23:36:13.319 [main] ERROR o.e.r.c.ClassStateSupport - Could not initialize org.springframework.aop.support.AopUtils: org/springframework/aop/AopInvocationException
23:36:13.319 [main] INFO  o.e.r.instrumentation.EvoClassLoader - Seeing class for first time: org.springframework.core.env.PropertySource$ComparisonPropertySource
23:36:13.319 [main] INFO  o.e.r.instrumentation.EvoClassLoader - Instrumenting class 'org.springframework.core.env.PropertySource$ComparisonPropertySource'.
23:36:13.320 [main] INFO  o.e.r.i.MethodCallReplacementClassAdapter - Adding mock interface to class org/springframework/core/env/PropertySource$ComparisonPropertySource
23:36:13.320 [main] INFO  o.e.r.i.MethodCallReplacementClassAdapter - No hashCode defined for: org/springframework/core/env/PropertySource$ComparisonPropertySource, superclass = org.springframework.core.env.PropertySource$StubPropertySource
23:36:13.320 [main] INFO  o.e.r.i.CreateClassResetClassAdapter - Creating brand-new static initializer in class org/springframework/core/env/PropertySource$ComparisonPropertySource
23:36:13.320 [main] INFO  o.e.r.i.CreateClassResetClassAdapter - Adding bytecode for initializing field USAGE_ERROR
23:36:13.320 [main] DEBUG o.e.r.agent.TransformerForTests - Going to instrument: org.springframework.core.env.PropertySource$ComparisonPropertySource
23:36:13.320 [main] INFO  o.e.r.i.MethodCallReplacementClassAdapter - No hashCode defined for: org/springframework/core/env/PropertySource$ComparisonPropertySource, superclass = org.springframework.core.env.PropertySource$StubPropertySource
23:36:13.320 [main] INFO  o.e.r.instrumentation.EvoClassLoader - Seeing class for first time: org.springframework.core.env.PropertySource$StubPropertySource
23:36:13.320 [main] INFO  o.e.r.instrumentation.EvoClassLoader - Instrumenting class 'org.springframework.core.env.PropertySource$StubPropertySource'.
23:36:13.321 [main] INFO  o.e.r.i.MethodCallReplacementClassAdapter - Adding mock interface to class org/springframework/core/env/PropertySource$StubPropertySource
23:36:13.321 [main] INFO  o.e.r.i.MethodCallReplacementClassAdapter - No hashCode defined for: org/springframework/core/env/PropertySource$StubPropertySource, superclass = org.springframework.core.env.PropertySource
23:36:13.321 [main] INFO  o.e.r.i.CreateClassResetClassAdapter - Creating brand-new static initializer in class org/springframework/core/env/PropertySource$StubPropertySource
23:36:13.321 [main] DEBUG o.e.r.agent.TransformerForTests - Going to instrument: org.springframework.core.env.PropertySource$StubPropertySource
23:36:13.321 [main] INFO  o.e.r.i.MethodCallReplacementClassAdapter - No hashCode defined for: org/springframework/core/env/PropertySource$StubPropertySource, superclass = org.springframework.core.env.PropertySource
23:36:13.321 [main] INFO  o.e.r.instrumentation.EvoClassLoader - Seeing class for first time: org.springframework.core.env.PropertySource
23:36:13.321 [main] INFO  o.e.r.instrumentation.EvoClassLoader - Instrumenting class 'org.springframework.core.env.PropertySource'.
23:36:13.322 [main] INFO  o.e.r.i.MethodCallReplacementClassAdapter - Adding mock interface to class org/springframework/core/env/PropertySource
23:36:13.322 [main] INFO  o.e.r.i.CreateClassResetClassAdapter - Creating brand-new static initializer in class org/springframework/core/env/PropertySource
23:36:13.322 [main] DEBUG o.e.r.agent.TransformerForTests - Going to instrument: org.springframework.core.env.PropertySource
23:36:13.323 [main] INFO  o.e.r.instrumentation.EvoClassLoader - Keeping class: org.springframework.core.env.PropertySource
23:36:13.323 [main] INFO  o.e.r.instrumentation.EvoClassLoader - Keeping class: org.springframework.core.env.PropertySource$StubPropertySource
23:36:13.323 [main] INFO  o.e.r.instrumentation.EvoClassLoader - Keeping class: org.springframework.core.env.PropertySource$ComparisonPropertySource
23:36:13.324 [main] INFO  o.e.r.instrumentation.EvoClassLoader - Seeing class for first time: org.springframework.boot.context.event.ApplicationReadyEvent
23:36:13.324 [main] INFO  o.e.r.instrumentation.EvoClassLoader - Instrumenting class 'org.springframework.boot.context.event.ApplicationReadyEvent'.
23:36:13.324 [main] INFO  o.e.r.i.MethodCallReplacementClassAdapter - Adding mock interface to class org/springframework/boot/context/event/ApplicationReadyEvent
23:36:13.324 [main] INFO  o.e.r.i.MethodCallReplacementClassAdapter - No hashCode defined for: org/springframework/boot/context/event/ApplicationReadyEvent, superclass = org.springframework.boot.context.event.SpringApplicationEvent
23:36:13.324 [main] INFO  o.e.r.i.CreateClassResetClassAdapter - Creating brand-new static initializer in class org/springframework/boot/context/event/ApplicationReadyEvent
23:36:13.324 [main] DEBUG o.e.r.agent.TransformerForTests - Going to instrument: org.springframework.boot.context.event.ApplicationReadyEvent
23:36:13.325 [main] INFO  o.e.r.i.MethodCallReplacementClassAdapter - No hashCode defined for: org/springframework/boot/context/event/ApplicationReadyEvent, superclass = org.springframework.boot.context.event.SpringApplicationEvent
23:36:13.325 [main] INFO  o.e.r.instrumentation.EvoClassLoader - Seeing class for first time: org.springframework.boot.context.event.SpringApplicationEvent
23:36:13.325 [main] INFO  o.e.r.instrumentation.EvoClassLoader - Instrumenting class 'org.springframework.boot.context.event.SpringApplicationEvent'.
23:36:13.325 [main] INFO  o.e.r.i.MethodCallReplacementClassAdapter - Adding mock interface to class org/springframework/boot/context/event/SpringApplicationEvent
23:36:13.325 [main] INFO  o.e.r.i.MethodCallReplacementClassAdapter - No hashCode defined for: org/springframework/boot/context/event/SpringApplicationEvent, superclass = org.springframework.context.ApplicationEvent
23:36:13.325 [main] INFO  o.e.r.i.CreateClassResetClassAdapter - Creating brand-new static initializer in class org/springframework/boot/context/event/SpringApplicationEvent
23:36:13.326 [main] DEBUG o.e.r.agent.TransformerForTests - Going to instrument: org.springframework.boot.context.event.SpringApplicationEvent
23:36:13.326 [main] INFO  o.e.r.i.MethodCallReplacementClassAdapter - No hashCode defined for: org/springframework/boot/context/event/SpringApplicationEvent, superclass = org.springframework.context.ApplicationEvent
23:36:13.326 [main] INFO  o.e.r.instrumentation.EvoClassLoader - Seeing class for first time: org.springframework.context.ApplicationEvent
23:36:13.326 [main] INFO  o.e.r.instrumentation.EvoClassLoader - Instrumenting class 'org.springframework.context.ApplicationEvent'.
23:36:13.326 [main] INFO  o.e.r.i.MethodCallReplacementClassAdapter - Adding mock interface to class org/springframework/context/ApplicationEvent
23:36:13.326 [main] INFO  o.e.r.i.MethodCallReplacementClassAdapter - No hashCode defined for: org/springframework/context/ApplicationEvent, superclass = java.util.EventObject
23:36:13.326 [main] INFO  o.e.r.i.CreateClassResetClassAdapter - Creating brand-new static initializer in class org/springframework/context/ApplicationEvent
23:36:13.326 [main] DEBUG o.e.r.agent.TransformerForTests - Going to instrument: org.springframework.context.ApplicationEvent
23:36:13.327 [main] INFO  o.e.r.i.MethodCallReplacementClassAdapter - No hashCode defined for: org/springframework/context/ApplicationEvent, superclass = java.util.EventObject
23:36:13.327 [main] INFO  o.e.r.instrumentation.EvoClassLoader - Keeping class: org.springframework.context.ApplicationEvent
23:36:13.327 [main] INFO  o.e.r.instrumentation.EvoClassLoader - Keeping class: org.springframework.boot.context.event.SpringApplicationEvent
23:36:13.327 [main] INFO  o.e.r.instrumentation.EvoClassLoader - Keeping class: org.springframework.boot.context.event.ApplicationReadyEvent
23:36:13.327 [main] INFO  o.e.r.instrumentation.EvoClassLoader - Seeing class for first time: org.springframework.boot.json.JsonParser
23:36:13.327 [main] INFO  o.e.r.instrumentation.EvoClassLoader - Instrumenting class 'org.springframework.boot.json.JsonParser'.
23:36:13.328 [main] DEBUG o.e.r.agent.TransformerForTests - Going to instrument: org.springframework.boot.json.JsonParser
23:36:13.328 [main] INFO  o.e.r.instrumentation.EvoClassLoader - Keeping class: org.springframework.boot.json.JsonParser
23:36:13.328 [main] INFO  o.e.r.instrumentation.EvoClassLoader - Seeing class for first time: org.springframework.context.ApplicationContextException
23:36:13.328 [main] INFO  o.e.r.instrumentation.EvoClassLoader - Instrumenting class 'org.springframework.context.ApplicationContextException'.
23:36:13.329 [main] INFO  o.e.r.i.MethodCallReplacementClassAdapter - Adding mock interface to class org/springframework/context/ApplicationContextException
23:36:13.329 [main] INFO  o.e.r.i.MethodCallReplacementClassAdapter - No hashCode defined for: org/springframework/context/ApplicationContextException, superclass = org.springframework.beans.FatalBeanException
23:36:13.329 [main] INFO  o.e.r.i.CreateClassResetClassAdapter - Creating brand-new static initializer in class org/springframework/context/ApplicationContextException
23:36:13.329 [main] DEBUG o.e.r.agent.TransformerForTests - Going to instrument: org.springframework.context.ApplicationContextException
23:36:13.329 [main] INFO  o.e.r.i.MethodCallReplacementClassAdapter - No hashCode defined for: org/springframework/context/ApplicationContextException, superclass = org.springframework.beans.FatalBeanException
23:36:13.330 [main] INFO  o.e.r.instrumentation.EvoClassLoader - Seeing class for first time: org.springframework.beans.FatalBeanException
23:36:13.330 [main] INFO  o.e.r.instrumentation.EvoClassLoader - Instrumenting class 'org.springframework.beans.FatalBeanException'.
23:36:13.330 [main] INFO  o.e.r.i.MethodCallReplacementClassAdapter - Adding mock interface to class org/springframework/beans/FatalBeanException
23:36:13.330 [main] INFO  o.e.r.i.MethodCallReplacementClassAdapter - No hashCode defined for: org/springframework/beans/FatalBeanException, superclass = org.springframework.beans.BeansException
23:36:13.330 [main] INFO  o.e.r.i.CreateClassResetClassAdapter - Creating brand-new static initializer in class org/springframework/beans/FatalBeanException
23:36:13.330 [main] DEBUG o.e.r.agent.TransformerForTests - Going to instrument: org.springframework.beans.FatalBeanException
23:36:13.330 [main] INFO  o.e.r.i.MethodCallReplacementClassAdapter - No hashCode defined for: org/springframework/beans/FatalBeanException, superclass = org.springframework.beans.BeansException
23:36:13.330 [main] INFO  o.e.r.instrumentation.EvoClassLoader - Seeing class for first time: org.springframework.beans.BeansException
23:36:13.330 [main] INFO  o.e.r.instrumentation.EvoClassLoader - Instrumenting class 'org.springframework.beans.BeansException'.
23:36:13.331 [main] INFO  o.e.r.i.MethodCallReplacementClassAdapter - Adding mock interface to class org/springframework/beans/BeansException
23:36:13.360 [main] INFO  o.e.r.i.CreateClassResetClassAdapter - Creating brand-new static initializer in class org/springframework/beans/BeansException
23:36:13.361 [main] DEBUG o.e.r.agent.TransformerForTests - Going to instrument: org.springframework.beans.BeansException
23:36:13.361 [main] INFO  o.e.r.instrumentation.EvoClassLoader - Seeing class for first time: org.springframework.core.NestedRuntimeException
23:36:13.361 [main] INFO  o.e.r.instrumentation.EvoClassLoader - Instrumenting class 'org.springframework.core.NestedRuntimeException'.
23:36:13.362 [main] INFO  o.e.r.i.MethodCallReplacementClassAdapter - Adding mock interface to class org/springframework/core/NestedRuntimeException
23:36:13.362 [main] INFO  o.e.r.i.CreateClassResetClassAdapter - Found static initializer in class org/springframework/core/NestedRuntimeException
23:36:13.362 [main] INFO  o.e.r.i.MethodCallReplacementClassAdapter - No hashCode defined for: org/springframework/core/NestedRuntimeException, superclass = java.lang.RuntimeException
23:36:13.362 [main] DEBUG o.e.r.agent.TransformerForTests - Going to instrument: org.springframework.core.NestedRuntimeException
23:36:13.363 [main] INFO  o.e.r.i.CreateClassResetClassAdapter - Found static initializer in class org/springframework/core/NestedRuntimeException
23:36:13.363 [main] INFO  o.e.r.i.MethodCallReplacementClassAdapter - No hashCode defined for: org/springframework/core/NestedRuntimeException, superclass = org.evosuite.runtime.mock.java.lang.MockRuntimeException
23:36:13.363 [main] INFO  o.e.r.instrumentation.EvoClassLoader - Error while loading class: java.lang.ClassFormatError: Duplicate method name&signature in class file org/springframework/core/NestedRuntimeException
23:36:13.364 [main] INFO  o.e.r.instrumentation.EvoClassLoader - Error while loading class: java.lang.NoClassDefFoundError: org/springframework/core/NestedRuntimeException
23:36:13.364 [main] INFO  o.e.r.instrumentation.EvoClassLoader - Error while loading class: java.lang.NoClassDefFoundError: org/springframework/beans/BeansException
23:36:13.364 [main] INFO  o.e.r.instrumentation.EvoClassLoader - Error while loading class: java.lang.NoClassDefFoundError: org/springframework/beans/FatalBeanException
23:36:13.364 [main] INFO  o.e.r.instrumentation.EvoClassLoader - Seeing class for first time: org.springframework.context.event.SimpleApplicationEventMulticaster
23:36:13.364 [main] INFO  o.e.r.instrumentation.EvoClassLoader - Instrumenting class 'org.springframework.context.event.SimpleApplicationEventMulticaster'.
23:36:13.364 [main] INFO  o.e.r.i.MethodCallReplacementClassAdapter - Adding mock interface to class org/springframework/context/event/SimpleApplicationEventMulticaster
23:36:13.365 [main] INFO  o.e.r.i.MethodCallReplacementClassAdapter - No hashCode defined for: org/springframework/context/event/SimpleApplicationEventMulticaster, superclass = org.springframework.context.event.AbstractApplicationEventMulticaster
23:36:13.365 [main] INFO  o.e.r.i.CreateClassResetClassAdapter - Creating brand-new static initializer in class org/springframework/context/event/SimpleApplicationEventMulticaster
23:36:13.365 [main] DEBUG o.e.r.agent.TransformerForTests - Going to instrument: org.springframework.context.event.SimpleApplicationEventMulticaster
23:36:13.365 [main] INFO  o.e.r.i.MethodCallReplacementClassAdapter - No hashCode defined for: org/springframework/context/event/SimpleApplicationEventMulticaster, superclass = org.springframework.context.event.AbstractApplicationEventMulticaster
23:36:13.365 [main] INFO  o.e.r.instrumentation.EvoClassLoader - Seeing class for first time: org.springframework.context.event.AbstractApplicationEventMulticaster
23:36:13.365 [main] INFO  o.e.r.instrumentation.EvoClassLoader - Instrumenting class 'org.springframework.context.event.AbstractApplicationEventMulticaster'.
23:36:13.366 [main] INFO  o.e.r.i.MethodCallReplacementClassAdapter - Adding mock interface to class org/springframework/context/event/AbstractApplicationEventMulticaster
23:36:13.371 [main] INFO  o.e.r.i.MethodCallReplacementClassAdapter - No hashCode defined for: org/springframework/context/event/AbstractApplicationEventMulticaster, superclass = java.lang.Object
23:36:13.371 [main] INFO  o.e.r.i.CreateClassResetClassAdapter - Creating brand-new static initializer in class org/springframework/context/event/AbstractApplicationEventMulticaster
23:36:13.371 [main] DEBUG o.e.r.agent.TransformerForTests - Going to instrument: org.springframework.context.event.AbstractApplicationEventMulticaster
23:36:13.374 [main] INFO  o.e.r.instrumentation.EvoClassLoader - Seeing class for first time: org.springframework.context.event.ApplicationEventMulticaster
23:36:13.374 [main] INFO  o.e.r.instrumentation.EvoClassLoader - Instrumenting class 'org.springframework.context.event.ApplicationEventMulticaster'.
23:36:13.375 [main] DEBUG o.e.r.agent.TransformerForTests - Going to instrument: org.springframework.context.event.ApplicationEventMulticaster
23:36:13.375 [main] INFO  o.e.r.instrumentation.EvoClassLoader - Keeping class: org.springframework.context.event.ApplicationEventMulticaster
23:36:13.375 [main] INFO  o.e.r.instrumentation.EvoClassLoader - Seeing class for first time: org.springframework.beans.factory.BeanClassLoaderAware
23:36:13.375 [main] INFO  o.e.r.instrumentation.EvoClassLoader - Instrumenting class 'org.springframework.beans.factory.BeanClassLoaderAware'.
23:36:13.376 [main] DEBUG o.e.r.agent.TransformerForTests - Going to instrument: org.springframework.beans.factory.BeanClassLoaderAware
23:36:13.376 [main] INFO  o.e.r.instrumentation.EvoClassLoader - Seeing class for first time: org.springframework.beans.factory.Aware
23:36:13.376 [main] INFO  o.e.r.instrumentation.EvoClassLoader - Instrumenting class 'org.springframework.beans.factory.Aware'.
23:36:13.377 [main] DEBUG o.e.r.agent.TransformerForTests - Going to instrument: org.springframework.beans.factory.Aware
23:36:13.377 [main] INFO  o.e.r.instrumentation.EvoClassLoader - Keeping class: org.springframework.beans.factory.Aware
23:36:13.377 [main] INFO  o.e.r.instrumentation.EvoClassLoader - Keeping class: org.springframework.beans.factory.BeanClassLoaderAware
23:36:13.377 [main] INFO  o.e.r.instrumentation.EvoClassLoader - Seeing class for first time: org.springframework.beans.factory.BeanFactoryAware
23:36:13.377 [main] INFO  o.e.r.instrumentation.EvoClassLoader - Instrumenting class 'org.springframework.beans.factory.BeanFactoryAware'.
23:36:13.378 [main] DEBUG o.e.r.agent.TransformerForTests - Going to instrument: org.springframework.beans.factory.BeanFactoryAware
23:36:13.378 [main] INFO  o.e.r.instrumentation.EvoClassLoader - Keeping class: org.springframework.beans.factory.BeanFactoryAware
23:36:13.378 [main] INFO  o.e.r.instrumentation.EvoClassLoader - Keeping class: org.springframework.context.event.AbstractApplicationEventMulticaster
23:36:13.378 [main] INFO  o.e.r.instrumentation.EvoClassLoader - Keeping class: org.springframework.context.event.SimpleApplicationEventMulticaster
23:36:13.378 [main] INFO  o.e.r.instrumentation.EvoClassLoader - Seeing class for first time: org.springframework.beans.factory.NoSuchBeanDefinitionException
23:36:13.378 [main] INFO  o.e.r.instrumentation.EvoClassLoader - Instrumenting class 'org.springframework.beans.factory.NoSuchBeanDefinitionException'.
23:36:13.379 [main] INFO  o.e.r.i.MethodCallReplacementClassAdapter - Adding mock interface to class org/springframework/beans/factory/NoSuchBeanDefinitionException
23:36:13.379 [main] INFO  o.e.r.i.MethodCallReplacementClassAdapter - No hashCode defined for: org/springframework/beans/factory/NoSuchBeanDefinitionException, superclass = org.springframework.beans.BeansException
23:36:13.379 [main] INFO  o.e.r.i.CreateClassResetClassAdapter - Creating brand-new static initializer in class org/springframework/beans/factory/NoSuchBeanDefinitionException
23:36:13.379 [main] DEBUG o.e.r.agent.TransformerForTests - Going to instrument: org.springframework.beans.factory.NoSuchBeanDefinitionException
23:36:13.380 [main] INFO  o.e.r.i.MethodCallReplacementClassAdapter - No hashCode defined for: org/springframework/beans/factory/NoSuchBeanDefinitionException, superclass = org.springframework.beans.BeansException
23:36:13.380 [main] INFO  o.e.r.instrumentation.EvoClassLoader - Seeing class for first time: org.springframework.beans.BeansException
23:36:13.380 [main] INFO  o.e.r.instrumentation.EvoClassLoader - Instrumenting class 'org.springframework.beans.BeansException'.
23:36:13.380 [main] INFO  o.e.r.i.MethodCallReplacementClassAdapter - Adding mock interface to class org/springframework/beans/BeansException
23:36:13.380 [main] INFO  o.e.r.i.CreateClassResetClassAdapter - Creating brand-new static initializer in class org/springframework/beans/BeansException
23:36:13.380 [main] DEBUG o.e.r.agent.TransformerForTests - Going to instrument: org.springframework.beans.BeansException
23:36:13.381 [main] INFO  o.e.r.instrumentation.EvoClassLoader - Seeing class for first time: org.springframework.core.NestedRuntimeException
23:36:13.381 [main] INFO  o.e.r.instrumentation.EvoClassLoader - Instrumenting class 'org.springframework.core.NestedRuntimeException'.
23:36:13.381 [main] INFO  o.e.r.i.MethodCallReplacementClassAdapter - Adding mock interface to class org/springframework/core/NestedRuntimeException
23:36:13.382 [main] INFO  o.e.r.i.CreateClassResetClassAdapter - Found static initializer in class org/springframework/core/NestedRuntimeException
23:36:13.382 [main] INFO  o.e.r.i.MethodCallReplacementClassAdapter - No hashCode defined for: org/springframework/core/NestedRuntimeException, superclass = java.lang.RuntimeException
23:36:13.382 [main] DEBUG o.e.r.agent.TransformerForTests - Going to instrument: org.springframework.core.NestedRuntimeException
23:36:13.383 [main] INFO  o.e.r.i.CreateClassResetClassAdapter - Found static initializer in class org/springframework/core/NestedRuntimeException
23:36:13.383 [main] INFO  o.e.r.i.MethodCallReplacementClassAdapter - No hashCode defined for: org/springframework/core/NestedRuntimeException, superclass = org.evosuite.runtime.mock.java.lang.MockRuntimeException
23:36:13.383 [main] INFO  o.e.r.instrumentation.EvoClassLoader - Error while loading class: java.lang.ClassFormatError: Duplicate method name&signature in class file org/springframework/core/NestedRuntimeException
23:36:13.383 [main] INFO  o.e.r.instrumentation.EvoClassLoader - Error while loading class: java.lang.NoClassDefFoundError: org/springframework/core/NestedRuntimeException
23:36:13.383 [main] INFO  o.e.r.instrumentation.EvoClassLoader - Error while loading class: java.lang.NoClassDefFoundError: org/springframework/beans/BeansException
23:36:13.383 [main] ERROR o.e.r.c.ClassStateSupport - Could not initialize org.springframework.context.event.SimpleApplicationEventMulticaster: org/springframework/beans/factory/NoSuchBeanDefinitionException
23:36:13.383 [main] INFO  o.e.r.instrumentation.EvoClassLoader - Seeing class for first time: org.springframework.validation.BindingErrorProcessor
23:36:13.383 [main] INFO  o.e.r.instrumentation.EvoClassLoader - Instrumenting class 'org.springframework.validation.BindingErrorProcessor'.
23:36:13.384 [main] DEBUG o.e.r.agent.TransformerForTests - Going to instrument: org.springframework.validation.BindingErrorProcessor
23:36:13.384 [main] INFO  o.e.r.instrumentation.EvoClassLoader - Keeping class: org.springframework.validation.BindingErrorProcessor
23:36:13.384 [main] INFO  o.e.r.instrumentation.EvoClassLoader - Seeing class for first time: org.springframework.boot.bind.PropertySourcesPropertyValues
23:36:13.384 [main] INFO  o.e.r.instrumentation.EvoClassLoader - Instrumenting class 'org.springframework.boot.bind.PropertySourcesPropertyValues'.
23:36:13.385 [main] INFO  o.e.r.i.MethodCallReplacementClassAdapter - Adding mock interface to class org/springframework/boot/bind/PropertySourcesPropertyValues
23:36:13.385 [main] INFO  o.e.r.i.CreateClassResetClassAdapter - Found static initializer in class org/springframework/boot/bind/PropertySourcesPropertyValues
23:36:13.386 [main] INFO  o.e.r.i.MethodCallReplacementClassAdapter - No hashCode defined for: org/springframework/boot/bind/PropertySourcesPropertyValues, superclass = java.lang.Object
23:36:13.386 [main] DEBUG o.e.r.agent.TransformerForTests - Going to instrument: org.springframework.boot.bind.PropertySourcesPropertyValues
23:36:13.387 [main] INFO  o.e.r.i.CreateClassResetClassAdapter - Found static initializer in class org/springframework/boot/bind/PropertySourcesPropertyValues
23:36:13.391 [main] INFO  o.e.r.instrumentation.EvoClassLoader - Seeing class for first time: org.springframework.beans.PropertyValues
23:36:13.391 [main] INFO  o.e.r.instrumentation.EvoClassLoader - Instrumenting class 'org.springframework.beans.PropertyValues'.
23:36:13.392 [main] DEBUG o.e.r.agent.TransformerForTests - Going to instrument: org.springframework.beans.PropertyValues
23:36:13.392 [main] INFO  o.e.r.instrumentation.EvoClassLoader - Keeping class: org.springframework.beans.PropertyValues
23:36:13.392 [main] INFO  o.e.r.instrumentation.EvoClassLoader - Error while loading class: java.lang.ClassFormatError: Duplicate method name&signature in class file org/springframework/boot/bind/PropertySourcesPropertyValues
23:36:13.392 [main] ERROR o.e.r.c.ClassStateSupport - Could not initialize org.springframework.boot.bind.PropertySourcesPropertyValues: Duplicate method name&signature in class file org/springframework/boot/bind/PropertySourcesPropertyValues
23:36:13.392 [main] INFO  o.e.r.instrumentation.EvoClassLoader - Seeing class for first time: org.springframework.core.env.AbstractPropertyResolver$1
23:36:13.392 [main] INFO  o.e.r.instrumentation.EvoClassLoader - Instrumenting class 'org.springframework.core.env.AbstractPropertyResolver$1'.
23:36:13.393 [main] INFO  o.e.r.i.MethodCallReplacementClassAdapter - Adding mock interface to class org/springframework/core/env/AbstractPropertyResolver$1
23:36:13.393 [main] INFO  o.e.r.i.MethodCallReplacementClassAdapter - No hashCode defined for: org/springframework/core/env/AbstractPropertyResolver$1, superclass = java.lang.Object
23:36:13.393 [main] DEBUG o.e.r.agent.TransformerForTests - Going to instrument: org.springframework.core.env.AbstractPropertyResolver$1
23:36:13.394 [main] INFO  o.e.r.instrumentation.EvoClassLoader - Seeing class for first time: org.springframework.util.PropertyPlaceholderHelper$PlaceholderResolver
23:36:13.394 [main] INFO  o.e.r.instrumentation.EvoClassLoader - Instrumenting class 'org.springframework.util.PropertyPlaceholderHelper$PlaceholderResolver'.
23:36:13.394 [main] DEBUG o.e.r.agent.TransformerForTests - Going to instrument: org.springframework.util.PropertyPlaceholderHelper$PlaceholderResolver
23:36:13.394 [main] INFO  o.e.r.instrumentation.EvoClassLoader - Keeping class: org.springframework.util.PropertyPlaceholderHelper$PlaceholderResolver
23:36:13.394 [main] INFO  o.e.r.instrumentation.EvoClassLoader - Keeping class: org.springframework.core.env.AbstractPropertyResolver$1
23:36:13.395 [main] INFO  o.e.r.instrumentation.EvoClassLoader - Seeing class for first time: org.springframework.context.event.AbstractApplicationEventMulticaster$ListenerRetriever
23:36:13.395 [main] INFO  o.e.r.instrumentation.EvoClassLoader - Instrumenting class 'org.springframework.context.event.AbstractApplicationEventMulticaster$ListenerRetriever'.
23:36:13.395 [main] INFO  o.e.r.i.MethodCallReplacementClassAdapter - Adding mock interface to class org/springframework/context/event/AbstractApplicationEventMulticaster$ListenerRetriever
23:36:13.397 [main] INFO  o.e.r.i.MethodCallReplacementClassAdapter - No hashCode defined for: org/springframework/context/event/AbstractApplicationEventMulticaster$ListenerRetriever, superclass = java.lang.Object
23:36:13.397 [main] INFO  o.e.r.i.CreateClassResetClassAdapter - Creating brand-new static initializer in class org/springframework/context/event/AbstractApplicationEventMulticaster$ListenerRetriever
23:36:13.397 [main] DEBUG o.e.r.agent.TransformerForTests - Going to instrument: org.springframework.context.event.AbstractApplicationEventMulticaster$ListenerRetriever
23:36:13.399 [main] INFO  o.e.r.instrumentation.EvoClassLoader - Keeping class: org.springframework.context.event.AbstractApplicationEventMulticaster$ListenerRetriever
23:36:13.399 [main] INFO  o.e.r.instrumentation.EvoClassLoader - Seeing class for first time: org.springframework.beans.factory.NoSuchBeanDefinitionException
23:36:13.399 [main] INFO  o.e.r.instrumentation.EvoClassLoader - Instrumenting class 'org.springframework.beans.factory.NoSuchBeanDefinitionException'.
23:36:13.399 [main] INFO  o.e.r.i.MethodCallReplacementClassAdapter - Adding mock interface to class org/springframework/beans/factory/NoSuchBeanDefinitionException
23:36:13.400 [main] INFO  o.e.r.i.MethodCallReplacementClassAdapter - No hashCode defined for: org/springframework/beans/factory/NoSuchBeanDefinitionException, superclass = org.springframework.beans.BeansException
23:36:13.400 [main] INFO  o.e.r.i.CreateClassResetClassAdapter - Creating brand-new static initializer in class org/springframework/beans/factory/NoSuchBeanDefinitionException
23:36:13.400 [main] DEBUG o.e.r.agent.TransformerForTests - Going to instrument: org.springframework.beans.factory.NoSuchBeanDefinitionException
23:36:13.400 [main] INFO  o.e.r.i.MethodCallReplacementClassAdapter - No hashCode defined for: org/springframework/beans/factory/NoSuchBeanDefinitionException, superclass = org.springframework.beans.BeansException
23:36:13.401 [main] INFO  o.e.r.instrumentation.EvoClassLoader - Seeing class for first time: org.springframework.beans.BeansException
23:36:13.401 [main] INFO  o.e.r.instrumentation.EvoClassLoader - Instrumenting class 'org.springframework.beans.BeansException'.
23:36:13.401 [main] INFO  o.e.r.i.MethodCallReplacementClassAdapter - Adding mock interface to class org/springframework/beans/BeansException
23:36:13.401 [main] INFO  o.e.r.i.CreateClassResetClassAdapter - Creating brand-new static initializer in class org/springframework/beans/BeansException
23:36:13.401 [main] DEBUG o.e.r.agent.TransformerForTests - Going to instrument: org.springframework.beans.BeansException
23:36:13.402 [main] INFO  o.e.r.instrumentation.EvoClassLoader - Seeing class for first time: org.springframework.core.NestedRuntimeException
23:36:13.402 [main] INFO  o.e.r.instrumentation.EvoClassLoader - Instrumenting class 'org.springframework.core.NestedRuntimeException'.
23:36:13.402 [main] INFO  o.e.r.i.MethodCallReplacementClassAdapter - Adding mock interface to class org/springframework/core/NestedRuntimeException
23:36:13.403 [main] INFO  o.e.r.i.CreateClassResetClassAdapter - Found static initializer in class org/springframework/core/NestedRuntimeException
23:36:13.403 [main] INFO  o.e.r.i.MethodCallReplacementClassAdapter - No hashCode defined for: org/springframework/core/NestedRuntimeException, superclass = java.lang.RuntimeException
23:36:13.403 [main] DEBUG o.e.r.agent.TransformerForTests - Going to instrument: org.springframework.core.NestedRuntimeException
23:36:13.404 [main] INFO  o.e.r.i.CreateClassResetClassAdapter - Found static initializer in class org/springframework/core/NestedRuntimeException
23:36:13.404 [main] INFO  o.e.r.i.MethodCallReplacementClassAdapter - No hashCode defined for: org/springframework/core/NestedRuntimeException, superclass = org.evosuite.runtime.mock.java.lang.MockRuntimeException
23:36:13.404 [main] INFO  o.e.r.instrumentation.EvoClassLoader - Error while loading class: java.lang.ClassFormatError: Duplicate method name&signature in class file org/springframework/core/NestedRuntimeException
23:36:13.404 [main] INFO  o.e.r.instrumentation.EvoClassLoader - Error while loading class: java.lang.NoClassDefFoundError: org/springframework/core/NestedRuntimeException
23:36:13.404 [main] INFO  o.e.r.instrumentation.EvoClassLoader - Error while loading class: java.lang.NoClassDefFoundError: org/springframework/beans/BeansException
23:36:13.404 [main] ERROR o.e.r.c.ClassStateSupport - Could not initialize org.springframework.context.event.AbstractApplicationEventMulticaster$ListenerRetriever: org/springframework/beans/factory/NoSuchBeanDefinitionException
23:36:13.404 [main] INFO  o.e.r.instrumentation.EvoClassLoader - Seeing class for first time: org.springframework.boot.context.event.ApplicationStartedEvent
23:36:13.404 [main] INFO  o.e.r.instrumentation.EvoClassLoader - Instrumenting class 'org.springframework.boot.context.event.ApplicationStartedEvent'.
23:36:13.405 [main] INFO  o.e.r.i.MethodCallReplacementClassAdapter - Adding mock interface to class org/springframework/boot/context/event/ApplicationStartedEvent
23:36:13.405 [main] INFO  o.e.r.i.MethodCallReplacementClassAdapter - No hashCode defined for: org/springframework/boot/context/event/ApplicationStartedEvent, superclass = org.springframework.boot.context.event.SpringApplicationEvent
23:36:13.405 [main] INFO  o.e.r.i.CreateClassResetClassAdapter - Creating brand-new static initializer in class org/springframework/boot/context/event/ApplicationStartedEvent
23:36:13.405 [main] DEBUG o.e.r.agent.TransformerForTests - Going to instrument: org.springframework.boot.context.event.ApplicationStartedEvent
23:36:13.405 [main] INFO  o.e.r.i.MethodCallReplacementClassAdapter - No hashCode defined for: org/springframework/boot/context/event/ApplicationStartedEvent, superclass = org.springframework.boot.context.event.SpringApplicationEvent
23:36:13.405 [main] INFO  o.e.r.instrumentation.EvoClassLoader - Keeping class: org.springframework.boot.context.event.ApplicationStartedEvent
23:36:13.406 [main] INFO  o.e.r.instrumentation.EvoClassLoader - Seeing class for first time: org.springframework.context.ApplicationEventPublisher
23:36:13.406 [main] INFO  o.e.r.instrumentation.EvoClassLoader - Instrumenting class 'org.springframework.context.ApplicationEventPublisher'.
23:36:13.406 [main] DEBUG o.e.r.agent.TransformerForTests - Going to instrument: org.springframework.context.ApplicationEventPublisher
23:36:13.407 [main] INFO  o.e.r.instrumentation.EvoClassLoader - Keeping class: org.springframework.context.ApplicationEventPublisher
23:36:13.407 [main] INFO  o.e.r.instrumentation.EvoClassLoader - Seeing class for first time: org.springframework.core.convert.support.NumberToNumberConverterFactory
23:36:13.407 [main] INFO  o.e.r.instrumentation.EvoClassLoader - Instrumenting class 'org.springframework.core.convert.support.NumberToNumberConverterFactory'.
23:36:13.407 [main] INFO  o.e.r.i.MethodCallReplacementClassAdapter - Adding mock interface to class org/springframework/core/convert/support/NumberToNumberConverterFactory
23:36:13.408 [main] INFO  o.e.r.i.MethodCallReplacementClassAdapter - No hashCode defined for: org/springframework/core/convert/support/NumberToNumberConverterFactory, superclass = java.lang.Object
23:36:13.408 [main] INFO  o.e.r.i.CreateClassResetClassAdapter - Creating brand-new static initializer in class org/springframework/core/convert/support/NumberToNumberConverterFactory
23:36:13.408 [main] DEBUG o.e.r.agent.TransformerForTests - Going to instrument: org.springframework.core.convert.support.NumberToNumberConverterFactory
23:36:13.408 [main] INFO  o.e.r.instrumentation.EvoClassLoader - Seeing class for first time: org.springframework.core.convert.converter.ConverterFactory
23:36:13.408 [main] INFO  o.e.r.instrumentation.EvoClassLoader - Instrumenting class 'org.springframework.core.convert.converter.ConverterFactory'.
23:36:13.409 [main] DEBUG o.e.r.agent.TransformerForTests - Going to instrument: org.springframework.core.convert.converter.ConverterFactory
23:36:13.409 [main] INFO  o.e.r.instrumentation.EvoClassLoader - Keeping class: org.springframework.core.convert.converter.ConverterFactory
23:36:13.409 [main] INFO  o.e.r.instrumentation.EvoClassLoader - Seeing class for first time: org.springframework.core.convert.converter.ConditionalConverter
23:36:13.409 [main] INFO  o.e.r.instrumentation.EvoClassLoader - Instrumenting class 'org.springframework.core.convert.converter.ConditionalConverter'.
23:36:13.410 [main] DEBUG o.e.r.agent.TransformerForTests - Going to instrument: org.springframework.core.convert.converter.ConditionalConverter
23:36:13.410 [main] INFO  o.e.r.instrumentation.EvoClassLoader - Keeping class: org.springframework.core.convert.converter.ConditionalConverter
23:36:13.410 [main] INFO  o.e.r.instrumentation.EvoClassLoader - Keeping class: org.springframework.core.convert.support.NumberToNumberConverterFactory
23:36:13.415 [main] INFO  o.e.r.instrumentation.EvoClassLoader - Seeing class for first time: org.springframework.util.ConcurrentReferenceHashMap$Segment$1
23:36:13.417 [main] INFO  o.e.r.instrumentation.EvoClassLoader - Instrumenting class 'org.springframework.util.ConcurrentReferenceHashMap$Segment$1'.
23:36:13.419 [main] INFO  o.e.r.i.MethodCallReplacementClassAdapter - Adding mock interface to class org/springframework/util/ConcurrentReferenceHashMap$Segment$1
23:36:13.419 [main] INFO  o.e.r.i.MethodCallReplacementClassAdapter - No hashCode defined for: org/springframework/util/ConcurrentReferenceHashMap$Segment$1, superclass = org.springframework.util.ConcurrentReferenceHashMap$Entries
23:36:13.419 [main] DEBUG o.e.r.agent.TransformerForTests - Going to instrument: org.springframework.util.ConcurrentReferenceHashMap$Segment$1
23:36:13.419 [main] INFO  o.e.r.i.MethodCallReplacementClassAdapter - No hashCode defined for: org/springframework/util/ConcurrentReferenceHashMap$Segment$1, superclass = org.springframework.util.ConcurrentReferenceHashMap$Entries
23:36:13.420 [main] INFO  o.e.r.instrumentation.EvoClassLoader - Seeing class for first time: org.springframework.util.ConcurrentReferenceHashMap$Entries
23:36:13.420 [main] INFO  o.e.r.instrumentation.EvoClassLoader - Instrumenting class 'org.springframework.util.ConcurrentReferenceHashMap$Entries'.
23:36:13.420 [main] INFO  o.e.r.i.MethodCallReplacementClassAdapter - Adding mock interface to class org/springframework/util/ConcurrentReferenceHashMap$Entries
23:36:13.420 [main] INFO  o.e.r.i.MethodCallReplacementClassAdapter - No hashCode defined for: org/springframework/util/ConcurrentReferenceHashMap$Entries, superclass = java.lang.Object
23:36:13.420 [main] INFO  o.e.r.i.CreateClassResetClassAdapter - Creating brand-new static initializer in class org/springframework/util/ConcurrentReferenceHashMap$Entries
23:36:13.421 [main] DEBUG o.e.r.agent.TransformerForTests - Going to instrument: org.springframework.util.ConcurrentReferenceHashMap$Entries
23:36:13.421 [main] INFO  o.e.r.instrumentation.EvoClassLoader - Keeping class: org.springframework.util.ConcurrentReferenceHashMap$Entries
23:36:13.421 [main] INFO  o.e.r.instrumentation.EvoClassLoader - Keeping class: org.springframework.util.ConcurrentReferenceHashMap$Segment$1
23:36:13.421 [main] INFO  o.e.r.instrumentation.EvoClassLoader - Seeing class for first time: org.springframework.boot.logging.logback.LogbackLoggingSystem
23:36:13.422 [main] INFO  o.e.r.instrumentation.EvoClassLoader - Instrumenting class 'org.springframework.boot.logging.logback.LogbackLoggingSystem'.
23:36:13.423 [main] INFO  o.e.r.i.MethodCallReplacementClassAdapter - Adding mock interface to class org/springframework/boot/logging/logback/LogbackLoggingSystem
23:36:13.424 [main] INFO  o.e.r.i.CreateClassResetClassAdapter - Found static initializer in class org/springframework/boot/logging/logback/LogbackLoggingSystem
23:36:13.424 [main] INFO  o.e.r.i.MethodCallReplacementClassAdapter - No hashCode defined for: org/springframework/boot/logging/logback/LogbackLoggingSystem, superclass = org.springframework.boot.logging.Slf4JLoggingSystem
23:36:13.424 [main] DEBUG o.e.r.agent.TransformerForTests - Going to instrument: org.springframework.boot.logging.logback.LogbackLoggingSystem
23:36:13.426 [main] INFO  o.e.r.i.CreateClassResetClassAdapter - Found static initializer in class org/springframework/boot/logging/logback/LogbackLoggingSystem
23:36:13.427 [main] INFO  o.e.r.i.MethodCallReplacementClassAdapter - No hashCode defined for: org/springframework/boot/logging/logback/LogbackLoggingSystem, superclass = org.springframework.boot.logging.Slf4JLoggingSystem
23:36:13.427 [main] INFO  o.e.r.instrumentation.EvoClassLoader - Error while loading class: java.lang.ClassFormatError: Duplicate method name&signature in class file org/springframework/boot/logging/logback/LogbackLoggingSystem
23:36:13.427 [main] ERROR o.e.r.c.ClassStateSupport - Could not initialize org.springframework.boot.logging.logback.LogbackLoggingSystem: Duplicate method name&signature in class file org/springframework/boot/logging/logback/LogbackLoggingSystem
23:36:13.427 [main] INFO  o.e.r.instrumentation.EvoClassLoader - Seeing class for first time: org.springframework.core.io.Resource
23:36:13.427 [main] INFO  o.e.r.instrumentation.EvoClassLoader - Instrumenting class 'org.springframework.core.io.Resource'.
23:36:13.428 [main] DEBUG o.e.r.agent.TransformerForTests - Going to instrument: org.springframework.core.io.Resource
23:36:13.428 [main] INFO  o.e.r.instrumentation.EvoClassLoader - Seeing class for first time: org.springframework.core.io.InputStreamSource
23:36:13.428 [main] INFO  o.e.r.instrumentation.EvoClassLoader - Instrumenting class 'org.springframework.core.io.InputStreamSource'.
23:36:13.434 [main] DEBUG o.e.r.agent.TransformerForTests - Going to instrument: org.springframework.core.io.InputStreamSource
23:36:13.437 [main] INFO  o.e.r.instrumentation.EvoClassLoader - Keeping class: org.springframework.core.io.InputStreamSource
23:36:13.438 [main] INFO  o.e.r.instrumentation.EvoClassLoader - Keeping class: org.springframework.core.io.Resource
23:36:13.438 [main] INFO  o.e.r.instrumentation.EvoClassLoader - Seeing class for first time: org.springframework.util.PropertyPlaceholderHelper
23:36:13.438 [main] INFO  o.e.r.instrumentation.EvoClassLoader - Instrumenting class 'org.springframework.util.PropertyPlaceholderHelper'.
23:36:13.439 [main] INFO  o.e.r.i.MethodCallReplacementClassAdapter - Adding mock interface to class org/springframework/util/PropertyPlaceholderHelper
23:36:13.441 [main] INFO  o.e.r.i.CreateClassResetClassAdapter - Found static initializer in class org/springframework/util/PropertyPlaceholderHelper
23:36:13.441 [main] INFO  o.e.r.i.MethodCallReplacementClassAdapter - No hashCode defined for: org/springframework/util/PropertyPlaceholderHelper, superclass = java.lang.Object
23:36:13.441 [main] DEBUG o.e.r.agent.TransformerForTests - Going to instrument: org.springframework.util.PropertyPlaceholderHelper
23:36:13.443 [main] INFO  o.e.r.i.CreateClassResetClassAdapter - Found static initializer in class org/springframework/util/PropertyPlaceholderHelper
23:36:13.443 [main] INFO  o.e.r.instrumentation.EvoClassLoader - Error while loading class: java.lang.ClassFormatError: Duplicate method name&signature in class file org/springframework/util/PropertyPlaceholderHelper
23:36:13.443 [main] ERROR o.e.r.c.ClassStateSupport - Could not initialize org.springframework.util.PropertyPlaceholderHelper: Duplicate method name&signature in class file org/springframework/util/PropertyPlaceholderHelper
23:36:13.443 [main] INFO  o.e.r.instrumentation.EvoClassLoader - Seeing class for first time: org.springframework.util.ClassUtils
23:36:13.443 [main] INFO  o.e.r.instrumentation.EvoClassLoader - Instrumenting class 'org.springframework.util.ClassUtils'.
23:36:13.445 [main] INFO  o.e.r.i.MethodCallReplacementClassAdapter - Adding mock interface to class org/springframework/util/ClassUtils
23:36:13.448 [main] INFO  o.e.r.i.CreateClassResetClassAdapter - Found static initializer in class org/springframework/util/ClassUtils
23:36:13.449 [main] INFO  o.e.r.i.MethodCallReplacementClassAdapter - No hashCode defined for: org/springframework/util/ClassUtils, superclass = java.lang.Object
23:36:13.449 [main] DEBUG o.e.r.agent.TransformerForTests - Going to instrument: org.springframework.util.ClassUtils
23:36:13.454 [main] INFO  o.e.r.i.CreateClassResetClassAdapter - Found static initializer in class org/springframework/util/ClassUtils
23:36:13.455 [main] INFO  o.e.r.instrumentation.EvoClassLoader - Error while loading class: java.lang.ClassFormatError: Duplicate method name&signature in class file org/springframework/util/ClassUtils
23:36:13.456 [main] INFO  o.e.r.instrumentation.EvoClassLoader - Seeing class for first time: org.springframework.core.SerializableTypeWrapper$DefaultTypeProvider
23:36:13.456 [main] INFO  o.e.r.instrumentation.EvoClassLoader - Instrumenting class 'org.springframework.core.SerializableTypeWrapper$DefaultTypeProvider'.
23:36:13.456 [main] INFO  o.e.r.i.MethodCallReplacementClassAdapter - Adding mock interface to class org/springframework/core/SerializableTypeWrapper$DefaultTypeProvider
23:36:13.456 [main] INFO  o.e.r.i.MethodCallReplacementClassAdapter - No hashCode defined for: org/springframework/core/SerializableTypeWrapper$DefaultTypeProvider, superclass = java.lang.Object
23:36:13.457 [main] INFO  o.e.r.i.CreateClassResetClassAdapter - Creating brand-new static initializer in class org/springframework/core/SerializableTypeWrapper$DefaultTypeProvider
23:36:13.457 [main] DEBUG o.e.r.agent.TransformerForTests - Going to instrument: org.springframework.core.SerializableTypeWrapper$DefaultTypeProvider
23:36:13.457 [main] INFO  o.e.r.instrumentation.EvoClassLoader - Seeing class for first time: org.springframework.core.SerializableTypeWrapper$TypeProvider
23:36:13.457 [main] INFO  o.e.r.instrumentation.EvoClassLoader - Instrumenting class 'org.springframework.core.SerializableTypeWrapper$TypeProvider'.
23:36:13.457 [main] DEBUG o.e.r.agent.TransformerForTests - Going to instrument: org.springframework.core.SerializableTypeWrapper$TypeProvider
23:36:13.458 [main] INFO  o.e.r.instrumentation.EvoClassLoader - Keeping class: org.springframework.core.SerializableTypeWrapper$TypeProvider
23:36:13.458 [main] INFO  o.e.r.instrumentation.EvoClassLoader - Keeping class: org.springframework.core.SerializableTypeWrapper$DefaultTypeProvider
23:36:13.458 [main] INFO  o.e.r.instrumentation.EvoClassLoader - Seeing class for first time: org.springframework.core.convert.support.ArrayToObjectConverter
23:36:13.458 [main] INFO  o.e.r.instrumentation.EvoClassLoader - Instrumenting class 'org.springframework.core.convert.support.ArrayToObjectConverter'.
23:36:13.462 [main] INFO  o.e.r.i.MethodCallReplacementClassAdapter - Adding mock interface to class org/springframework/core/convert/support/ArrayToObjectConverter
23:36:13.462 [main] INFO  o.e.r.i.MethodCallReplacementClassAdapter - No hashCode defined for: org/springframework/core/convert/support/ArrayToObjectConverter, superclass = java.lang.Object
23:36:13.462 [main] INFO  o.e.r.i.CreateClassResetClassAdapter - Creating brand-new static initializer in class org/springframework/core/convert/support/ArrayToObjectConverter
23:36:13.462 [main] DEBUG o.e.r.agent.TransformerForTests - Going to instrument: org.springframework.core.convert.support.ArrayToObjectConverter
23:36:13.463 [main] INFO  o.e.r.instrumentation.EvoClassLoader - Seeing class for first time: org.springframework.core.convert.converter.ConditionalGenericConverter
23:36:13.463 [main] INFO  o.e.r.instrumentation.EvoClassLoader - Instrumenting class 'org.springframework.core.convert.converter.ConditionalGenericConverter'.
23:36:13.463 [main] DEBUG o.e.r.agent.TransformerForTests - Going to instrument: org.springframework.core.convert.converter.ConditionalGenericConverter
23:36:13.464 [main] INFO  o.e.r.instrumentation.EvoClassLoader - Seeing class for first time: org.springframework.core.convert.converter.GenericConverter
23:36:13.464 [main] INFO  o.e.r.instrumentation.EvoClassLoader - Instrumenting class 'org.springframework.core.convert.converter.GenericConverter'.
23:36:13.464 [main] DEBUG o.e.r.agent.TransformerForTests - Going to instrument: org.springframework.core.convert.converter.GenericConverter
23:36:13.465 [main] INFO  o.e.r.instrumentation.EvoClassLoader - Keeping class: org.springframework.core.convert.converter.GenericConverter
23:36:13.465 [main] INFO  o.e.r.instrumentation.EvoClassLoader - Keeping class: org.springframework.core.convert.converter.ConditionalGenericConverter
23:36:13.465 [main] INFO  o.e.r.instrumentation.EvoClassLoader - Keeping class: org.springframework.core.convert.support.ArrayToObjectConverter
23:36:13.465 [main] INFO  o.e.r.instrumentation.EvoClassLoader - Seeing class for first time: org.springframework.format.Parser
23:36:13.465 [main] INFO  o.e.r.instrumentation.EvoClassLoader - Instrumenting class 'org.springframework.format.Parser'.
23:36:13.466 [main] DEBUG o.e.r.agent.TransformerForTests - Going to instrument: org.springframework.format.Parser
23:36:13.466 [main] INFO  o.e.r.instrumentation.EvoClassLoader - Keeping class: org.springframework.format.Parser
23:36:13.466 [main] INFO  o.e.r.instrumentation.EvoClassLoader - Seeing class for first time: org.springframework.core.convert.support.StringToBooleanConverter
23:36:13.466 [main] INFO  o.e.r.instrumentation.EvoClassLoader - Instrumenting class 'org.springframework.core.convert.support.StringToBooleanConverter'.
23:36:13.466 [main] INFO  o.e.r.i.MethodCallReplacementClassAdapter - Adding mock interface to class org/springframework/core/convert/support/StringToBooleanConverter
23:36:13.467 [main] INFO  o.e.r.i.CreateClassResetClassAdapter - Found static initializer in class org/springframework/core/convert/support/StringToBooleanConverter
23:36:13.468 [main] INFO  o.e.r.i.MethodCallReplacementClassAdapter - No hashCode defined for: org/springframework/core/convert/support/StringToBooleanConverter, superclass = java.lang.Object
23:36:13.468 [main] DEBUG o.e.r.agent.TransformerForTests - Going to instrument: org.springframework.core.convert.support.StringToBooleanConverter
23:36:13.469 [main] INFO  o.e.r.i.CreateClassResetClassAdapter - Found static initializer in class org/springframework/core/convert/support/StringToBooleanConverter
23:36:13.469 [main] INFO  o.e.r.instrumentation.EvoClassLoader - Error while loading class: java.lang.ClassFormatError: Duplicate method name&signature in class file org/springframework/core/convert/support/StringToBooleanConverter
23:36:13.469 [main] INFO  o.e.r.instrumentation.EvoClassLoader - Seeing class for first time: org.springframework.core.annotation.AnnotationUtils
23:36:13.469 [main] INFO  o.e.r.instrumentation.EvoClassLoader - Instrumenting class 'org.springframework.core.annotation.AnnotationUtils'.
23:36:13.472 [main] INFO  o.e.r.i.MethodCallReplacementClassAdapter - Adding mock interface to class org/springframework/core/annotation/AnnotationUtils
23:36:13.483 [main] INFO  o.e.r.i.CreateClassResetClassAdapter - Found static initializer in class org/springframework/core/annotation/AnnotationUtils
23:36:13.483 [main] INFO  o.e.r.i.MethodCallReplacementClassAdapter - No hashCode defined for: org/springframework/core/annotation/AnnotationUtils, superclass = java.lang.Object
23:36:13.483 [main] DEBUG o.e.r.agent.TransformerForTests - Going to instrument: org.springframework.core.annotation.AnnotationUtils
23:36:13.491 [main] INFO  o.e.r.i.CreateClassResetClassAdapter - Found static initializer in class org/springframework/core/annotation/AnnotationUtils
23:36:13.492 [main] INFO  o.e.r.instrumentation.EvoClassLoader - Error while loading class: java.lang.ClassFormatError: Duplicate method name&signature in class file org/springframework/core/annotation/AnnotationUtils
23:36:13.492 [main] ERROR o.e.r.c.ClassStateSupport - Could not initialize org.springframework.core.annotation.AnnotationUtils: Duplicate method name&signature in class file org/springframework/core/annotation/AnnotationUtils
23:36:13.492 [main] INFO  o.e.r.instrumentation.EvoClassLoader - Seeing class for first time: org.springframework.core.SerializableTypeWrapper$FieldTypeProvider
23:36:13.492 [main] INFO  o.e.r.instrumentation.EvoClassLoader - Instrumenting class 'org.springframework.core.SerializableTypeWrapper$FieldTypeProvider'.
23:36:13.493 [main] INFO  o.e.r.i.MethodCallReplacementClassAdapter - Adding mock interface to class org/springframework/core/SerializableTypeWrapper$FieldTypeProvider
23:36:13.494 [main] INFO  o.e.r.i.MethodCallReplacementClassAdapter - No hashCode defined for: org/springframework/core/SerializableTypeWrapper$FieldTypeProvider, superclass = java.lang.Object
23:36:13.495 [main] INFO  o.e.r.i.CreateClassResetClassAdapter - Creating brand-new static initializer in class org/springframework/core/SerializableTypeWrapper$FieldTypeProvider
23:36:13.495 [main] DEBUG o.e.r.agent.TransformerForTests - Going to instrument: org.springframework.core.SerializableTypeWrapper$FieldTypeProvider
23:36:13.497 [main] INFO  o.e.r.instrumentation.EvoClassLoader - Keeping class: org.springframework.core.SerializableTypeWrapper$FieldTypeProvider
23:36:13.497 [main] INFO  o.e.r.instrumentation.EvoClassLoader - Seeing class for first time: org.springframework.validation.DirectFieldBindingResult
23:36:13.497 [main] INFO  o.e.r.instrumentation.EvoClassLoader - Instrumenting class 'org.springframework.validation.DirectFieldBindingResult'.
23:36:13.498 [main] INFO  o.e.r.i.MethodCallReplacementClassAdapter - Adding mock interface to class org/springframework/validation/DirectFieldBindingResult
23:36:13.498 [main] INFO  o.e.r.i.MethodCallReplacementClassAdapter - No hashCode defined for: org/springframework/validation/DirectFieldBindingResult, superclass = org.springframework.validation.AbstractPropertyBindingResult
23:36:13.498 [main] INFO  o.e.r.i.CreateClassResetClassAdapter - Creating brand-new static initializer in class org/springframework/validation/DirectFieldBindingResult
23:36:13.498 [main] DEBUG o.e.r.agent.TransformerForTests - Going to instrument: org.springframework.validation.DirectFieldBindingResult
23:36:13.498 [main] INFO  o.e.r.i.MethodCallReplacementClassAdapter - No hashCode defined for: org/springframework/validation/DirectFieldBindingResult, superclass = org.springframework.validation.AbstractPropertyBindingResult
23:36:13.498 [main] INFO  o.e.r.instrumentation.EvoClassLoader - Seeing class for first time: org.springframework.validation.AbstractPropertyBindingResult
23:36:13.498 [main] INFO  o.e.r.instrumentation.EvoClassLoader - Instrumenting class 'org.springframework.validation.AbstractPropertyBindingResult'.
23:36:13.499 [main] INFO  o.e.r.i.MethodCallReplacementClassAdapter - Adding mock interface to class org/springframework/validation/AbstractPropertyBindingResult
23:36:13.500 [main] INFO  o.e.r.i.MethodCallReplacementClassAdapter - No hashCode defined for: org/springframework/validation/AbstractPropertyBindingResult, superclass = org.springframework.validation.AbstractBindingResult
23:36:13.500 [main] INFO  o.e.r.i.CreateClassResetClassAdapter - Creating brand-new static initializer in class org/springframework/validation/AbstractPropertyBindingResult
23:36:13.500 [main] DEBUG o.e.r.agent.TransformerForTests - Going to instrument: org.springframework.validation.AbstractPropertyBindingResult
23:36:13.501 [main] INFO  o.e.r.i.MethodCallReplacementClassAdapter - No hashCode defined for: org/springframework/validation/AbstractPropertyBindingResult, superclass = org.springframework.validation.AbstractBindingResult
23:36:13.501 [main] INFO  o.e.r.instrumentation.EvoClassLoader - Seeing class for first time: org.springframework.validation.AbstractBindingResult
23:36:13.501 [main] INFO  o.e.r.instrumentation.EvoClassLoader - Instrumenting class 'org.springframework.validation.AbstractBindingResult'.
23:36:13.502 [main] INFO  o.e.r.i.MethodCallReplacementClassAdapter - Adding mock interface to class org/springframework/validation/AbstractBindingResult
23:36:13.504 [main] INFO  o.e.r.i.CreateClassResetClassAdapter - Creating brand-new static initializer in class org/springframework/validation/AbstractBindingResult
23:36:13.504 [main] DEBUG o.e.r.agent.TransformerForTests - Going to instrument: org.springframework.validation.AbstractBindingResult
23:36:13.506 [main] INFO  o.e.r.instrumentation.EvoClassLoader - Seeing class for first time: org.springframework.validation.BindingResult
23:36:13.511 [main] INFO  o.e.r.instrumentation.EvoClassLoader - Instrumenting class 'org.springframework.validation.BindingResult'.
23:36:13.513 [main] DEBUG o.e.r.agent.TransformerForTests - Going to instrument: org.springframework.validation.BindingResult
23:36:13.513 [main] INFO  o.e.r.instrumentation.EvoClassLoader - Seeing class for first time: org.springframework.validation.Errors
23:36:13.513 [main] INFO  o.e.r.instrumentation.EvoClassLoader - Instrumenting class 'org.springframework.validation.Errors'.
23:36:13.514 [main] DEBUG o.e.r.agent.TransformerForTests - Going to instrument: org.springframework.validation.Errors
23:36:13.514 [main] INFO  o.e.r.instrumentation.EvoClassLoader - Keeping class: org.springframework.validation.Errors
23:36:13.514 [main] INFO  o.e.r.instrumentation.EvoClassLoader - Keeping class: org.springframework.validation.BindingResult
23:36:13.514 [main] INFO  o.e.r.instrumentation.EvoClassLoader - Seeing class for first time: org.springframework.validation.AbstractErrors
23:36:13.514 [main] INFO  o.e.r.instrumentation.EvoClassLoader - Instrumenting class 'org.springframework.validation.AbstractErrors'.
23:36:13.515 [main] INFO  o.e.r.i.MethodCallReplacementClassAdapter - Adding mock interface to class org/springframework/validation/AbstractErrors
23:36:13.516 [main] INFO  o.e.r.i.MethodCallReplacementClassAdapter - No hashCode defined for: org/springframework/validation/AbstractErrors, superclass = java.lang.Object
23:36:13.516 [main] INFO  o.e.r.i.CreateClassResetClassAdapter - Creating brand-new static initializer in class org/springframework/validation/AbstractErrors
23:36:13.517 [main] DEBUG o.e.r.agent.TransformerForTests - Going to instrument: org.springframework.validation.AbstractErrors
23:36:13.519 [main] INFO  o.e.r.instrumentation.EvoClassLoader - Keeping class: org.springframework.validation.AbstractErrors
23:36:13.519 [main] INFO  o.e.r.instrumentation.EvoClassLoader - Keeping class: org.springframework.validation.AbstractBindingResult
23:36:13.519 [main] INFO  o.e.r.instrumentation.EvoClassLoader - Keeping class: org.springframework.validation.AbstractPropertyBindingResult
23:36:13.519 [main] INFO  o.e.r.instrumentation.EvoClassLoader - Keeping class: org.springframework.validation.DirectFieldBindingResult
23:36:13.520 [main] INFO  o.e.r.instrumentation.EvoClassLoader - Seeing class for first time: org.springframework.validation.MessageCodesResolver
23:36:13.520 [main] INFO  o.e.r.instrumentation.EvoClassLoader - Instrumenting class 'org.springframework.validation.MessageCodesResolver'.
23:36:13.520 [main] DEBUG o.e.r.agent.TransformerForTests - Going to instrument: org.springframework.validation.MessageCodesResolver
23:36:13.521 [main] INFO  o.e.r.instrumentation.EvoClassLoader - Keeping class: org.springframework.validation.MessageCodesResolver
23:36:13.521 [main] INFO  o.e.r.instrumentation.EvoClassLoader - Seeing class for first time: org.springframework.validation.ObjectError
23:36:13.521 [main] INFO  o.e.r.instrumentation.EvoClassLoader - Instrumenting class 'org.springframework.validation.ObjectError'.
23:36:13.521 [main] INFO  o.e.r.i.MethodCallReplacementClassAdapter - Adding mock interface to class org/springframework/validation/ObjectError
23:36:13.522 [main] INFO  o.e.r.i.CreateClassResetClassAdapter - Creating brand-new static initializer in class org/springframework/validation/ObjectError
23:36:13.522 [main] DEBUG o.e.r.agent.TransformerForTests - Going to instrument: org.springframework.validation.ObjectError
23:36:13.522 [main] INFO  o.e.r.instrumentation.EvoClassLoader - Seeing class for first time: org.springframework.context.support.DefaultMessageSourceResolvable
23:36:13.522 [main] INFO  o.e.r.instrumentation.EvoClassLoader - Instrumenting class 'org.springframework.context.support.DefaultMessageSourceResolvable'.
23:36:13.529 [main] INFO  o.e.r.i.MethodCallReplacementClassAdapter - Adding mock interface to class org/springframework/context/support/DefaultMessageSourceResolvable
23:36:13.529 [main] INFO  o.e.r.i.CreateClassResetClassAdapter - Creating brand-new static initializer in class org/springframework/context/support/DefaultMessageSourceResolvable
23:36:13.529 [main] DEBUG o.e.r.agent.TransformerForTests - Going to instrument: org.springframework.context.support.DefaultMessageSourceResolvable
23:36:13.530 [main] INFO  o.e.r.instrumentation.EvoClassLoader - Seeing class for first time: org.springframework.context.MessageSourceResolvable
23:36:13.530 [main] INFO  o.e.r.instrumentation.EvoClassLoader - Instrumenting class 'org.springframework.context.MessageSourceResolvable'.
23:36:13.531 [main] DEBUG o.e.r.agent.TransformerForTests - Going to instrument: org.springframework.context.MessageSourceResolvable
23:36:13.531 [main] INFO  o.e.r.instrumentation.EvoClassLoader - Keeping class: org.springframework.context.MessageSourceResolvable
23:36:13.531 [main] INFO  o.e.r.instrumentation.EvoClassLoader - Keeping class: org.springframework.context.support.DefaultMessageSourceResolvable
23:36:13.531 [main] INFO  o.e.r.instrumentation.EvoClassLoader - Keeping class: org.springframework.validation.ObjectError
23:36:13.531 [main] INFO  o.e.r.instrumentation.EvoClassLoader - Seeing class for first time: org.springframework.validation.FieldError
23:36:13.531 [main] INFO  o.e.r.instrumentation.EvoClassLoader - Instrumenting class 'org.springframework.validation.FieldError'.
23:36:13.532 [main] INFO  o.e.r.i.MethodCallReplacementClassAdapter - Adding mock interface to class org/springframework/validation/FieldError
23:36:13.532 [main] INFO  o.e.r.i.CreateClassResetClassAdapter - Creating brand-new static initializer in class org/springframework/validation/FieldError
23:36:13.532 [main] DEBUG o.e.r.agent.TransformerForTests - Going to instrument: org.springframework.validation.FieldError
23:36:13.533 [main] INFO  o.e.r.instrumentation.EvoClassLoader - Keeping class: org.springframework.validation.FieldError
23:36:13.534 [main] INFO  o.e.r.instrumentation.EvoClassLoader - Seeing class for first time: org.springframework.beans.PropertyEditorRegistry
23:36:13.534 [main] INFO  o.e.r.instrumentation.EvoClassLoader - Instrumenting class 'org.springframework.beans.PropertyEditorRegistry'.
23:36:13.535 [main] DEBUG o.e.r.agent.TransformerForTests - Going to instrument: org.springframework.beans.PropertyEditorRegistry
23:36:13.535 [main] INFO  o.e.r.instrumentation.EvoClassLoader - Keeping class: org.springframework.beans.PropertyEditorRegistry
23:36:13.535 [main] INFO  o.e.r.instrumentation.EvoClassLoader - Seeing class for first time: org.springframework.util.StopWatch
23:36:13.535 [main] INFO  o.e.r.instrumentation.EvoClassLoader - Instrumenting class 'org.springframework.util.StopWatch'.
23:36:13.536 [main] INFO  o.e.r.i.MethodCallReplacementClassAdapter - Adding mock interface to class org/springframework/util/StopWatch
23:36:13.538 [main] INFO  o.e.r.i.MethodCallReplacementClassAdapter - No hashCode defined for: org/springframework/util/StopWatch, superclass = java.lang.Object
23:36:13.540 [main] INFO  o.e.r.i.CreateClassResetClassAdapter - Creating brand-new static initializer in class org/springframework/util/StopWatch
23:36:13.543 [main] DEBUG o.e.r.agent.TransformerForTests - Going to instrument: org.springframework.util.StopWatch
23:36:13.546 [main] INFO  o.e.r.instrumentation.EvoClassLoader - Keeping class: org.springframework.util.StopWatch
23:36:13.547 [main] INFO  o.e.r.instrumentation.EvoClassLoader - Seeing class for first time: org.springframework.core.PriorityOrdered
23:36:13.547 [main] INFO  o.e.r.instrumentation.EvoClassLoader - Instrumenting class 'org.springframework.core.PriorityOrdered'.
23:36:13.548 [main] DEBUG o.e.r.agent.TransformerForTests - Going to instrument: org.springframework.core.PriorityOrdered
23:36:13.548 [main] INFO  o.e.r.instrumentation.EvoClassLoader - Seeing class for first time: org.springframework.core.Ordered
23:36:13.548 [main] INFO  o.e.r.instrumentation.EvoClassLoader - Instrumenting class 'org.springframework.core.Ordered'.
23:36:13.549 [main] DEBUG o.e.r.agent.TransformerForTests - Going to instrument: org.springframework.core.Ordered
23:36:13.549 [main] INFO  o.e.r.instrumentation.EvoClassLoader - Keeping class: org.springframework.core.Ordered
23:36:13.549 [main] INFO  o.e.r.instrumentation.EvoClassLoader - Keeping class: org.springframework.core.PriorityOrdered
23:36:13.549 [main] INFO  o.e.r.instrumentation.EvoClassLoader - Seeing class for first time: org.springframework.core.convert.support.DefaultConversionService$Jsr310ConverterRegistrar
23:36:13.549 [main] INFO  o.e.r.instrumentation.EvoClassLoader - Instrumenting class 'org.springframework.core.convert.support.DefaultConversionService$Jsr310ConverterRegistrar'.
23:36:13.550 [main] INFO  o.e.r.i.MethodCallReplacementClassAdapter - Adding mock interface to class org/springframework/core/convert/support/DefaultConversionService$Jsr310ConverterRegistrar
23:36:13.550 [main] INFO  o.e.r.i.MethodCallReplacementClassAdapter - No hashCode defined for: org/springframework/core/convert/support/DefaultConversionService$Jsr310ConverterRegistrar, superclass = java.lang.Object
23:36:13.550 [main] INFO  o.e.r.i.CreateClassResetClassAdapter - Creating brand-new static initializer in class org/springframework/core/convert/support/DefaultConversionService$Jsr310ConverterRegistrar
23:36:13.550 [main] DEBUG o.e.r.agent.TransformerForTests - Going to instrument: org.springframework.core.convert.support.DefaultConversionService$Jsr310ConverterRegistrar
23:36:13.550 [main] INFO  o.e.r.instrumentation.EvoClassLoader - Keeping class: org.springframework.core.convert.support.DefaultConversionService$Jsr310ConverterRegistrar
23:36:13.551 [main] INFO  o.e.r.instrumentation.EvoClassLoader - Seeing class for first time: org.springframework.core.AttributeAccessor
23:36:13.551 [main] INFO  o.e.r.instrumentation.EvoClassLoader - Instrumenting class 'org.springframework.core.AttributeAccessor'.
23:36:13.551 [main] DEBUG o.e.r.agent.TransformerForTests - Going to instrument: org.springframework.core.AttributeAccessor
23:36:13.551 [main] INFO  o.e.r.instrumentation.EvoClassLoader - Keeping class: org.springframework.core.AttributeAccessor
23:36:13.552 [main] INFO  o.e.r.instrumentation.EvoClassLoader - Seeing class for first time: org.springframework.boot.SpringApplicationRunListeners
23:36:13.552 [main] INFO  o.e.r.instrumentation.EvoClassLoader - Instrumenting class 'org.springframework.boot.SpringApplicationRunListeners'.
23:36:13.552 [main] INFO  o.e.r.i.MethodCallReplacementClassAdapter - Adding mock interface to class org/springframework/boot/SpringApplicationRunListeners
23:36:13.553 [main] INFO  o.e.r.i.MethodCallReplacementClassAdapter - No hashCode defined for: org/springframework/boot/SpringApplicationRunListeners, superclass = java.lang.Object
23:36:13.553 [main] INFO  o.e.r.i.CreateClassResetClassAdapter - Creating brand-new static initializer in class org/springframework/boot/SpringApplicationRunListeners
23:36:13.553 [main] DEBUG o.e.r.agent.TransformerForTests - Going to instrument: org.springframework.boot.SpringApplicationRunListeners
23:36:13.553 [main] INFO  o.e.r.instrumentation.EvoClassLoader - Keeping class: org.springframework.boot.SpringApplicationRunListeners
23:36:13.554 [main] INFO  o.e.r.instrumentation.EvoClassLoader - Seeing class for first time: org.springframework.core.env.CommandLineArgs
23:36:13.554 [main] INFO  o.e.r.instrumentation.EvoClassLoader - Instrumenting class 'org.springframework.core.env.CommandLineArgs'.
23:36:13.555 [main] INFO  o.e.r.i.MethodCallReplacementClassAdapter - Adding mock interface to class org/springframework/core/env/CommandLineArgs
23:36:13.555 [main] INFO  o.e.r.i.MethodCallReplacementClassAdapter - No hashCode defined for: org/springframework/core/env/CommandLineArgs, superclass = java.lang.Object
23:36:13.555 [main] INFO  o.e.r.i.CreateClassResetClassAdapter - Creating brand-new static initializer in class org/springframework/core/env/CommandLineArgs
23:36:13.555 [main] DEBUG o.e.r.agent.TransformerForTests - Going to instrument: org.springframework.core.env.CommandLineArgs
23:36:13.556 [main] INFO  o.e.r.instrumentation.EvoClassLoader - Keeping class: org.springframework.core.env.CommandLineArgs
23:36:13.556 [main] INFO  o.e.r.instrumentation.EvoClassLoader - Seeing class for first time: org.springframework.beans.factory.support.BeanNameGenerator
23:36:13.556 [main] INFO  o.e.r.instrumentation.EvoClassLoader - Instrumenting class 'org.springframework.beans.factory.support.BeanNameGenerator'.
23:36:13.559 [main] DEBUG o.e.r.agent.TransformerForTests - Going to instrument: org.springframework.beans.factory.support.BeanNameGenerator
23:36:13.560 [main] INFO  o.e.r.instrumentation.EvoClassLoader - Keeping class: org.springframework.beans.factory.support.BeanNameGenerator
23:36:13.560 [main] INFO  o.e.r.instrumentation.EvoClassLoader - Seeing class for first time: org.springframework.boot.bind.RelaxedNames$Manipulation
23:36:13.560 [main] INFO  o.e.r.instrumentation.EvoClassLoader - Instrumenting class 'org.springframework.boot.bind.RelaxedNames$Manipulation'.
[...]
23:36:15.512 [main] INFO  o.e.r.i.MethodCallReplacementClassAdapter - No hashCode defined for: org/apache/commons/logging/LogFactory, superclass = java.lang.Object
23:36:15.512 [main] DEBUG o.e.r.agent.TransformerForTests - Going to instrument: org.apache.commons.logging.LogFactory
23:36:15.513 [main] INFO  o.e.r.i.CreateClassResetClassAdapter - Found static initializer in class org/apache/commons/logging/LogFactory
23:36:15.513 [main] INFO  o.e.r.instrumentation.EvoClassLoader - Error while loading class: java.lang.ClassFormatError: Duplicate method name&signature in class file org/apache/commons/logging/LogFactory
23:36:15.513 [main] INFO  o.e.r.instrumentation.EvoClassLoader - Seeing class for first time: org.springframework.boot.SpringBootBanner
23:36:15.513 [main] INFO  o.e.r.instrumentation.EvoClassLoader - Instrumenting class 'org.springframework.boot.SpringBootBanner'.
23:36:15.513 [main] INFO  o.e.r.i.MethodCallReplacementClassAdapter - Adding mock interface to class org/springframework/boot/SpringBootBanner
23:36:15.514 [main] INFO  o.e.r.i.CreateClassResetClassAdapter - Found static initializer in class org/springframework/boot/SpringBootBanner
23:36:15.514 [main] INFO  o.e.r.i.MethodCallReplacementClassAdapter - No hashCode defined for: org/springframework/boot/SpringBootBanner, superclass = java.lang.Object
23:36:15.514 [main] DEBUG o.e.r.agent.TransformerForTests - Going to instrument: org.springframework.boot.SpringBootBanner
23:36:15.514 [main] INFO  o.e.r.i.CreateClassResetClassAdapter - Found static initializer in class org/springframework/boot/SpringBootBanner
23:36:15.514 [main] INFO  o.e.r.instrumentation.EvoClassLoader - Error while loading class: java.lang.ClassFormatError: Duplicate method name&signature in class file org/springframework/boot/SpringBootBanner
23:36:15.514 [main] INFO  o.e.r.instrumentation.EvoClassLoader - Seeing class for first time: org.apache.commons.logging.impl.SLF4JLocationAwareLog
23:36:15.514 [main] INFO  o.e.r.instrumentation.EvoClassLoader - Instrumenting class 'org.apache.commons.logging.impl.SLF4JLocationAwareLog'.
23:36:15.515 [main] INFO  o.e.r.i.MethodCallReplacementClassAdapter - Adding mock interface to class org/apache/commons/logging/impl/SLF4JLocationAwareLog
23:36:15.515 [main] INFO  o.e.r.i.CreateClassResetClassAdapter - Found static initializer in class org/apache/commons/logging/impl/SLF4JLocationAwareLog
23:36:15.515 [main] INFO  o.e.r.i.MethodCallReplacementClassAdapter - No hashCode defined for: org/apache/commons/logging/impl/SLF4JLocationAwareLog, superclass = java.lang.Object
23:36:15.515 [main] DEBUG o.e.r.agent.TransformerForTests - Going to instrument: org.apache.commons.logging.impl.SLF4JLocationAwareLog
23:36:15.515 [main] INFO  o.e.r.i.CreateClassResetClassAdapter - Found static initializer in class org/apache/commons/logging/impl/SLF4JLocationAwareLog
23:36:15.515 [main] INFO  o.e.r.instrumentation.EvoClassLoader - Error while loading class: java.lang.ClassFormatError: Duplicate method name&signature in class file org/apache/commons/logging/impl/SLF4JLocationAwareLog
23:36:15.516 [main] INFO  o.e.r.instrumentation.EvoClassLoader - Seeing class for first time: org.springframework.boot.SpringBootExceptionHandler
23:36:15.516 [main] INFO  o.e.r.instrumentation.EvoClassLoader - Instrumenting class 'org.springframework.boot.SpringBootExceptionHandler'.
23:36:15.516 [main] INFO  o.e.r.i.MethodCallReplacementClassAdapter - Adding mock interface to class org/springframework/boot/SpringBootExceptionHandler
23:36:15.517 [main] INFO  o.e.r.i.CreateClassResetClassAdapter - Found static initializer in class org/springframework/boot/SpringBootExceptionHandler
23:36:15.517 [main] INFO  o.e.r.i.MethodCallReplacementClassAdapter - No hashCode defined for: org/springframework/boot/SpringBootExceptionHandler, superclass = java.lang.Object
23:36:15.517 [main] DEBUG o.e.r.agent.TransformerForTests - Going to instrument: org.springframework.boot.SpringBootExceptionHandler
23:36:15.517 [main] INFO  o.e.r.i.CreateClassResetClassAdapter - Found static initializer in class org/springframework/boot/SpringBootExceptionHandler
23:36:15.518 [main] INFO  o.e.r.instrumentation.EvoClassLoader - Error while loading class: java.lang.ClassFormatError: Duplicate method name&signature in class file org/springframework/boot/SpringBootExceptionHandler
23:36:15.518 [main] INFO  o.e.r.instrumentation.EvoClassLoader - Seeing class for first time: org.springframework.boot.Banner$Mode
23:36:15.518 [main] INFO  o.e.r.instrumentation.EvoClassLoader - Instrumenting class 'org.springframework.boot.Banner$Mode'.
23:36:15.518 [main] INFO  o.e.r.i.MethodCallReplacementClassAdapter - Adding mock interface to class org/springframework/boot/Banner$Mode
23:36:15.518 [main] INFO  o.e.r.i.CreateClassResetClassAdapter - Found static initializer in class org/springframework/boot/Banner$Mode
23:36:15.518 [main] INFO  o.e.r.i.MethodCallReplacementClassAdapter - No hashCode defined for: org/springframework/boot/Banner$Mode, superclass = java.lang.Enum
23:36:15.518 [main] DEBUG o.e.r.agent.TransformerForTests - Going to instrument: org.springframework.boot.Banner$Mode
23:36:15.518 [main] INFO  o.e.r.i.CreateClassResetClassAdapter - Found static initializer in class org/springframework/boot/Banner$Mode
23:36:15.518 [main] INFO  o.e.r.i.MethodCallReplacementClassAdapter - No hashCode defined for: org/springframework/boot/Banner$Mode, superclass = java.lang.Enum
23:36:15.518 [main] INFO  o.e.r.instrumentation.EvoClassLoader - Error while loading class: java.lang.ClassFormatError: Duplicate method name&signature in class file org/springframework/boot/Banner$Mode
23:36:15.518 [main] INFO  o.e.r.instrumentation.EvoClassLoader - Seeing class for first time: org.springframework.util.ClassUtils
23:36:15.519 [main] INFO  o.e.r.instrumentation.EvoClassLoader - Instrumenting class 'org.springframework.util.ClassUtils'.
23:36:15.519 [main] INFO  o.e.r.i.MethodCallReplacementClassAdapter - Adding mock interface to class org/springframework/util/ClassUtils
23:36:15.522 [main] INFO  o.e.r.i.CreateClassResetClassAdapter - Found static initializer in class org/springframework/util/ClassUtils
23:36:15.523 [main] INFO  o.e.r.i.MethodCallReplacementClassAdapter - No hashCode defined for: org/springframework/util/ClassUtils, superclass = java.lang.Object
23:36:15.523 [main] DEBUG o.e.r.agent.TransformerForTests - Going to instrument: org.springframework.util.ClassUtils
23:36:15.527 [main] INFO  o.e.r.i.CreateClassResetClassAdapter - Found static initializer in class org/springframework/util/ClassUtils
23:36:15.528 [main] INFO  o.e.r.instrumentation.EvoClassLoader - Error while loading class: java.lang.ClassFormatError: Duplicate method name&signature in class file org/springframework/util/ClassUtils
23:36:15.528 [main] INFO  o.e.r.instrumentation.EvoClassLoader - Seeing class for first time: org.springframework.core.io.support.SpringFactoriesLoader
23:36:15.528 [main] INFO  o.e.r.instrumentation.EvoClassLoader - Instrumenting class 'org.springframework.core.io.support.SpringFactoriesLoader'.
23:36:15.529 [main] INFO  o.e.r.i.MethodCallReplacementClassAdapter - Adding mock interface to class org/springframework/core/io/support/SpringFactoriesLoader
23:36:15.530 [main] INFO  o.e.r.i.CreateClassResetClassAdapter - Found static initializer in class org/springframework/core/io/support/SpringFactoriesLoader
23:36:15.530 [main] INFO  o.e.r.i.MethodCallReplacementClassAdapter - No hashCode defined for: org/springframework/core/io/support/SpringFactoriesLoader, superclass = java.lang.Object
23:36:15.530 [main] DEBUG o.e.r.agent.TransformerForTests - Going to instrument: org.springframework.core.io.support.SpringFactoriesLoader
23:36:15.531 [main] INFO  o.e.r.i.CreateClassResetClassAdapter - Found static initializer in class org/springframework/core/io/support/SpringFactoriesLoader
23:36:15.531 [main] INFO  o.e.r.instrumentation.EvoClassLoader - Error while loading class: java.lang.ClassFormatError: Duplicate method name&signature in class file org/springframework/core/io/support/SpringFactoriesLoader
]]></system-out>
  </testcase>
  <testcase name="test0" classname="com.rickhanberryfinal.HanberryFinalProjectApplication_ESTest" time="0">
    <error message="org/springframework/boot/SpringApplication" type="java.lang.NoClassDefFoundError">java.lang.NoClassDefFoundError: org/springframework/boot/SpringApplication
	at com.rickhanberryfinal.HanberryFinalProjectApplication.main(HanberryFinalProjectApplication.java:10)
	at com.rickhanberryfinal.HanberryFinalProjectApplication_ESTest.test0(HanberryFinalProjectApplication_ESTest.java:29)
</error>
    <system-out><![CDATA[23:36:15.546 [main] INFO  o.e.r.instrumentation.EvoClassLoader - Seeing class for first time: org.apache.commons.logging.impl.SLF4JLogFactory
23:36:15.546 [main] INFO  o.e.r.instrumentation.EvoClassLoader - Instrumenting class 'org.apache.commons.logging.impl.SLF4JLogFactory'.
23:36:15.546 [main] INFO  o.e.r.i.MethodCallReplacementClassAdapter - Adding mock interface to class org/apache/commons/logging/impl/SLF4JLogFactory
23:36:15.548 [main] INFO  o.e.r.i.MethodCallReplacementClassAdapter - No hashCode defined for: org/apache/commons/logging/impl/SLF4JLogFactory, superclass = org.apache.commons.logging.LogFactory
23:36:15.548 [main] INFO  o.e.r.i.CreateClassResetClassAdapter - Creating brand-new static initializer in class org/apache/commons/logging/impl/SLF4JLogFactory
23:36:15.548 [main] INFO  o.e.r.i.CreateClassResetClassAdapter - Adding bytecode for initializing field LOG_PROPERTY
23:36:15.548 [main] DEBUG o.e.r.agent.TransformerForTests - Going to instrument: org.apache.commons.logging.impl.SLF4JLogFactory
23:36:15.550 [main] INFO  o.e.r.i.MethodCallReplacementClassAdapter - No hashCode defined for: org/apache/commons/logging/impl/SLF4JLogFactory, superclass = org.apache.commons.logging.LogFactory
23:36:15.550 [main] INFO  o.e.r.instrumentation.EvoClassLoader - Seeing class for first time: org.apache.commons.logging.LogFactory
23:36:15.550 [main] INFO  o.e.r.instrumentation.EvoClassLoader - Instrumenting class 'org.apache.commons.logging.LogFactory'.
23:36:15.550 [main] INFO  o.e.r.i.MethodCallReplacementClassAdapter - Adding mock interface to class org/apache/commons/logging/LogFactory
23:36:15.550 [main] INFO  o.e.r.i.CreateClassResetClassAdapter - Found static initializer in class org/apache/commons/logging/LogFactory
23:36:15.550 [main] INFO  o.e.r.i.MethodCallReplacementClassAdapter - No hashCode defined for: org/apache/commons/logging/LogFactory, superclass = java.lang.Object
23:36:15.551 [main] DEBUG o.e.r.agent.TransformerForTests - Going to instrument: org.apache.commons.logging.LogFactory
23:36:15.551 [main] INFO  o.e.r.i.CreateClassResetClassAdapter - Found static initializer in class org/apache/commons/logging/LogFactory
23:36:15.551 [main] INFO  o.e.r.instrumentation.EvoClassLoader - Error while loading class: java.lang.ClassFormatError: Duplicate method name&signature in class file org/apache/commons/logging/LogFactory
23:36:15.551 [main] INFO  o.e.r.instrumentation.EvoClassLoader - Error while loading class: java.lang.NoClassDefFoundError: org/apache/commons/logging/LogFactory
23:36:15.551 [main] INFO  o.e.r.instrumentation.EvoClassLoader - Seeing class for first time: org.apache.commons.logging.LogFactory
23:36:15.551 [main] INFO  o.e.r.instrumentation.EvoClassLoader - Instrumenting class 'org.apache.commons.logging.LogFactory'.
23:36:15.552 [main] INFO  o.e.r.i.MethodCallReplacementClassAdapter - Adding mock interface to class org/apache/commons/logging/LogFactory
23:36:15.552 [main] INFO  o.e.r.i.CreateClassResetClassAdapter - Found static initializer in class org/apache/commons/logging/LogFactory
23:36:15.552 [main] INFO  o.e.r.i.MethodCallReplacementClassAdapter - No hashCode defined for: org/apache/commons/logging/LogFactory, superclass = java.lang.Object
23:36:15.552 [main] DEBUG o.e.r.agent.TransformerForTests - Going to instrument: org.apache.commons.logging.LogFactory
23:36:15.552 [main] INFO  o.e.r.i.CreateClassResetClassAdapter - Found static initializer in class org/apache/commons/logging/LogFactory
23:36:15.552 [main] INFO  o.e.r.instrumentation.EvoClassLoader - Error while loading class: java.lang.ClassFormatError: Duplicate method name&signature in class file org/apache/commons/logging/LogFactory
23:36:15.553 [main] INFO  o.e.r.instrumentation.EvoClassLoader - Seeing class for first time: org.springframework.boot.SpringBootBanner
23:36:15.553 [main] INFO  o.e.r.instrumentation.EvoClassLoader - Instrumenting class 'org.springframework.boot.SpringBootBanner'.
23:36:15.553 [main] INFO  o.e.r.i.MethodCallReplacementClassAdapter - Adding mock interface to class org/springframework/boot/SpringBootBanner
23:36:15.553 [main] INFO  o.e.r.i.CreateClassResetClassAdapter - Found static initializer in class org/springframework/boot/SpringBootBanner
23:36:15.553 [main] INFO  o.e.r.i.MethodCallReplacementClassAdapter - No hashCode defined for: org/springframework/boot/SpringBootBanner, superclass = java.lang.Object
23:36:15.553 [main] DEBUG o.e.r.agent.TransformerForTests - Going to instrument: org.springframework.boot.SpringBootBanner
23:36:15.553 [main] INFO  o.e.r.i.CreateClassResetClassAdapter - Found static initializer in class org/springframework/boot/SpringBootBanner
23:36:15.554 [main] INFO  o.e.r.instrumentation.EvoClassLoader - Error while loading class: java.lang.ClassFormatError: Duplicate method name&signature in class file org/springframework/boot/SpringBootBanner
23:36:15.554 [main] INFO  o.e.r.instrumentation.EvoClassLoader - Seeing class for first time: org.apache.commons.logging.impl.SLF4JLocationAwareLog
23:36:15.554 [main] INFO  o.e.r.instrumentation.EvoClassLoader - Instrumenting class 'org.apache.commons.logging.impl.SLF4JLocationAwareLog'.
23:36:15.554 [main] INFO  o.e.r.i.MethodCallReplacementClassAdapter - Adding mock interface to class org/apache/commons/logging/impl/SLF4JLocationAwareLog
23:36:15.554 [main] INFO  o.e.r.i.CreateClassResetClassAdapter - Found static initializer in class org/apache/commons/logging/impl/SLF4JLocationAwareLog
23:36:15.554 [main] INFO  o.e.r.i.MethodCallReplacementClassAdapter - No hashCode defined for: org/apache/commons/logging/impl/SLF4JLocationAwareLog, superclass = java.lang.Object
23:36:15.554 [main] DEBUG o.e.r.agent.TransformerForTests - Going to instrument: org.apache.commons.logging.impl.SLF4JLocationAwareLog
23:36:15.561 [main] INFO  o.e.r.i.CreateClassResetClassAdapter - Found static initializer in class org/apache/commons/logging/impl/SLF4JLocationAwareLog
23:36:15.563 [main] INFO  o.e.r.instrumentation.EvoClassLoader - Error while loading class: java.lang.ClassFormatError: Duplicate method name&signature in class file org/apache/commons/logging/impl/SLF4JLocationAwareLog
23:36:15.563 [main] INFO  o.e.r.instrumentation.EvoClassLoader - Seeing class for first time: org.springframework.boot.SpringBootExceptionHandler
23:36:15.563 [main] INFO  o.e.r.instrumentation.EvoClassLoader - Instrumenting class 'org.springframework.boot.SpringBootExceptionHandler'.
23:36:15.564 [main] INFO  o.e.r.i.MethodCallReplacementClassAdapter - Adding mock interface to class org/springframework/boot/SpringBootExceptionHandler
23:36:15.564 [main] INFO  o.e.r.i.CreateClassResetClassAdapter - Found static initializer in class org/springframework/boot/SpringBootExceptionHandler
23:36:15.564 [main] INFO  o.e.r.i.MethodCallReplacementClassAdapter - No hashCode defined for: org/springframework/boot/SpringBootExceptionHandler, superclass = java.lang.Object
23:36:15.564 [main] DEBUG o.e.r.agent.TransformerForTests - Going to instrument: org.springframework.boot.SpringBootExceptionHandler
23:36:15.565 [main] INFO  o.e.r.i.CreateClassResetClassAdapter - Found static initializer in class org/springframework/boot/SpringBootExceptionHandler
23:36:15.565 [main] INFO  o.e.r.instrumentation.EvoClassLoader - Error while loading class: java.lang.ClassFormatError: Duplicate method name&signature in class file org/springframework/boot/SpringBootExceptionHandler
23:36:15.565 [main] INFO  o.e.r.instrumentation.EvoClassLoader - Seeing class for first time: org.springframework.boot.Banner$Mode
23:36:15.565 [main] INFO  o.e.r.instrumentation.EvoClassLoader - Instrumenting class 'org.springframework.boot.Banner$Mode'.
23:36:15.565 [main] INFO  o.e.r.i.MethodCallReplacementClassAdapter - Adding mock interface to class org/springframework/boot/Banner$Mode
23:36:15.565 [main] INFO  o.e.r.i.CreateClassResetClassAdapter - Found static initializer in class org/springframework/boot/Banner$Mode
23:36:15.565 [main] INFO  o.e.r.i.MethodCallReplacementClassAdapter - No hashCode defined for: org/springframework/boot/Banner$Mode, superclass = java.lang.Enum
23:36:15.566 [main] DEBUG o.e.r.agent.TransformerForTests - Going to instrument: org.springframework.boot.Banner$Mode
23:36:15.566 [main] INFO  o.e.r.i.CreateClassResetClassAdapter - Found static initializer in class org/springframework/boot/Banner$Mode
23:36:15.566 [main] INFO  o.e.r.i.MethodCallReplacementClassAdapter - No hashCode defined for: org/springframework/boot/Banner$Mode, superclass = java.lang.Enum
23:36:15.566 [main] INFO  o.e.r.instrumentation.EvoClassLoader - Error while loading class: java.lang.ClassFormatError: Duplicate method name&signature in class file org/springframework/boot/Banner$Mode
23:36:15.566 [main] INFO  o.e.r.instrumentation.EvoClassLoader - Seeing class for first time: org.springframework.util.ClassUtils
23:36:15.566 [main] INFO  o.e.r.instrumentation.EvoClassLoader - Instrumenting class 'org.springframework.util.ClassUtils'.
23:36:15.567 [main] INFO  o.e.r.i.MethodCallReplacementClassAdapter - Adding mock interface to class org/springframework/util/ClassUtils
23:36:15.570 [main] INFO  o.e.r.i.CreateClassResetClassAdapter - Found static initializer in class org/springframework/util/ClassUtils
23:36:15.572 [main] INFO  o.e.r.i.MethodCallReplacementClassAdapter - No hashCode defined for: org/springframework/util/ClassUtils, superclass = java.lang.Object
23:36:15.572 [main] DEBUG o.e.r.agent.TransformerForTests - Going to instrument: org.springframework.util.ClassUtils
23:36:15.576 [main] INFO  o.e.r.i.CreateClassResetClassAdapter - Found static initializer in class org/springframework/util/ClassUtils
23:36:15.577 [main] INFO  o.e.r.instrumentation.EvoClassLoader - Error while loading class: java.lang.ClassFormatError: Duplicate method name&signature in class file org/springframework/util/ClassUtils
23:36:15.577 [main] INFO  o.e.r.instrumentation.EvoClassLoader - Seeing class for first time: org.springframework.core.io.support.SpringFactoriesLoader
23:36:15.577 [main] INFO  o.e.r.instrumentation.EvoClassLoader - Instrumenting class 'org.springframework.core.io.support.SpringFactoriesLoader'.
23:36:15.580 [main] INFO  o.e.r.i.MethodCallReplacementClassAdapter - Adding mock interface to class org/springframework/core/io/support/SpringFactoriesLoader
23:36:15.581 [main] INFO  o.e.r.i.CreateClassResetClassAdapter - Found static initializer in class org/springframework/core/io/support/SpringFactoriesLoader
23:36:15.581 [main] INFO  o.e.r.i.MethodCallReplacementClassAdapter - No hashCode defined for: org/springframework/core/io/support/SpringFactoriesLoader, superclass = java.lang.Object
23:36:15.581 [main] DEBUG o.e.r.agent.TransformerForTests - Going to instrument: org.springframework.core.io.support.SpringFactoriesLoader
23:36:15.582 [main] INFO  o.e.r.i.CreateClassResetClassAdapter - Found static initializer in class org/springframework/core/io/support/SpringFactoriesLoader
23:36:15.583 [main] INFO  o.e.r.instrumentation.EvoClassLoader - Error while loading class: java.lang.ClassFormatError: Duplicate method name&signature in class file org/springframework/core/io/support/SpringFactoriesLoader
]]></system-out>
  </testcase>
</testsuite>